{"meta": {"format": 3, "version": "7.10.7", "timestamp": "2025-10-08T17:13:23.241977", "branch_coverage": false, "show_contexts": false}, "files": {"src/autoresearch/__init__.py": {"executed_lines": [1, 11, 12, 13, 14, 15, 17, 18, 19, 23, 24, 29, 31, 44, 58, 71, 73, 82], "summary": {"covered_lines": 13, "num_statements": 16, "percent_covered": 81.25, "percent_covered_display": "81", "missing_lines": 3, "excluded_lines": 14}, "missing_lines": [79, 80, 81], "excluded_lines": [17, 18, 19, 20, 21, 25, 26, 31, 32, 74, 75, 76, 77, 78], "functions": {"__getattr__": {"executed_lines": [73, 82], "summary": {"covered_lines": 2, "num_statements": 5, "percent_covered": 40.0, "percent_covered_display": "40", "missing_lines": 3, "excluded_lines": 5}, "missing_lines": [79, 80, 81], "excluded_lines": [74, 75, 76, 77, 78]}, "": {"executed_lines": [1, 11, 12, 13, 14, 15, 17, 18, 19, 23, 24, 29, 31, 44, 58, 71], "summary": {"covered_lines": 11, "num_statements": 11, "percent_covered": 100.0, "percent_covered_display": "100", "missing_lines": 0, "excluded_lines": 9}, "missing_lines": [], "excluded_lines": [17, 18, 19, 20, 21, 25, 26, 31, 32]}}, "classes": {"": {"executed_lines": [1, 11, 12, 13, 14, 15, 17, 18, 19, 23, 24, 29, 31, 44, 58, 71, 73, 82], "summary": {"covered_lines": 13, "num_statements": 16, "percent_covered": 81.25, "percent_covered_display": "81", "missing_lines": 3, "excluded_lines": 14}, "missing_lines": [79, 80, 81], "excluded_lines": [17, 18, 19, 20, 21, 25, 26, 31, 32, 74, 75, 76, 77, 78]}}}, "src/autoresearch/__main__.py": {"executed_lines": [1, 3, 5, 7, 9], "summary": {"covered_lines": 4, "num_statements": 6, "percent_covered": 66.66666666666667, "percent_covered_display": "67", "missing_lines": 2, "excluded_lines": 0}, "missing_lines": [10, 11], "excluded_lines": [], "functions": {"": {"executed_lines": [1, 3, 5, 7, 9], "summary": {"covered_lines": 4, "num_statements": 6, "percent_covered": 66.66666666666667, "percent_covered_display": "67", "missing_lines": 2, "excluded_lines": 0}, "missing_lines": [10, 11], "excluded_lines": []}}, "classes": {"": {"executed_lines": [1, 3, 5, 7, 9], "summary": {"covered_lines": 4, "num_statements": 6, "percent_covered": 66.66666666666667, "percent_covered_display": "67", "missing_lines": 2, "excluded_lines": 0}, "missing_lines": [10, 11], "excluded_lines": []}}}, "src/autoresearch/a2a_interface.py": {"executed_lines": [1, 8, 10, 11, 12, 13, 14, 15, 16, 31, 33, 34, 35, 36, 38, 39, 40, 41, 42, 44, 48, 49, 51, 53, 57, 66, 67, 68, 70, 72, 73, 76, 79, 80, 82, 83, 85, 88, 89, 91, 92, 94, 97, 98, 100, 103, 104, 106, 109, 111, 112, 113, 114, 115, 116, 117, 120, 121, 123, 132, 133, 135, 136, 137, 138, 141, 142, 144, 145, 146, 149, 150, 151, 157, 164, 165, 166, 167, 168, 169, 172, 175, 178, 179, 180, 181, 184, 185, 186, 187, 190, 193, 196, 199, 205, 214, 220, 223, 227, 233, 237, 240, 247, 248, 251, 262, 263, 264, 266, 267, 268, 269, 270, 271, 273, 274, 276, 278, 279, 281, 282, 283, 284, 286, 287, 289, 296, 319, 335, 368, 377, 378, 380, 392, 398, 399, 400, 401, 402, 403, 406, 407, 408, 410, 412, 413, 415, 417, 418, 420, 429, 430, 431, 432, 434, 437, 440, 442, 444, 448, 450, 451, 454, 457, 459, 468, 469, 470, 471, 472, 473, 474, 475, 478, 482, 483, 484, 485, 486, 487, 488, 489, 490, 491, 493, 505, 514, 516, 518, 529, 531, 536, 548, 554, 555, 557, 563, 564, 565, 567, 576, 577, 578, 579, 580, 581, 582, 583, 584, 586, 587, 588, 589, 592, 593, 595, 601, 607, 609, 626, 636, 637, 640, 642, 643, 644, 646, 647, 648, 649, 650, 660, 669, 670, 673, 675, 679, 680, 681, 689, 698, 699, 702, 704, 708, 709, 710, 718, 728, 729, 733, 735, 739, 740, 741, 751, 754, 757, 767, 770, 780, 781, 782, 783, 784, 786], "summary": {"covered_lines": 235, "num_statements": 331, "percent_covered": 70.99697885196375, "percent_covered_display": "71", "missing_lines": 96, "excluded_lines": 54}, "missing_lines": [208, 217, 224, 258, 259, 290, 291, 292, 293, 294, 316, 317, 322, 323, 324, 325, 326, 327, 328, 329, 331, 332, 333, 338, 340, 350, 351, 357, 358, 360, 361, 363, 364, 365, 366, 371, 372, 373, 374, 393, 433, 435, 476, 479, 494, 496, 497, 500, 503, 537, 539, 540, 543, 546, 602, 612, 613, 614, 615, 616, 620, 622, 623, 624, 651, 652, 653, 654, 655, 656, 657, 658, 676, 677, 682, 683, 684, 685, 686, 687, 705, 706, 711, 712, 713, 714, 715, 716, 736, 737, 742, 743, 744, 745, 746, 747], "excluded_lines": [48, 49, 51, 53, 54, 55, 57, 58, 59, 72, 73, 74, 75, 76, 77, 78, 84, 85, 86, 87, 93, 94, 95, 96, 99, 100, 101, 102, 105, 106, 107, 108, 123, 124, 125, 126, 127, 128, 129, 130, 131, 149, 150, 151, 157, 161, 162, 342, 343, 344, 345, 346, 347, 348], "functions": {"ASGIApplication.__call__": {"executed_lines": [], "summary": {"covered_lines": 0, "num_statements": 0, "percent_covered": 100.0, "percent_covered_display": "100", "missing_lines": 0, "excluded_lines": 1}, "missing_lines": [], "excluded_lines": [129]}, "_require_runtime_cls": {"executed_lines": [179, 180, 181], "summary": {"covered_lines": 3, "num_statements": 3, "percent_covered": 100.0, "percent_covered_display": "100", "missing_lines": 0, "excluded_lines": 0}, "missing_lines": [], "excluded_lines": []}, "_require_runtime_fn": {"executed_lines": [185, 186, 187], "summary": {"covered_lines": 3, "num_statements": 3, "percent_covered": 100.0, "percent_covered_display": "100", "missing_lines": 0, "excluded_lines": 0}, "missing_lines": [], "excluded_lines": []}, "get_message_model_cls": {"executed_lines": [193], "summary": {"covered_lines": 1, "num_statements": 1, "percent_covered": 100.0, "percent_covered_display": "100", "missing_lines": 0, "excluded_lines": 0}, "missing_lines": [], "excluded_lines": []}, "get_message_send_params_cls": {"executed_lines": [199], "summary": {"covered_lines": 1, "num_statements": 1, "percent_covered": 100.0, "percent_covered_display": "100", "missing_lines": 0, "excluded_lines": 0}, "missing_lines": [], "excluded_lines": []}, "get_send_message_request_cls": {"executed_lines": [], "summary": {"covered_lines": 0, "num_statements": 1, "percent_covered": 0.0, "percent_covered_display": "0", "missing_lines": 1, "excluded_lines": 0}, "missing_lines": [208], "excluded_lines": []}, "get_sdk_client_cls": {"executed_lines": [], "summary": {"covered_lines": 0, "num_statements": 1, "percent_covered": 0.0, "percent_covered_display": "0", "missing_lines": 1, "excluded_lines": 0}, "missing_lines": [217], "excluded_lines": []}, "get_message_text": {"executed_lines": [223], "summary": {"covered_lines": 1, "num_statements": 2, "percent_covered": 50.0, "percent_covered_display": "50", "missing_lines": 1, "excluded_lines": 0}, "missing_lines": [224], "excluded_lines": []}, "new_agent_text_message": {"executed_lines": [233, 237], "summary": {"covered_lines": 2, "num_statements": 2, "percent_covered": 100.0, "percent_covered_display": "100", "missing_lines": 0, "excluded_lines": 0}, "missing_lines": [], "excluded_lines": []}, "create_message_send_params": {"executed_lines": [247, 248], "summary": {"covered_lines": 2, "num_statements": 2, "percent_covered": 100.0, "percent_covered_display": "100", "missing_lines": 0, "excluded_lines": 0}, "missing_lines": [], "excluded_lines": []}, "create_send_message_request": {"executed_lines": [], "summary": {"covered_lines": 0, "num_statements": 2, "percent_covered": 0.0, "percent_covered_display": "0", "missing_lines": 2, "excluded_lines": 0}, "missing_lines": [258, 259], "excluded_lines": []}, "A2AServer.__init__": {"executed_lines": [], "summary": {"covered_lines": 0, "num_statements": 5, "percent_covered": 0.0, "percent_covered_display": "0", "missing_lines": 5, "excluded_lines": 0}, "missing_lines": [290, 291, 292, 293, 294], "excluded_lines": []}, "A2AServer.register_handler": {"executed_lines": [], "summary": {"covered_lines": 0, "num_statements": 2, "percent_covered": 0.0, "percent_covered_display": "0", "missing_lines": 2, "excluded_lines": 0}, "missing_lines": [316, 317], "excluded_lines": []}, "A2AServer._dispatch": {"executed_lines": [], "summary": {"covered_lines": 0, "num_statements": 11, "percent_covered": 0.0, "percent_covered_display": "0", "missing_lines": 11, "excluded_lines": 0}, "missing_lines": [322, 323, 324, 325, 326, 327, 328, 329, 331, 332, 333], "excluded_lines": []}, "A2AServer.start": {"executed_lines": [], "summary": {"covered_lines": 0, "num_statements": 11, "percent_covered": 0.0, "percent_covered_display": "0", "missing_lines": 11, "excluded_lines": 4}, "missing_lines": [338, 340, 350, 351, 357, 358, 360, 363, 364, 365, 366], "excluded_lines": [342, 343, 344, 345]}, "A2AServer.start.handle": {"executed_lines": [], "summary": {"covered_lines": 0, "num_statements": 0, "percent_covered": 100.0, "percent_covered_display": "100", "missing_lines": 0, "excluded_lines": 3}, "missing_lines": [], "excluded_lines": [346, 347, 348]}, "A2AServer.start.run": {"executed_lines": [], "summary": {"covered_lines": 0, "num_statements": 1, "percent_covered": 0.0, "percent_covered_display": "0", "missing_lines": 1, "excluded_lines": 0}, "missing_lines": [361], "excluded_lines": []}, "A2AServer.stop": {"executed_lines": [], "summary": {"covered_lines": 0, "num_statements": 4, "percent_covered": 0.0, "percent_covered_display": "0", "missing_lines": 4, "excluded_lines": 0}, "missing_lines": [371, 372, 373, 374], "excluded_lines": []}, "A2AInterface.__init__": {"executed_lines": [392, 398, 399, 400, 401, 402, 403, 406, 407, 408], "summary": {"covered_lines": 10, "num_statements": 11, "percent_covered": 90.9090909090909, "percent_covered_display": "91", "missing_lines": 1, "excluded_lines": 0}, "missing_lines": [393], "excluded_lines": []}, "A2AInterface.start": {"executed_lines": [412, 413], "summary": {"covered_lines": 2, "num_statements": 2, "percent_covered": 100.0, "percent_covered_display": "100", "missing_lines": 0, "excluded_lines": 0}, "missing_lines": [], "excluded_lines": []}, "A2AInterface.stop": {"executed_lines": [417, 418], "summary": {"covered_lines": 2, "num_statements": 2, "percent_covered": 100.0, "percent_covered_display": "100", "missing_lines": 0, "excluded_lines": 0}, "missing_lines": [], "excluded_lines": []}, "A2AInterface._handle_query": {"executed_lines": [429, 430, 431, 432, 434, 437, 440, 442, 444, 448, 450, 451, 454, 457], "summary": {"covered_lines": 14, "num_statements": 16, "percent_covered": 87.5, "percent_covered_display": "88", "missing_lines": 2, "excluded_lines": 0}, "missing_lines": [433, 435], "excluded_lines": []}, "A2AInterface._handle_command": {"executed_lines": [468, 469, 470, 471, 472, 473, 474, 475, 478, 482, 483, 484, 485, 486, 487, 488, 489, 490, 491, 493], "summary": {"covered_lines": 20, "num_statements": 27, "percent_covered": 74.07407407407408, "percent_covered_display": "74", "missing_lines": 7, "excluded_lines": 0}, "missing_lines": [476, 479, 494, 496, 497, 500, 503], "excluded_lines": []}, "A2AInterface._handle_info": {"executed_lines": [514, 516, 518, 529, 531, 536], "summary": {"covered_lines": 6, "num_statements": 11, "percent_covered": 54.54545454545455, "percent_covered_display": "55", "missing_lines": 5, "excluded_lines": 0}, "missing_lines": [537, 539, 540, 543, 546], "excluded_lines": []}, "A2AInterface._handle_get_capabilities": {"executed_lines": [554, 555], "summary": {"covered_lines": 2, "num_statements": 2, "percent_covered": 100.0, "percent_covered_display": "100", "missing_lines": 0, "excluded_lines": 0}, "missing_lines": [], "excluded_lines": []}, "A2AInterface._handle_get_config": {"executed_lines": [563, 564, 565], "summary": {"covered_lines": 3, "num_statements": 3, "percent_covered": 100.0, "percent_covered_display": "100", "missing_lines": 0, "excluded_lines": 0}, "missing_lines": [], "excluded_lines": []}, "A2AInterface._handle_set_config": {"executed_lines": [576, 577, 578, 579, 580, 581, 582, 583, 584, 586, 587, 588, 589], "summary": {"covered_lines": 13, "num_statements": 13, "percent_covered": 100.0, "percent_covered_display": "100", "missing_lines": 0, "excluded_lines": 0}, "missing_lines": [], "excluded_lines": []}, "A2AClientWrapper.__init__": {"executed_lines": [601, 607], "summary": {"covered_lines": 2, "num_statements": 3, "percent_covered": 66.66666666666667, "percent_covered_display": "67", "missing_lines": 1, "excluded_lines": 0}, "missing_lines": [602], "excluded_lines": []}, "A2AClientWrapper._send_request": {"executed_lines": [], "summary": {"covered_lines": 0, "num_statements": 4, "percent_covered": 0.0, "percent_covered_display": "0", "missing_lines": 4, "excluded_lines": 0}, "missing_lines": [612, 622, 623, 624], "excluded_lines": []}, "A2AClientWrapper._send_request._run": {"executed_lines": [], "summary": {"covered_lines": 0, "num_statements": 5, "percent_covered": 0.0, "percent_covered_display": "0", "missing_lines": 5, "excluded_lines": 0}, "missing_lines": [613, 614, 615, 616, 620], "excluded_lines": []}, "A2AClientWrapper.query_agent": {"executed_lines": [636, 637, 640, 642, 643, 644, 646, 647, 648, 649, 650], "summary": {"covered_lines": 11, "num_statements": 19, "percent_covered": 57.89473684210526, "percent_covered_display": "58", "missing_lines": 8, "excluded_lines": 0}, "missing_lines": [651, 652, 653, 654, 655, 656, 657, 658], "excluded_lines": []}, "A2AClientWrapper.get_agent_capabilities": {"executed_lines": [669, 670, 673, 675, 679, 680, 681], "summary": {"covered_lines": 7, "num_statements": 15, "percent_covered": 46.666666666666664, "percent_covered_display": "47", "missing_lines": 8, "excluded_lines": 0}, "missing_lines": [676, 677, 682, 683, 684, 685, 686, 687], "excluded_lines": []}, "A2AClientWrapper.get_agent_config": {"executed_lines": [698, 699, 702, 704, 708, 709, 710], "summary": {"covered_lines": 7, "num_statements": 15, "percent_covered": 46.666666666666664, "percent_covered_display": "47", "missing_lines": 8, "excluded_lines": 0}, "missing_lines": [705, 706, 711, 712, 713, 714, 715, 716], "excluded_lines": []}, "A2AClientWrapper.set_agent_config": {"executed_lines": [728, 729, 733, 735, 739, 740, 741], "summary": {"covered_lines": 7, "num_statements": 15, "percent_covered": 46.666666666666664, "percent_covered_display": "47", "missing_lines": 8, "excluded_lines": 0}, "missing_lines": [736, 737, 742, 743, 744, 745, 746, 747], "excluded_lines": []}, "get_a2a_client": {"executed_lines": [767], "summary": {"covered_lines": 1, "num_statements": 1, "percent_covered": 100.0, "percent_covered_display": "100", "missing_lines": 0, "excluded_lines": 0}, "missing_lines": [], "excluded_lines": []}, "requires_a2a": {"executed_lines": [780, 781, 786], "summary": {"covered_lines": 3, "num_statements": 3, "percent_covered": 100.0, "percent_covered_display": "100", "missing_lines": 0, "excluded_lines": 0}, "missing_lines": [], "excluded_lines": []}, "requires_a2a.wrapper": {"executed_lines": [782, 783, 784], "summary": {"covered_lines": 3, "num_statements": 3, "percent_covered": 100.0, "percent_covered_display": "100", "missing_lines": 0, "excluded_lines": 0}, "missing_lines": [], "excluded_lines": []}, "": {"executed_lines": [1, 8, 10, 11, 12, 13, 14, 15, 16, 31, 33, 34, 35, 36, 38, 39, 40, 41, 42, 44, 48, 49, 51, 53, 57, 66, 67, 68, 70, 72, 73, 76, 79, 80, 82, 83, 85, 88, 89, 91, 92, 94, 97, 98, 100, 103, 104, 106, 109, 111, 112, 113, 114, 115, 116, 117, 120, 121, 123, 132, 133, 135, 136, 137, 138, 141, 142, 144, 145, 146, 149, 150, 151, 157, 164, 165, 166, 167, 168, 169, 172, 175, 178, 184, 190, 196, 205, 214, 220, 227, 240, 251, 262, 263, 264, 266, 267, 268, 269, 270, 271, 273, 274, 276, 278, 279, 281, 282, 283, 284, 286, 287, 289, 296, 319, 335, 368, 377, 378, 380, 410, 415, 420, 459, 505, 548, 557, 567, 592, 593, 595, 609, 626, 660, 689, 718, 751, 754, 757, 770], "summary": {"covered_lines": 109, "num_statements": 109, "percent_covered": 100.0, "percent_covered_display": "100", "missing_lines": 0, "excluded_lines": 46}, "missing_lines": [], "excluded_lines": [48, 49, 51, 53, 54, 55, 57, 58, 59, 72, 73, 74, 75, 76, 77, 78, 84, 85, 86, 87, 93, 94, 95, 96, 99, 100, 101, 102, 105, 106, 107, 108, 123, 124, 125, 126, 127, 128, 130, 131, 149, 150, 151, 157, 161, 162]}}, "classes": {"ASGIApplication": {"executed_lines": [], "summary": {"covered_lines": 0, "num_statements": 0, "percent_covered": 100.0, "percent_covered_display": "100", "missing_lines": 0, "excluded_lines": 1}, "missing_lines": [], "excluded_lines": [129]}, "AgentInfo": {"executed_lines": [], "summary": {"covered_lines": 0, "num_statements": 0, "percent_covered": 100.0, "percent_covered_display": "100", "missing_lines": 0, "excluded_lines": 0}, "missing_lines": [], "excluded_lines": []}, "InfoResponse": {"executed_lines": [], "summary": {"covered_lines": 0, "num_statements": 0, "percent_covered": 100.0, "percent_covered_display": "100", "missing_lines": 0, "excluded_lines": 0}, "missing_lines": [], "excluded_lines": []}, "A2AMessageType": {"executed_lines": [], "summary": {"covered_lines": 0, "num_statements": 0, "percent_covered": 100.0, "percent_covered_display": "100", "missing_lines": 0, "excluded_lines": 0}, "missing_lines": [], "excluded_lines": []}, "A2AMessage": {"executed_lines": [], "summary": {"covered_lines": 0, "num_statements": 0, "percent_covered": 100.0, "percent_covered_display": "100", "missing_lines": 0, "excluded_lines": 0}, "missing_lines": [], "excluded_lines": []}, "A2AServer": {"executed_lines": [], "summary": {"covered_lines": 0, "num_statements": 34, "percent_covered": 0.0, "percent_covered_display": "0", "missing_lines": 34, "excluded_lines": 7}, "missing_lines": [290, 291, 292, 293, 294, 316, 317, 322, 323, 324, 325, 326, 327, 328, 329, 331, 332, 333, 338, 340, 350, 351, 357, 358, 360, 361, 363, 364, 365, 366, 371, 372, 373, 374], "excluded_lines": [342, 343, 344, 345, 346, 347, 348]}, "A2AInterface": {"executed_lines": [392, 398, 399, 400, 401, 402, 403, 406, 407, 408, 412, 413, 417, 418, 429, 430, 431, 432, 434, 437, 440, 442, 444, 448, 450, 451, 454, 457, 468, 469, 470, 471, 472, 473, 474, 475, 478, 482, 483, 484, 485, 486, 487, 488, 489, 490, 491, 493, 514, 516, 518, 529, 531, 536, 554, 555, 563, 564, 565, 576, 577, 578, 579, 580, 581, 582, 583, 584, 586, 587, 588, 589], "summary": {"covered_lines": 72, "num_statements": 87, "percent_covered": 82.75862068965517, "percent_covered_display": "83", "missing_lines": 15, "excluded_lines": 0}, "missing_lines": [393, 433, 435, 476, 479, 494, 496, 497, 500, 503, 537, 539, 540, 543, 546], "excluded_lines": []}, "A2AClientWrapper": {"executed_lines": [601, 607, 636, 637, 640, 642, 643, 644, 646, 647, 648, 649, 650, 669, 670, 673, 675, 679, 680, 681, 698, 699, 702, 704, 708, 709, 710, 728, 729, 733, 735, 739, 740, 741], "summary": {"covered_lines": 34, "num_statements": 76, "percent_covered": 44.73684210526316, "percent_covered_display": "45", "missing_lines": 42, "excluded_lines": 0}, "missing_lines": [602, 612, 613, 614, 615, 616, 620, 622, 623, 624, 651, 652, 653, 654, 655, 656, 657, 658, 676, 677, 682, 683, 684, 685, 686, 687, 705, 706, 711, 712, 713, 714, 715, 716, 736, 737, 742, 743, 744, 745, 746, 747], "excluded_lines": []}, "": {"executed_lines": [1, 8, 10, 11, 12, 13, 14, 15, 16, 31, 33, 34, 35, 36, 38, 39, 40, 41, 42, 44, 48, 49, 51, 53, 57, 66, 67, 68, 70, 72, 73, 76, 79, 80, 82, 83, 85, 88, 89, 91, 92, 94, 97, 98, 100, 103, 104, 106, 109, 111, 112, 113, 114, 115, 116, 117, 120, 121, 123, 132, 133, 135, 136, 137, 138, 141, 142, 144, 145, 146, 149, 150, 151, 157, 164, 165, 166, 167, 168, 169, 172, 175, 178, 179, 180, 181, 184, 185, 186, 187, 190, 193, 196, 199, 205, 214, 220, 223, 227, 233, 237, 240, 247, 248, 251, 262, 263, 264, 266, 267, 268, 269, 270, 271, 273, 274, 276, 278, 279, 281, 282, 283, 284, 286, 287, 289, 296, 319, 335, 368, 377, 378, 380, 410, 415, 420, 459, 505, 548, 557, 567, 592, 593, 595, 609, 626, 660, 689, 718, 751, 754, 757, 767, 770, 780, 781, 782, 783, 784, 786], "summary": {"covered_lines": 129, "num_statements": 134, "percent_covered": 96.26865671641791, "percent_covered_display": "96", "missing_lines": 5, "excluded_lines": 46}, "missing_lines": [208, 217, 224, 258, 259], "excluded_lines": [48, 49, 51, 53, 54, 55, 57, 58, 59, 72, 73, 74, 75, 76, 77, 78, 84, 85, 86, 87, 93, 94, 95, 96, 99, 100, 101, 102, 105, 106, 107, 108, 123, 124, 125, 126, 127, 128, 130, 131, 149, 150, 151, 157, 161, 162]}}}, "src/autoresearch/agents/__init__.py": {"executed_lines": [1, 3, 4, 5, 6, 7, 10, 11, 12, 15, 16, 17, 18, 20], "summary": {"covered_lines": 13, "num_statements": 13, "percent_covered": 100.0, "percent_covered_display": "100", "missing_lines": 0, "excluded_lines": 0}, "missing_lines": [], "excluded_lines": [], "functions": {"": {"executed_lines": [1, 3, 4, 5, 6, 7, 10, 11, 12, 15, 16, 17, 18, 20], "summary": {"covered_lines": 13, "num_statements": 13, "percent_covered": 100.0, "percent_covered_display": "100", "missing_lines": 0, "excluded_lines": 0}, "missing_lines": [], "excluded_lines": []}}, "classes": {"": {"executed_lines": [1, 3, 4, 5, 6, 7, 10, 11, 12, 15, 16, 17, 18, 20], "summary": {"covered_lines": 13, "num_statements": 13, "percent_covered": 100.0, "percent_covered_display": "100", "missing_lines": 0, "excluded_lines": 0}, "missing_lines": [], "excluded_lines": []}}}, "src/autoresearch/agents/base.py": {"executed_lines": [1, 3, 4, 5, 7, 8, 9, 10, 11, 12, 18, 19, 21, 24, 25, 27, 28, 29, 30, 31, 32, 35, 36, 38, 39, 40, 42, 43, 44, 54, 61, 63, 64, 65, 66, 68, 72, 76, 78, 80, 85, 86, 88, 90, 92, 101, 107, 119, 128, 130, 133, 135, 136, 144, 154, 157, 158, 159, 161, 163, 164, 173, 175, 177, 179, 180], "summary": {"covered_lines": 62, "num_statements": 68, "percent_covered": 91.17647058823529, "percent_covered_display": "91", "missing_lines": 6, "excluded_lines": 0}, "missing_lines": [46, 47, 48, 51, 74, 134], "excluded_lines": [], "functions": {"AgentConfig.validate_prompt_templates": {"executed_lines": [], "summary": {"covered_lines": 0, "num_statements": 4, "percent_covered": 0.0, "percent_covered_display": "0", "missing_lines": 4, "excluded_lines": 0}, "missing_lines": [46, 47, 48, 51], "excluded_lines": []}, "Agent.execute": {"executed_lines": [], "summary": {"covered_lines": 0, "num_statements": 1, "percent_covered": 0.0, "percent_covered_display": "0", "missing_lines": 1, "excluded_lines": 0}, "missing_lines": [74], "excluded_lines": []}, "Agent.can_execute": {"executed_lines": [78], "summary": {"covered_lines": 1, "num_statements": 1, "percent_covered": 100.0, "percent_covered_display": "100", "missing_lines": 0, "excluded_lines": 0}, "missing_lines": [], "excluded_lines": []}, "Agent.get_adapter": {"executed_lines": [85, 86, 88, 90], "summary": {"covered_lines": 4, "num_statements": 4, "percent_covered": 100.0, "percent_covered_display": "100", "missing_lines": 0, "excluded_lines": 0}, "missing_lines": [], "excluded_lines": []}, "Agent.get_model": {"executed_lines": [101], "summary": {"covered_lines": 1, "num_statements": 1, "percent_covered": 100.0, "percent_covered_display": "100", "missing_lines": 0, "excluded_lines": 0}, "missing_lines": [], "excluded_lines": []}, "Agent.send_message": {"executed_lines": [119, 128], "summary": {"covered_lines": 2, "num_statements": 2, "percent_covered": 100.0, "percent_covered_display": "100", "missing_lines": 0, "excluded_lines": 0}, "missing_lines": [], "excluded_lines": []}, "Agent.broadcast": {"executed_lines": [133, 135, 136], "summary": {"covered_lines": 3, "num_statements": 4, "percent_covered": 75.0, "percent_covered_display": "75", "missing_lines": 1, "excluded_lines": 0}, "missing_lines": [134], "excluded_lines": []}, "Agent.get_messages": {"executed_lines": [154, 157, 158, 159], "summary": {"covered_lines": 4, "num_statements": 4, "percent_covered": 100.0, "percent_covered_display": "100", "missing_lines": 0, "excluded_lines": 0}, "missing_lines": [], "excluded_lines": []}, "Agent.send_feedback": {"executed_lines": [163, 164], "summary": {"covered_lines": 2, "num_statements": 2, "percent_covered": 100.0, "percent_covered_display": "100", "missing_lines": 0, "excluded_lines": 0}, "missing_lines": [], "excluded_lines": []}, "Agent.get_feedback": {"executed_lines": [175], "summary": {"covered_lines": 1, "num_statements": 1, "percent_covered": 100.0, "percent_covered_display": "100", "missing_lines": 0, "excluded_lines": 0}, "missing_lines": [], "excluded_lines": []}, "Agent.format_feedback": {"executed_lines": [179, 180], "summary": {"covered_lines": 2, "num_statements": 2, "percent_covered": 100.0, "percent_covered_display": "100", "missing_lines": 0, "excluded_lines": 0}, "missing_lines": [], "excluded_lines": []}, "": {"executed_lines": [1, 3, 4, 5, 7, 8, 9, 10, 11, 12, 18, 19, 21, 24, 25, 27, 28, 29, 30, 31, 32, 35, 36, 38, 39, 40, 42, 43, 44, 54, 61, 63, 64, 65, 66, 68, 72, 76, 80, 92, 107, 130, 144, 161, 173, 177], "summary": {"covered_lines": 42, "num_statements": 42, "percent_covered": 100.0, "percent_covered_display": "100", "missing_lines": 0, "excluded_lines": 0}, "missing_lines": [], "excluded_lines": []}}, "classes": {"AgentRole": {"executed_lines": [], "summary": {"covered_lines": 0, "num_statements": 0, "percent_covered": 100.0, "percent_covered_display": "100", "missing_lines": 0, "excluded_lines": 0}, "missing_lines": [], "excluded_lines": []}, "AgentConfig": {"executed_lines": [], "summary": {"covered_lines": 0, "num_statements": 4, "percent_covered": 0.0, "percent_covered_display": "0", "missing_lines": 4, "excluded_lines": 0}, "missing_lines": [46, 47, 48, 51], "excluded_lines": []}, "Agent": {"executed_lines": [78, 85, 86, 88, 90, 101, 119, 128, 133, 135, 136, 154, 157, 158, 159, 163, 164, 175, 179, 180], "summary": {"covered_lines": 20, "num_statements": 22, "percent_covered": 90.9090909090909, "percent_covered_display": "91", "missing_lines": 2, "excluded_lines": 0}, "missing_lines": [74, 134], "excluded_lines": []}, "": {"executed_lines": [1, 3, 4, 5, 7, 8, 9, 10, 11, 12, 18, 19, 21, 24, 25, 27, 28, 29, 30, 31, 32, 35, 36, 38, 39, 40, 42, 43, 44, 54, 61, 63, 64, 65, 66, 68, 72, 76, 80, 92, 107, 130, 144, 161, 173, 177], "summary": {"covered_lines": 42, "num_statements": 42, "percent_covered": 100.0, "percent_covered_display": "100", "missing_lines": 0, "excluded_lines": 0}, "missing_lines": [], "excluded_lines": []}}}, "src/autoresearch/agents/dialectical/__init__.py": {"executed_lines": [1, 3, 4, 5, 7], "summary": {"covered_lines": 4, "num_statements": 4, "percent_covered": 100.0, "percent_covered_display": "100", "missing_lines": 0, "excluded_lines": 0}, "missing_lines": [], "excluded_lines": [], "functions": {"": {"executed_lines": [1, 3, 4, 5, 7], "summary": {"covered_lines": 4, "num_statements": 4, "percent_covered": 100.0, "percent_covered_display": "100", "missing_lines": 0, "excluded_lines": 0}, "missing_lines": [], "excluded_lines": []}}, "classes": {"": {"executed_lines": [1, 3, 4, 5, 7], "summary": {"covered_lines": 4, "num_statements": 4, "percent_covered": 100.0, "percent_covered_display": "100", "missing_lines": 0, "excluded_lines": 0}, "missing_lines": [], "excluded_lines": []}}}, "src/autoresearch/agents/dialectical/contrarian.py": {"executed_lines": [1, 3, 5, 6, 7, 8, 9, 10, 12, 15, 16, 18, 20, 22, 24, 25, 28, 32, 35, 36, 39, 40, 46], "summary": {"covered_lines": 21, "num_statements": 25, "percent_covered": 84.0, "percent_covered_display": "84", "missing_lines": 4, "excluded_lines": 0}, "missing_lines": [48, 49, 50, 51], "excluded_lines": [], "functions": {"ContrarianAgent.execute": {"executed_lines": [22, 24, 25, 28, 32, 35, 36, 39, 40], "summary": {"covered_lines": 9, "num_statements": 9, "percent_covered": 100.0, "percent_covered_display": "100", "missing_lines": 0, "excluded_lines": 0}, "missing_lines": [], "excluded_lines": []}, "ContrarianAgent.can_execute": {"executed_lines": [], "summary": {"covered_lines": 0, "num_statements": 4, "percent_covered": 0.0, "percent_covered_display": "0", "missing_lines": 4, "excluded_lines": 0}, "missing_lines": [48, 49, 50, 51], "excluded_lines": []}, "": {"executed_lines": [1, 3, 5, 6, 7, 8, 9, 10, 12, 15, 16, 18, 20, 46], "summary": {"covered_lines": 12, "num_statements": 12, "percent_covered": 100.0, "percent_covered_display": "100", "missing_lines": 0, "excluded_lines": 0}, "missing_lines": [], "excluded_lines": []}}, "classes": {"ContrarianAgent": {"executed_lines": [22, 24, 25, 28, 32, 35, 36, 39, 40], "summary": {"covered_lines": 9, "num_statements": 13, "percent_covered": 69.23076923076923, "percent_covered_display": "69", "missing_lines": 4, "excluded_lines": 0}, "missing_lines": [48, 49, 50, 51], "excluded_lines": []}, "": {"executed_lines": [1, 3, 5, 6, 7, 8, 9, 10, 12, 15, 16, 18, 20, 46], "summary": {"covered_lines": 12, "num_statements": 12, "percent_covered": 100.0, "percent_covered_display": "100", "missing_lines": 0, "excluded_lines": 0}, "missing_lines": [], "excluded_lines": []}}}, "src/autoresearch/agents/dialectical/fact_checker.py": {"executed_lines": [1, 3, 5, 6, 7, 15, 16, 17, 18, 19, 20, 22, 25, 26, 28, 30, 32, 34, 35, 36, 39, 40, 41, 43, 44, 47, 48, 56, 69, 70, 71, 79, 81, 82, 85, 86, 87, 88, 96, 97, 98, 99, 101, 102, 103, 108, 110, 119, 120, 121, 131, 132, 133, 134, 135, 136, 137, 139, 141, 142, 143, 145, 146, 147, 148, 150, 159, 165, 166, 167, 175, 176, 177, 178, 179, 182, 183, 184, 185, 186, 187, 189, 191, 192, 193, 194, 195, 196, 197, 198, 199, 200, 201, 203, 204, 206, 207, 227, 228, 229, 230, 232, 233, 234, 238, 241, 243, 244, 249, 269, 271, 272, 277, 288, 289, 290, 291, 294, 295, 296, 307, 308, 311, 317, 320, 322, 328, 331, 337, 344, 345, 346, 347, 351, 352, 354, 355, 356, 357, 358, 359, 361, 362, 365, 368, 395, 398, 411, 417, 420, 428, 435, 436, 439, 440, 441, 448, 449, 450, 455, 457], "summary": {"covered_lines": 159, "num_statements": 219, "percent_covered": 72.6027397260274, "percent_covered_display": "73", "missing_lines": 60, "excluded_lines": 0}, "missing_lines": [42, 49, 50, 51, 52, 57, 58, 59, 60, 61, 62, 66, 68, 72, 73, 74, 75, 80, 90, 91, 94, 138, 140, 144, 151, 152, 180, 208, 209, 210, 211, 214, 221, 222, 223, 224, 225, 239, 270, 297, 298, 299, 300, 301, 305, 349, 363, 396, 418, 430, 431, 432, 433, 442, 443, 444, 445, 446, 447, 456], "excluded_lines": [], "functions": {"FactChecker.execute": {"executed_lines": [32, 34, 35, 36, 39, 40, 41, 43, 44, 47, 48, 56, 69, 70, 71, 79, 81, 82, 85, 86, 87, 88, 96, 97, 98, 99, 101, 110, 150, 159, 165, 166, 167, 175, 176, 177, 178, 179, 182, 183, 184, 185, 186, 187, 189, 203, 204, 206, 207, 227, 228, 229, 230, 232, 233, 234, 238, 241, 243, 244, 249, 269, 271, 272, 277, 288, 289, 290, 291, 294, 295, 296, 307, 308, 311, 317, 320, 322, 328, 331, 337, 344, 345, 346, 347, 351, 352, 354, 355, 356, 357, 358, 359, 361, 362, 365, 368, 395, 398, 411, 417, 420], "summary": {"covered_lines": 102, "num_statements": 148, "percent_covered": 68.91891891891892, "percent_covered_display": "69", "missing_lines": 46, "excluded_lines": 0}, "missing_lines": [42, 49, 50, 51, 52, 57, 58, 59, 60, 61, 62, 66, 68, 72, 73, 74, 75, 80, 90, 91, 94, 151, 152, 180, 208, 209, 210, 211, 214, 221, 222, 223, 224, 225, 239, 270, 297, 298, 299, 300, 301, 305, 349, 363, 396, 418], "excluded_lines": []}, "FactChecker.execute._source_key": {"executed_lines": [102, 103, 108], "summary": {"covered_lines": 3, "num_statements": 3, "percent_covered": 100.0, "percent_covered_display": "100", "missing_lines": 0, "excluded_lines": 0}, "missing_lines": [], "excluded_lines": []}, "FactChecker.execute._register_sources": {"executed_lines": [119, 120, 121, 131, 132, 133, 134, 135, 136, 137, 139, 141, 142, 143, 145, 146, 147, 148], "summary": {"covered_lines": 18, "num_statements": 21, "percent_covered": 85.71428571428571, "percent_covered_display": "86", "missing_lines": 3, "excluded_lines": 0}, "missing_lines": [138, 140, 144], "excluded_lines": []}, "FactChecker.execute._evaluate": {"executed_lines": [191, 192, 193, 194, 195, 196, 197, 198, 199, 200, 201], "summary": {"covered_lines": 11, "num_statements": 11, "percent_covered": 100.0, "percent_covered_display": "100", "missing_lines": 0, "excluded_lines": 0}, "missing_lines": [], "excluded_lines": []}, "FactChecker.can_execute": {"executed_lines": [], "summary": {"covered_lines": 0, "num_statements": 4, "percent_covered": 0.0, "percent_covered_display": "0", "missing_lines": 4, "excluded_lines": 0}, "missing_lines": [430, 431, 432, 433], "excluded_lines": []}, "FactChecker._planner_provenance": {"executed_lines": [439, 440, 441, 448, 449, 450, 455, 457], "summary": {"covered_lines": 8, "num_statements": 15, "percent_covered": 53.333333333333336, "percent_covered_display": "53", "missing_lines": 7, "excluded_lines": 0}, "missing_lines": [442, 443, 444, 445, 446, 447, 456], "excluded_lines": []}, "": {"executed_lines": [1, 3, 5, 6, 7, 15, 16, 17, 18, 19, 20, 22, 25, 26, 28, 30, 428, 435, 436], "summary": {"covered_lines": 17, "num_statements": 17, "percent_covered": 100.0, "percent_covered_display": "100", "missing_lines": 0, "excluded_lines": 0}, "missing_lines": [], "excluded_lines": []}}, "classes": {"FactChecker": {"executed_lines": [32, 34, 35, 36, 39, 40, 41, 43, 44, 47, 48, 56, 69, 70, 71, 79, 81, 82, 85, 86, 87, 88, 96, 97, 98, 99, 101, 102, 103, 108, 110, 119, 120, 121, 131, 132, 133, 134, 135, 136, 137, 139, 141, 142, 143, 145, 146, 147, 148, 150, 159, 165, 166, 167, 175, 176, 177, 178, 179, 182, 183, 184, 185, 186, 187, 189, 191, 192, 193, 194, 195, 196, 197, 198, 199, 200, 201, 203, 204, 206, 207, 227, 228, 229, 230, 232, 233, 234, 238, 241, 243, 244, 249, 269, 271, 272, 277, 288, 289, 290, 291, 294, 295, 296, 307, 308, 311, 317, 320, 322, 328, 331, 337, 344, 345, 346, 347, 351, 352, 354, 355, 356, 357, 358, 359, 361, 362, 365, 368, 395, 398, 411, 417, 420, 439, 440, 441, 448, 449, 450, 455, 457], "summary": {"covered_lines": 142, "num_statements": 202, "percent_covered": 70.29702970297029, "percent_covered_display": "70", "missing_lines": 60, "excluded_lines": 0}, "missing_lines": [42, 49, 50, 51, 52, 57, 58, 59, 60, 61, 62, 66, 68, 72, 73, 74, 75, 80, 90, 91, 94, 138, 140, 144, 151, 152, 180, 208, 209, 210, 211, 214, 221, 222, 223, 224, 225, 239, 270, 297, 298, 299, 300, 301, 305, 349, 363, 396, 418, 430, 431, 432, 433, 442, 443, 444, 445, 446, 447, 456], "excluded_lines": []}, "": {"executed_lines": [1, 3, 5, 6, 7, 15, 16, 17, 18, 19, 20, 22, 25, 26, 28, 30, 428, 435, 436], "summary": {"covered_lines": 17, "num_statements": 17, "percent_covered": 100.0, "percent_covered_display": "100", "missing_lines": 0, "excluded_lines": 0}, "missing_lines": [], "excluded_lines": []}}}, "src/autoresearch/agents/dialectical/synthesizer.py": {"executed_lines": [1, 3, 5, 6, 7, 15, 16, 17, 18, 19, 21, 24, 25, 27, 29, 31, 33, 34, 35, 36, 38, 40, 41, 43, 46, 52, 53, 62, 64, 65, 67, 68, 76, 77, 78, 80, 83, 89, 90, 99, 104, 105, 106, 108, 111, 112, 114, 115, 116, 117, 118, 121, 122, 123, 124, 126, 127, 128, 135, 136, 137, 138, 150, 152, 158, 160, 161, 173, 174, 175, 176, 177, 179, 180, 183, 186, 187, 191, 193, 195, 196, 197, 198, 199, 210, 212, 214, 223, 225, 226, 231, 232, 233, 234, 236, 237, 242, 243, 244, 245, 246, 248, 249, 252, 253, 254, 261, 262, 263, 268, 270], "summary": {"covered_lines": 109, "num_statements": 132, "percent_covered": 82.57575757575758, "percent_covered_display": "83", "missing_lines": 23, "excluded_lines": 0}, "missing_lines": [107, 125, 151, 162, 163, 164, 165, 166, 167, 168, 169, 170, 171, 178, 192, 211, 255, 256, 257, 258, 259, 260, 269], "excluded_lines": [], "functions": {"SynthesizerAgent.execute": {"executed_lines": [31, 33, 34, 35, 36, 38, 40, 41, 43, 46, 52, 53, 62, 64, 65, 67, 68, 76, 77, 78, 80, 83, 89, 90], "summary": {"covered_lines": 24, "num_statements": 24, "percent_covered": 100.0, "percent_covered_display": "100", "missing_lines": 0, "excluded_lines": 0}, "missing_lines": [], "excluded_lines": []}, "SynthesizerAgent._build_verification_context": {"executed_lines": [104, 105, 106, 108, 111, 112, 114, 115, 116, 117, 118, 121, 122, 123, 124, 126, 127, 128, 135, 136, 137, 138, 150, 152, 158, 160, 161, 173, 174, 175, 176, 177, 179, 180, 183, 186, 187, 191, 193, 195, 196, 197, 198, 199, 210, 212, 214, 223], "summary": {"covered_lines": 48, "num_statements": 64, "percent_covered": 75.0, "percent_covered_display": "75", "missing_lines": 16, "excluded_lines": 0}, "missing_lines": [107, 125, 151, 162, 163, 164, 165, 166, 167, 168, 169, 170, 171, 178, 192, 211], "excluded_lines": []}, "SynthesizerAgent._augment_metadata": {"executed_lines": [231, 232, 233, 234], "summary": {"covered_lines": 4, "num_statements": 4, "percent_covered": 100.0, "percent_covered_display": "100", "missing_lines": 0, "excluded_lines": 0}, "missing_lines": [], "excluded_lines": []}, "SynthesizerAgent._assemble_claim_audits": {"executed_lines": [242, 243, 244, 245, 246], "summary": {"covered_lines": 5, "num_statements": 5, "percent_covered": 100.0, "percent_covered_display": "100", "missing_lines": 0, "excluded_lines": 0}, "missing_lines": [], "excluded_lines": []}, "SynthesizerAgent._planner_provenance": {"executed_lines": [252, 253, 254, 261, 262, 263, 268, 270], "summary": {"covered_lines": 8, "num_statements": 15, "percent_covered": 53.333333333333336, "percent_covered_display": "53", "missing_lines": 7, "excluded_lines": 0}, "missing_lines": [255, 256, 257, 258, 259, 260, 269], "excluded_lines": []}, "": {"executed_lines": [1, 3, 5, 6, 7, 15, 16, 17, 18, 19, 21, 24, 25, 27, 29, 99, 225, 226, 236, 237, 248, 249], "summary": {"covered_lines": 20, "num_statements": 20, "percent_covered": 100.0, "percent_covered_display": "100", "missing_lines": 0, "excluded_lines": 0}, "missing_lines": [], "excluded_lines": []}}, "classes": {"SynthesizerAgent": {"executed_lines": [31, 33, 34, 35, 36, 38, 40, 41, 43, 46, 52, 53, 62, 64, 65, 67, 68, 76, 77, 78, 80, 83, 89, 90, 104, 105, 106, 108, 111, 112, 114, 115, 116, 117, 118, 121, 122, 123, 124, 126, 127, 128, 135, 136, 137, 138, 150, 152, 158, 160, 161, 173, 174, 175, 176, 177, 179, 180, 183, 186, 187, 191, 193, 195, 196, 197, 198, 199, 210, 212, 214, 223, 231, 232, 233, 234, 242, 243, 244, 245, 246, 252, 253, 254, 261, 262, 263, 268, 270], "summary": {"covered_lines": 89, "num_statements": 112, "percent_covered": 79.46428571428571, "percent_covered_display": "79", "missing_lines": 23, "excluded_lines": 0}, "missing_lines": [107, 125, 151, 162, 163, 164, 165, 166, 167, 168, 169, 170, 171, 178, 192, 211, 255, 256, 257, 258, 259, 260, 269], "excluded_lines": []}, "": {"executed_lines": [1, 3, 5, 6, 7, 15, 16, 17, 18, 19, 21, 24, 25, 27, 29, 99, 225, 226, 236, 237, 248, 249], "summary": {"covered_lines": 20, "num_statements": 20, "percent_covered": 100.0, "percent_covered_display": "100", "missing_lines": 0, "excluded_lines": 0}, "missing_lines": [], "excluded_lines": []}}}, "src/autoresearch/agents/feedback.py": {"executed_lines": [1, 3, 6, 7, 9, 10, 11, 12, 13], "summary": {"covered_lines": 8, "num_statements": 8, "percent_covered": 100.0, "percent_covered_display": "100", "missing_lines": 0, "excluded_lines": 0}, "missing_lines": [], "excluded_lines": [], "functions": {"": {"executed_lines": [1, 3, 6, 7, 9, 10, 11, 12, 13], "summary": {"covered_lines": 8, "num_statements": 8, "percent_covered": 100.0, "percent_covered_display": "100", "missing_lines": 0, "excluded_lines": 0}, "missing_lines": [], "excluded_lines": []}}, "classes": {"FeedbackEvent": {"executed_lines": [], "summary": {"covered_lines": 0, "num_statements": 0, "percent_covered": 100.0, "percent_covered_display": "100", "missing_lines": 0, "excluded_lines": 0}, "missing_lines": [], "excluded_lines": []}, "": {"executed_lines": [1, 3, 6, 7, 9, 10, 11, 12, 13], "summary": {"covered_lines": 8, "num_statements": 8, "percent_covered": 100.0, "percent_covered_display": "100", "missing_lines": 0, "excluded_lines": 0}, "missing_lines": [], "excluded_lines": []}}}, "src/autoresearch/agents/messages.py": {"executed_lines": [1, 3, 4, 5, 6, 9, 10, 12, 13, 16, 17, 19, 20, 21, 22, 23, 24, 25, 26, 28, 33, 35], "summary": {"covered_lines": 20, "num_statements": 20, "percent_covered": 100.0, "percent_covered_display": "100", "missing_lines": 0, "excluded_lines": 0}, "missing_lines": [], "excluded_lines": [], "functions": {"AgentMessage.to_dict": {"executed_lines": [35], "summary": {"covered_lines": 1, "num_statements": 1, "percent_covered": 100.0, "percent_covered_display": "100", "missing_lines": 0, "excluded_lines": 0}, "missing_lines": [], "excluded_lines": []}, "": {"executed_lines": [1, 3, 4, 5, 6, 9, 10, 12, 13, 16, 17, 19, 20, 21, 22, 23, 24, 25, 26, 28, 33], "summary": {"covered_lines": 19, "num_statements": 19, "percent_covered": 100.0, "percent_covered_display": "100", "missing_lines": 0, "excluded_lines": 0}, "missing_lines": [], "excluded_lines": []}}, "classes": {"MessageProtocol": {"executed_lines": [], "summary": {"covered_lines": 0, "num_statements": 0, "percent_covered": 100.0, "percent_covered_display": "100", "missing_lines": 0, "excluded_lines": 0}, "missing_lines": [], "excluded_lines": []}, "AgentMessage": {"executed_lines": [35], "summary": {"covered_lines": 1, "num_statements": 1, "percent_covered": 100.0, "percent_covered_display": "100", "missing_lines": 0, "excluded_lines": 0}, "missing_lines": [], "excluded_lines": []}, "": {"executed_lines": [1, 3, 4, 5, 6, 9, 10, 12, 13, 16, 17, 19, 20, 21, 22, 23, 24, 25, 26, 28, 33], "summary": {"covered_lines": 19, "num_statements": 19, "percent_covered": 100.0, "percent_covered_display": "100", "missing_lines": 0, "excluded_lines": 0}, "missing_lines": [], "excluded_lines": []}}}, "src/autoresearch/agents/mixins.py": {"executed_lines": [1, 7, 8, 10, 11, 12, 13, 15, 17, 18, 19, 20, 23, 24, 26, 36, 39, 40, 42, 52, 53, 55, 58, 59, 61, 102, 107, 108, 110, 111, 115, 127, 128, 141, 143, 144, 145, 146, 149, 150, 152, 174, 179, 180, 181, 182, 183], "summary": {"covered_lines": 42, "num_statements": 46, "percent_covered": 91.30434782608695, "percent_covered_display": "91", "missing_lines": 4, "excluded_lines": 0}, "missing_lines": [54, 112, 139, 140], "excluded_lines": [], "functions": {"PromptGeneratorMixin.generate_prompt": {"executed_lines": [36], "summary": {"covered_lines": 1, "num_statements": 1, "percent_covered": 100.0, "percent_covered_display": "100", "missing_lines": 0, "excluded_lines": 0}, "missing_lines": [], "excluded_lines": []}, "ModelConfigMixin.get_model_config": {"executed_lines": [52, 53, 55], "summary": {"covered_lines": 3, "num_statements": 4, "percent_covered": 75.0, "percent_covered_display": "75", "missing_lines": 1, "excluded_lines": 0}, "missing_lines": [54], "excluded_lines": []}, "ClaimGeneratorMixin.create_claim": {"executed_lines": [102, 107, 108, 110, 111, 115, 127, 128, 141, 143, 144, 145, 146], "summary": {"covered_lines": 13, "num_statements": 16, "percent_covered": 81.25, "percent_covered_display": "81", "missing_lines": 3, "excluded_lines": 0}, "missing_lines": [112, 139, 140], "excluded_lines": []}, "ResultGeneratorMixin.create_result": {"executed_lines": [174, 179, 180, 181, 182, 183], "summary": {"covered_lines": 6, "num_statements": 6, "percent_covered": 100.0, "percent_covered_display": "100", "missing_lines": 0, "excluded_lines": 0}, "missing_lines": [], "excluded_lines": []}, "": {"executed_lines": [1, 7, 8, 10, 11, 12, 13, 15, 17, 18, 19, 20, 23, 24, 26, 39, 40, 42, 58, 59, 61, 149, 150, 152], "summary": {"covered_lines": 19, "num_statements": 19, "percent_covered": 100.0, "percent_covered_display": "100", "missing_lines": 0, "excluded_lines": 0}, "missing_lines": [], "excluded_lines": []}}, "classes": {"PromptGeneratorMixin": {"executed_lines": [36], "summary": {"covered_lines": 1, "num_statements": 1, "percent_covered": 100.0, "percent_covered_display": "100", "missing_lines": 0, "excluded_lines": 0}, "missing_lines": [], "excluded_lines": []}, "ModelConfigMixin": {"executed_lines": [52, 53, 55], "summary": {"covered_lines": 3, "num_statements": 4, "percent_covered": 75.0, "percent_covered_display": "75", "missing_lines": 1, "excluded_lines": 0}, "missing_lines": [54], "excluded_lines": []}, "ClaimGeneratorMixin": {"executed_lines": [102, 107, 108, 110, 111, 115, 127, 128, 141, 143, 144, 145, 146], "summary": {"covered_lines": 13, "num_statements": 16, "percent_covered": 81.25, "percent_covered_display": "81", "missing_lines": 3, "excluded_lines": 0}, "missing_lines": [112, 139, 140], "excluded_lines": []}, "ResultGeneratorMixin": {"executed_lines": [174, 179, 180, 181, 182, 183], "summary": {"covered_lines": 6, "num_statements": 6, "percent_covered": 100.0, "percent_covered_display": "100", "missing_lines": 0, "excluded_lines": 0}, "missing_lines": [], "excluded_lines": []}, "": {"executed_lines": [1, 7, 8, 10, 11, 12, 13, 15, 17, 18, 19, 20, 23, 24, 26, 39, 40, 42, 58, 59, 61, 149, 150, 152], "summary": {"covered_lines": 19, "num_statements": 19, "percent_covered": 100.0, "percent_covered_display": "100", "missing_lines": 0, "excluded_lines": 0}, "missing_lines": [], "excluded_lines": []}}}, "src/autoresearch/agents/prompts.py": {"executed_lines": [1, 18, 19, 21, 23, 24, 26, 27, 30, 31, 44, 45, 46, 48, 75, 78, 79, 80, 81, 82, 83, 89, 90, 104, 105, 502, 503, 520, 522, 523, 535, 537, 538, 540, 541, 543, 544, 576, 577, 582, 594, 597, 610, 611], "summary": {"covered_lines": 41, "num_statements": 56, "percent_covered": 73.21428571428571, "percent_covered_display": "73", "missing_lines": 15, "excluded_lines": 0}, "missing_lines": [553, 555, 556, 557, 558, 563, 567, 568, 569, 570, 571, 572, 573, 574, 579], "excluded_lines": [], "functions": {"PromptTemplate.render": {"executed_lines": [75, 78, 79, 80, 81, 82, 83], "summary": {"covered_lines": 7, "num_statements": 7, "percent_covered": 100.0, "percent_covered_display": "100", "missing_lines": 0, "excluded_lines": 0}, "missing_lines": [], "excluded_lines": []}, "PromptTemplateRegistry.register": {"executed_lines": [520], "summary": {"covered_lines": 1, "num_statements": 1, "percent_covered": 100.0, "percent_covered_display": "100", "missing_lines": 0, "excluded_lines": 0}, "missing_lines": [], "excluded_lines": []}, "PromptTemplateRegistry.get": {"executed_lines": [535, 537, 538, 540, 541], "summary": {"covered_lines": 5, "num_statements": 5, "percent_covered": 100.0, "percent_covered_display": "100", "missing_lines": 0, "excluded_lines": 0}, "missing_lines": [], "excluded_lines": []}, "PromptTemplateRegistry.load_from_config": {"executed_lines": [], "summary": {"covered_lines": 0, "num_statements": 14, "percent_covered": 0.0, "percent_covered_display": "0", "missing_lines": 14, "excluded_lines": 0}, "missing_lines": [553, 555, 556, 557, 558, 563, 567, 568, 569, 570, 571, 572, 573, 574], "excluded_lines": []}, "PromptTemplateRegistry.reset": {"executed_lines": [], "summary": {"covered_lines": 0, "num_statements": 1, "percent_covered": 0.0, "percent_covered_display": "0", "missing_lines": 1, "excluded_lines": 0}, "missing_lines": [579], "excluded_lines": []}, "get_prompt_template": {"executed_lines": [594], "summary": {"covered_lines": 1, "num_statements": 1, "percent_covered": 100.0, "percent_covered_display": "100", "missing_lines": 0, "excluded_lines": 0}, "missing_lines": [], "excluded_lines": []}, "render_prompt": {"executed_lines": [610, 611], "summary": {"covered_lines": 2, "num_statements": 2, "percent_covered": 100.0, "percent_covered_display": "100", "missing_lines": 0, "excluded_lines": 0}, "missing_lines": [], "excluded_lines": []}, "": {"executed_lines": [1, 18, 19, 21, 23, 24, 26, 27, 30, 31, 44, 45, 46, 48, 89, 90, 104, 105, 502, 503, 522, 523, 543, 544, 576, 577, 582, 597], "summary": {"covered_lines": 25, "num_statements": 25, "percent_covered": 100.0, "percent_covered_display": "100", "missing_lines": 0, "excluded_lines": 0}, "missing_lines": [], "excluded_lines": []}}, "classes": {"PromptTemplate": {"executed_lines": [75, 78, 79, 80, 81, 82, 83], "summary": {"covered_lines": 7, "num_statements": 7, "percent_covered": 100.0, "percent_covered_display": "100", "missing_lines": 0, "excluded_lines": 0}, "missing_lines": [], "excluded_lines": []}, "PromptTemplateRegistry": {"executed_lines": [520, 535, 537, 538, 540, 541], "summary": {"covered_lines": 6, "num_statements": 21, "percent_covered": 28.571428571428573, "percent_covered_display": "29", "missing_lines": 15, "excluded_lines": 0}, "missing_lines": [553, 555, 556, 557, 558, 563, 567, 568, 569, 570, 571, 572, 573, 574, 579], "excluded_lines": []}, "": {"executed_lines": [1, 18, 19, 21, 23, 24, 26, 27, 30, 31, 44, 45, 46, 48, 89, 90, 104, 105, 502, 503, 522, 523, 543, 544, 576, 577, 582, 594, 597, 610, 611], "summary": {"covered_lines": 28, "num_statements": 28, "percent_covered": 100.0, "percent_covered_display": "100", "missing_lines": 0, "excluded_lines": 0}, "missing_lines": [], "excluded_lines": []}}}, "src/autoresearch/agents/registry.py": {"executed_lines": [1, 8, 9, 10, 11, 12, 14, 15, 17, 20, 21, 22, 24, 25, 28, 29, 36, 37, 39, 40, 47, 48, 50, 51, 67, 68, 74, 76, 77, 82, 83, 84, 86, 87, 88, 89, 91, 92, 98, 99, 101, 102, 104, 106, 107, 109, 110, 112, 113, 115, 117, 118, 120, 123, 124, 131, 132, 133, 134, 136, 137, 145, 147, 148, 156, 157, 168, 169, 170, 171, 172, 173, 175, 176, 192, 193, 194, 195, 196, 197, 198, 199, 200, 202, 203, 220, 222, 223, 225, 226, 228, 229, 239, 240, 246, 247, 248, 250, 251, 252, 253, 254, 256, 257, 258, 260, 261, 268, 270, 271], "summary": {"covered_lines": 106, "num_statements": 122, "percent_covered": 86.88524590163935, "percent_covered_display": "87", "missing_lines": 16, "excluded_lines": 0}, "missing_lines": [63, 64, 65, 79, 80, 103, 154, 221, 224, 235, 236, 237, 242, 243, 244, 269], "excluded_lines": [], "functions": {"AgentRegistry.register": {"executed_lines": [47, 48], "summary": {"covered_lines": 2, "num_statements": 2, "percent_covered": 100.0, "percent_covered_display": "100", "missing_lines": 0, "excluded_lines": 0}, "missing_lines": [], "excluded_lines": []}, "AgentRegistry.get_class": {"executed_lines": [], "summary": {"covered_lines": 0, "num_statements": 3, "percent_covered": 0.0, "percent_covered_display": "0", "missing_lines": 3, "excluded_lines": 0}, "missing_lines": [63, 64, 65], "excluded_lines": []}, "AgentRegistry.list_available": {"executed_lines": [74], "summary": {"covered_lines": 1, "num_statements": 1, "percent_covered": 100.0, "percent_covered_display": "100", "missing_lines": 0, "excluded_lines": 0}, "missing_lines": [], "excluded_lines": []}, "AgentRegistry.reset": {"executed_lines": [], "summary": {"covered_lines": 0, "num_statements": 2, "percent_covered": 0.0, "percent_covered_display": "0", "missing_lines": 2, "excluded_lines": 0}, "missing_lines": [79, 80], "excluded_lines": []}, "AgentRegistry.temporary_state": {"executed_lines": [86, 87, 88, 89, 91, 92], "summary": {"covered_lines": 6, "num_statements": 6, "percent_covered": 100.0, "percent_covered_display": "100", "missing_lines": 0, "excluded_lines": 0}, "missing_lines": [], "excluded_lines": []}, "AgentRegistry.create_coalition": {"executed_lines": [101, 102, 104], "summary": {"covered_lines": 3, "num_statements": 4, "percent_covered": 75.0, "percent_covered_display": "75", "missing_lines": 1, "excluded_lines": 0}, "missing_lines": [103], "excluded_lines": []}, "AgentRegistry.get_coalition": {"executed_lines": [109, 110], "summary": {"covered_lines": 2, "num_statements": 2, "percent_covered": 100.0, "percent_covered_display": "100", "missing_lines": 0, "excluded_lines": 0}, "missing_lines": [], "excluded_lines": []}, "AgentRegistry.get_coalition_obj": {"executed_lines": [115], "summary": {"covered_lines": 1, "num_statements": 1, "percent_covered": 100.0, "percent_covered_display": "100", "missing_lines": 0, "excluded_lines": 0}, "missing_lines": [], "excluded_lines": []}, "AgentRegistry.list_coalitions": {"executed_lines": [120], "summary": {"covered_lines": 1, "num_statements": 1, "percent_covered": 100.0, "percent_covered_display": "100", "missing_lines": 0, "excluded_lines": 0}, "missing_lines": [], "excluded_lines": []}, "AgentFactory.set_delegate": {"executed_lines": [145], "summary": {"covered_lines": 1, "num_statements": 1, "percent_covered": 100.0, "percent_covered_display": "100", "missing_lines": 0, "excluded_lines": 0}, "missing_lines": [], "excluded_lines": []}, "AgentFactory.get_delegate": {"executed_lines": [], "summary": {"covered_lines": 0, "num_statements": 1, "percent_covered": 0.0, "percent_covered_display": "0", "missing_lines": 1, "excluded_lines": 0}, "missing_lines": [154], "excluded_lines": []}, "AgentFactory.register": {"executed_lines": [168, 169, 170, 171, 172, 173], "summary": {"covered_lines": 6, "num_statements": 6, "percent_covered": 100.0, "percent_covered_display": "100", "missing_lines": 0, "excluded_lines": 0}, "missing_lines": [], "excluded_lines": []}, "AgentFactory.get": {"executed_lines": [192, 193, 194, 195, 196, 197, 198, 199, 200], "summary": {"covered_lines": 9, "num_statements": 9, "percent_covered": 100.0, "percent_covered_display": "100", "missing_lines": 0, "excluded_lines": 0}, "missing_lines": [], "excluded_lines": []}, "AgentFactory.create": {"executed_lines": [220, 222, 223, 225, 226], "summary": {"covered_lines": 5, "num_statements": 7, "percent_covered": 71.42857142857143, "percent_covered_display": "71", "missing_lines": 2, "excluded_lines": 0}, "missing_lines": [221, 224], "excluded_lines": []}, "AgentFactory.list_available": {"executed_lines": [], "summary": {"covered_lines": 0, "num_statements": 3, "percent_covered": 0.0, "percent_covered_display": "0", "missing_lines": 3, "excluded_lines": 0}, "missing_lines": [235, 236, 237], "excluded_lines": []}, "AgentFactory.reset": {"executed_lines": [], "summary": {"covered_lines": 0, "num_statements": 3, "percent_covered": 0.0, "percent_covered_display": "0", "missing_lines": 3, "excluded_lines": 0}, "missing_lines": [242, 243, 244], "excluded_lines": []}, "AgentFactory.temporary_state": {"executed_lines": [250, 251, 252, 253, 254, 256, 257, 258], "summary": {"covered_lines": 8, "num_statements": 8, "percent_covered": 100.0, "percent_covered_display": "100", "missing_lines": 0, "excluded_lines": 0}, "missing_lines": [], "excluded_lines": []}, "AgentFactory.reset_instances": {"executed_lines": [268, 270, 271], "summary": {"covered_lines": 3, "num_statements": 4, "percent_covered": 75.0, "percent_covered_display": "75", "missing_lines": 1, "excluded_lines": 0}, "missing_lines": [269], "excluded_lines": []}, "": {"executed_lines": [1, 8, 9, 10, 11, 12, 14, 15, 17, 20, 21, 22, 24, 25, 28, 29, 36, 37, 39, 40, 50, 51, 67, 68, 76, 77, 82, 83, 84, 98, 99, 106, 107, 112, 113, 117, 118, 123, 124, 131, 132, 133, 134, 136, 137, 147, 148, 156, 157, 175, 176, 202, 203, 228, 229, 239, 240, 246, 247, 248, 260, 261], "summary": {"covered_lines": 58, "num_statements": 58, "percent_covered": 100.0, "percent_covered_display": "100", "missing_lines": 0, "excluded_lines": 0}, "missing_lines": [], "excluded_lines": []}}, "classes": {"Coalition": {"executed_lines": [], "summary": {"covered_lines": 0, "num_statements": 0, "percent_covered": 100.0, "percent_covered_display": "100", "missing_lines": 0, "excluded_lines": 0}, "missing_lines": [], "excluded_lines": []}, "AgentRegistry": {"executed_lines": [47, 48, 74, 86, 87, 88, 89, 91, 92, 101, 102, 104, 109, 110, 115, 120], "summary": {"covered_lines": 16, "num_statements": 22, "percent_covered": 72.72727272727273, "percent_covered_display": "73", "missing_lines": 6, "excluded_lines": 0}, "missing_lines": [63, 64, 65, 79, 80, 103], "excluded_lines": []}, "AgentFactory": {"executed_lines": [145, 168, 169, 170, 171, 172, 173, 192, 193, 194, 195, 196, 197, 198, 199, 200, 220, 222, 223, 225, 226, 250, 251, 252, 253, 254, 256, 257, 258, 268, 270, 271], "summary": {"covered_lines": 32, "num_statements": 42, "percent_covered": 76.19047619047619, "percent_covered_display": "76", "missing_lines": 10, "excluded_lines": 0}, "missing_lines": [154, 221, 224, 235, 236, 237, 242, 243, 244, 269], "excluded_lines": []}, "": {"executed_lines": [1, 8, 9, 10, 11, 12, 14, 15, 17, 20, 21, 22, 24, 25, 28, 29, 36, 37, 39, 40, 50, 51, 67, 68, 76, 77, 82, 83, 84, 98, 99, 106, 107, 112, 113, 117, 118, 123, 124, 131, 132, 133, 134, 136, 137, 147, 148, 156, 157, 175, 176, 202, 203, 228, 229, 239, 240, 246, 247, 248, 260, 261], "summary": {"covered_lines": 58, "num_statements": 58, "percent_covered": 100.0, "percent_covered_display": "100", "missing_lines": 0, "excluded_lines": 0}, "missing_lines": [], "excluded_lines": []}}}, "src/autoresearch/agents/specialized/__init__.py": {"executed_lines": [1, 4, 5, 6, 7, 8, 9, 10, 12], "summary": {"covered_lines": 8, "num_statements": 8, "percent_covered": 100.0, "percent_covered_display": "100", "missing_lines": 0, "excluded_lines": 0}, "missing_lines": [], "excluded_lines": [], "functions": {"": {"executed_lines": [1, 4, 5, 6, 7, 8, 9, 10, 12], "summary": {"covered_lines": 8, "num_statements": 8, "percent_covered": 100.0, "percent_covered_display": "100", "missing_lines": 0, "excluded_lines": 0}, "missing_lines": [], "excluded_lines": []}}, "classes": {"": {"executed_lines": [1, 4, 5, 6, 7, 8, 9, 10, 12], "summary": {"covered_lines": 8, "num_statements": 8, "percent_covered": 100.0, "percent_covered_display": "100", "missing_lines": 0, "excluded_lines": 0}, "missing_lines": [], "excluded_lines": []}}}, "src/autoresearch/agents/specialized/critic.py": {"executed_lines": [1, 9, 11, 12, 13, 14, 15, 16, 18, 21, 22, 24, 25, 27, 29, 31, 32, 35, 36, 37, 43, 44, 45, 47, 59, 67, 70, 73, 74, 83, 95, 101, 103, 105, 106], "summary": {"covered_lines": 33, "num_statements": 43, "percent_covered": 76.74418604651163, "percent_covered_display": "77", "missing_lines": 10, "excluded_lines": 0}, "missing_lines": [49, 84, 85, 86, 87, 93, 96, 97, 98, 99], "excluded_lines": [], "functions": {"CriticAgent.execute": {"executed_lines": [29, 31, 32, 35, 36, 37, 43, 44, 45, 47, 59, 67, 70, 73, 74, 83, 95, 101], "summary": {"covered_lines": 18, "num_statements": 28, "percent_covered": 64.28571428571429, "percent_covered_display": "64", "missing_lines": 10, "excluded_lines": 0}, "missing_lines": [49, 84, 85, 86, 87, 93, 96, 97, 98, 99], "excluded_lines": []}, "CriticAgent.can_execute": {"executed_lines": [105, 106], "summary": {"covered_lines": 2, "num_statements": 2, "percent_covered": 100.0, "percent_covered_display": "100", "missing_lines": 0, "excluded_lines": 0}, "missing_lines": [], "excluded_lines": []}, "": {"executed_lines": [1, 9, 11, 12, 13, 14, 15, 16, 18, 21, 22, 24, 25, 27, 103], "summary": {"covered_lines": 13, "num_statements": 13, "percent_covered": 100.0, "percent_covered_display": "100", "missing_lines": 0, "excluded_lines": 0}, "missing_lines": [], "excluded_lines": []}}, "classes": {"CriticAgent": {"executed_lines": [29, 31, 32, 35, 36, 37, 43, 44, 45, 47, 59, 67, 70, 73, 74, 83, 95, 101, 105, 106], "summary": {"covered_lines": 20, "num_statements": 30, "percent_covered": 66.66666666666667, "percent_covered_display": "67", "missing_lines": 10, "excluded_lines": 0}, "missing_lines": [49, 84, 85, 86, 87, 93, 96, 97, 98, 99], "excluded_lines": []}, "": {"executed_lines": [1, 9, 11, 12, 13, 14, 15, 16, 18, 21, 22, 24, 25, 27, 103], "summary": {"covered_lines": 13, "num_statements": 13, "percent_covered": 100.0, "percent_covered_display": "100", "missing_lines": 0, "excluded_lines": 0}, "missing_lines": [], "excluded_lines": []}}}, "src/autoresearch/agents/specialized/domain_specialist.py": {"executed_lines": [1, 9, 11, 12, 13, 14, 15, 16, 18, 21, 22, 24, 25, 26, 28, 30, 32, 33, 36, 37, 38, 41, 44, 45, 48, 57, 62, 65, 73, 78, 81, 82, 84, 98, 110, 112, 115, 116, 119, 120, 122, 127, 136, 137, 139, 140, 141, 144, 145, 149, 154, 157, 166, 169, 170, 173, 176, 177, 181, 183, 185, 186, 188, 190, 191, 192, 193, 194, 196, 198, 214, 219, 220, 229, 231, 235, 236, 239, 240, 243, 246, 248, 250, 252, 253, 254, 255, 257, 259, 262], "summary": {"covered_lines": 88, "num_statements": 110, "percent_covered": 80.0, "percent_covered_display": "80", "missing_lines": 22, "excluded_lines": 0}, "missing_lines": [58, 59, 60, 74, 75, 76, 99, 100, 101, 102, 108, 147, 155, 167, 179, 199, 200, 203, 212, 233, 244, 260], "excluded_lines": [], "functions": {"DomainSpecialistAgent.execute": {"executed_lines": [30, 32, 33, 36, 37, 38, 41, 44, 45, 48, 57, 62, 65, 73, 78, 81, 82, 84, 98, 110], "summary": {"covered_lines": 20, "num_statements": 31, "percent_covered": 64.51612903225806, "percent_covered_display": "65", "missing_lines": 11, "excluded_lines": 0}, "missing_lines": [58, 59, 60, 74, 75, 76, 99, 100, 101, 102, 108], "excluded_lines": []}, "DomainSpecialistAgent.can_execute": {"executed_lines": [115, 116, 119, 120], "summary": {"covered_lines": 4, "num_statements": 4, "percent_covered": 100.0, "percent_covered_display": "100", "missing_lines": 0, "excluded_lines": 0}, "missing_lines": [], "excluded_lines": []}, "DomainSpecialistAgent._determine_domain": {"executed_lines": [127, 136, 137, 139, 140, 141, 144, 145], "summary": {"covered_lines": 8, "num_statements": 9, "percent_covered": 88.88888888888889, "percent_covered_display": "89", "missing_lines": 1, "excluded_lines": 0}, "missing_lines": [147], "excluded_lines": []}, "DomainSpecialistAgent._check_domain_relevance": {"executed_lines": [154, 157, 166, 169, 170, 173, 176, 177], "summary": {"covered_lines": 8, "num_statements": 11, "percent_covered": 72.72727272727273, "percent_covered_display": "73", "missing_lines": 3, "excluded_lines": 0}, "missing_lines": [155, 167, 179], "excluded_lines": []}, "DomainSpecialistAgent._get_domain_context": {"executed_lines": [183, 185, 186, 188, 190, 191, 192, 193, 194, 196, 198], "summary": {"covered_lines": 11, "num_statements": 15, "percent_covered": 73.33333333333333, "percent_covered_display": "73", "missing_lines": 4, "excluded_lines": 0}, "missing_lines": [199, 200, 203, 212], "excluded_lines": []}, "DomainSpecialistAgent._get_relevant_claims": {"executed_lines": [219, 220, 229, 231, 235, 236, 239, 240, 243, 246], "summary": {"covered_lines": 10, "num_statements": 12, "percent_covered": 83.33333333333333, "percent_covered_display": "83", "missing_lines": 2, "excluded_lines": 0}, "missing_lines": [233, 244], "excluded_lines": []}, "DomainSpecialistAgent._format_claims": {"executed_lines": [250, 252, 253, 254, 255, 257, 259, 262], "summary": {"covered_lines": 8, "num_statements": 9, "percent_covered": 88.88888888888889, "percent_covered_display": "89", "missing_lines": 1, "excluded_lines": 0}, "missing_lines": [260], "excluded_lines": []}, "": {"executed_lines": [1, 9, 11, 12, 13, 14, 15, 16, 18, 21, 22, 24, 25, 26, 28, 112, 122, 149, 181, 214, 248], "summary": {"covered_lines": 19, "num_statements": 19, "percent_covered": 100.0, "percent_covered_display": "100", "missing_lines": 0, "excluded_lines": 0}, "missing_lines": [], "excluded_lines": []}}, "classes": {"DomainSpecialistAgent": {"executed_lines": [30, 32, 33, 36, 37, 38, 41, 44, 45, 48, 57, 62, 65, 73, 78, 81, 82, 84, 98, 110, 115, 116, 119, 120, 127, 136, 137, 139, 140, 141, 144, 145, 154, 157, 166, 169, 170, 173, 176, 177, 183, 185, 186, 188, 190, 191, 192, 193, 194, 196, 198, 219, 220, 229, 231, 235, 236, 239, 240, 243, 246, 250, 252, 253, 254, 255, 257, 259, 262], "summary": {"covered_lines": 69, "num_statements": 91, "percent_covered": 75.82417582417582, "percent_covered_display": "76", "missing_lines": 22, "excluded_lines": 0}, "missing_lines": [58, 59, 60, 74, 75, 76, 99, 100, 101, 102, 108, 147, 155, 167, 179, 199, 200, 203, 212, 233, 244, 260], "excluded_lines": []}, "": {"executed_lines": [1, 9, 11, 12, 13, 14, 15, 16, 18, 21, 22, 24, 25, 26, 28, 112, 122, 149, 181, 214, 248], "summary": {"covered_lines": 19, "num_statements": 19, "percent_covered": 100.0, "percent_covered_display": "100", "missing_lines": 0, "excluded_lines": 0}, "missing_lines": [], "excluded_lines": []}}}, "src/autoresearch/agents/specialized/moderator.py": {"executed_lines": [1, 9, 11, 12, 13, 14, 15, 17, 20, 21, 23, 24, 26, 28, 30, 31, 34, 37, 40, 43, 51, 56, 59, 67, 72, 75, 76, 78, 92, 104, 106, 109, 112, 113, 114, 115, 117, 119, 125, 128, 129, 130, 132, 134, 137, 142, 143, 144, 145, 146, 150, 152, 154, 156, 158, 159, 160, 161, 163, 165], "summary": {"covered_lines": 58, "num_statements": 69, "percent_covered": 84.05797101449275, "percent_covered_display": "84", "missing_lines": 11, "excluded_lines": 0}, "missing_lines": [52, 53, 54, 68, 69, 70, 93, 94, 95, 96, 102], "excluded_lines": [], "functions": {"ModeratorAgent.execute": {"executed_lines": [28, 30, 31, 34, 37, 40, 43, 51, 56, 59, 67, 72, 75, 76, 78, 92, 104], "summary": {"covered_lines": 17, "num_statements": 28, "percent_covered": 60.714285714285715, "percent_covered_display": "61", "missing_lines": 11, "excluded_lines": 0}, "missing_lines": [52, 53, 54, 68, 69, 70, 93, 94, 95, 96, 102], "excluded_lines": []}, "ModeratorAgent.can_execute": {"executed_lines": [109, 112, 113, 114, 115, 117, 119], "summary": {"covered_lines": 7, "num_statements": 7, "percent_covered": 100.0, "percent_covered_display": "100", "missing_lines": 0, "excluded_lines": 0}, "missing_lines": [], "excluded_lines": []}, "ModeratorAgent._get_recent_claims": {"executed_lines": [128, 129, 130], "summary": {"covered_lines": 3, "num_statements": 3, "percent_covered": 100.0, "percent_covered_display": "100", "missing_lines": 0, "excluded_lines": 0}, "missing_lines": [], "excluded_lines": []}, "ModeratorAgent._identify_conflicts": {"executed_lines": [134, 137, 142, 143, 144, 145, 146, 150, 152], "summary": {"covered_lines": 9, "num_statements": 9, "percent_covered": 100.0, "percent_covered_display": "100", "missing_lines": 0, "excluded_lines": 0}, "missing_lines": [], "excluded_lines": []}, "ModeratorAgent._format_dialogue_history": {"executed_lines": [156, 158, 159, 160, 161, 163, 165], "summary": {"covered_lines": 7, "num_statements": 7, "percent_covered": 100.0, "percent_covered_display": "100", "missing_lines": 0, "excluded_lines": 0}, "missing_lines": [], "excluded_lines": []}, "": {"executed_lines": [1, 9, 11, 12, 13, 14, 15, 17, 20, 21, 23, 24, 26, 106, 125, 132, 154], "summary": {"covered_lines": 15, "num_statements": 15, "percent_covered": 100.0, "percent_covered_display": "100", "missing_lines": 0, "excluded_lines": 0}, "missing_lines": [], "excluded_lines": []}}, "classes": {"ModeratorAgent": {"executed_lines": [28, 30, 31, 34, 37, 40, 43, 51, 56, 59, 67, 72, 75, 76, 78, 92, 104, 109, 112, 113, 114, 115, 117, 119, 128, 129, 130, 134, 137, 142, 143, 144, 145, 146, 150, 152, 156, 158, 159, 160, 161, 163, 165], "summary": {"covered_lines": 43, "num_statements": 54, "percent_covered": 79.62962962962963, "percent_covered_display": "80", "missing_lines": 11, "excluded_lines": 0}, "missing_lines": [52, 53, 54, 68, 69, 70, 93, 94, 95, 96, 102], "excluded_lines": []}, "": {"executed_lines": [1, 9, 11, 12, 13, 14, 15, 17, 20, 21, 23, 24, 26, 106, 125, 132, 154], "summary": {"covered_lines": 15, "num_statements": 15, "percent_covered": 100.0, "percent_covered_display": "100", "missing_lines": 0, "excluded_lines": 0}, "missing_lines": [], "excluded_lines": []}}}, "src/autoresearch/agents/specialized/planner.py": {"executed_lines": [1, 3, 5, 6, 7, 8, 9, 10, 12, 13, 14, 15, 16, 17, 18, 20, 23, 24, 25, 27, 28, 29, 30, 31, 32, 33, 35, 38, 186, 189, 190, 191, 192, 206, 207, 209, 216, 217, 218, 219, 221, 224, 226, 227, 228, 229, 233, 236, 238, 239, 240, 241, 242, 246, 247, 248, 249, 250, 253, 254, 255, 256, 257, 258, 259, 260, 261, 262, 263, 264, 267, 271, 274, 275, 278, 279, 280, 281, 282, 284, 286, 287, 289, 291, 292, 293, 294, 296, 299, 300, 303, 304, 305, 307, 308, 309, 310, 311, 312, 314, 315, 317, 318, 319, 320, 321, 322, 323, 324, 327, 328, 329, 334, 335, 336, 337, 339, 341, 342, 343, 344, 345, 347, 349, 350, 353, 354, 356, 357, 359, 361, 363, 364, 367, 368, 369, 370, 371, 372, 373, 374, 375, 376, 377, 378, 382, 383, 384, 385, 386, 387, 388, 389, 390, 391, 393, 394, 396, 403, 405, 406, 407, 413, 415, 416, 417, 418, 420, 421, 422, 423, 450, 451, 455, 464, 465, 474, 476, 478, 481, 482, 484, 485, 486, 487, 490, 493, 494, 495, 496, 498, 500, 507, 508, 509, 514, 515, 520, 521, 523, 524, 526, 527, 529, 530, 533, 534, 535, 536, 537, 538, 539, 541, 542, 545, 549, 550, 551, 553, 557, 558, 564, 569, 570, 571, 572, 574, 581, 583, 584, 590, 592, 595, 596, 597, 598, 599, 600, 602, 603, 605, 606, 607, 608, 609, 611, 616, 617, 618, 619, 620, 621, 622, 636, 641, 646, 647, 648, 649, 650, 655, 681, 686, 687, 691, 692, 698, 701, 702, 703, 704, 712, 717, 718, 719, 721, 722, 723, 724, 733, 734, 735, 736, 739, 742, 748, 755, 756, 758, 768, 769, 770, 771, 772, 773, 782, 793, 795, 806, 807, 808, 821, 822, 823, 824, 825, 827, 830, 836, 838, 839, 842, 843, 844, 845, 846, 849, 850, 852, 853, 858, 859, 860, 861, 863, 865, 875, 876, 877, 975, 978, 979, 980, 982, 983, 987, 988, 992, 993, 997, 998, 1000, 1005, 1006, 1007, 1025, 1026, 1027, 1028, 1029, 1030, 1031, 1032, 1034, 1045, 1046, 1048, 1050, 1051, 1052], "summary": {"covered_lines": 357, "num_statements": 480, "percent_covered": 74.375, "percent_covered_display": "74", "missing_lines": 123, "excluded_lines": 0}, "missing_lines": [210, 211, 222, 230, 231, 268, 270, 276, 283, 285, 288, 290, 295, 297, 313, 316, 325, 338, 348, 379, 380, 381, 392, 424, 425, 426, 427, 435, 436, 437, 466, 467, 468, 483, 488, 489, 497, 525, 528, 531, 540, 543, 604, 627, 628, 629, 630, 635, 664, 665, 666, 670, 671, 673, 679, 706, 707, 708, 710, 726, 757, 759, 774, 809, 810, 819, 831, 837, 840, 847, 851, 854, 855, 856, 862, 879, 880, 881, 882, 883, 884, 893, 895, 896, 897, 899, 900, 901, 902, 908, 909, 910, 911, 912, 913, 914, 915, 924, 925, 926, 927, 928, 930, 939, 940, 941, 942, 943, 953, 962, 964, 973, 984, 985, 989, 990, 994, 995, 1008, 1009, 1017, 1047, 1049], "excluded_lines": [], "functions": {"PlannerPromptBuilder.__post_init__": {"executed_lines": [38], "summary": {"covered_lines": 1, "num_statements": 1, "percent_covered": 100.0, "percent_covered_display": "100", "missing_lines": 0, "excluded_lines": 0}, "missing_lines": [], "excluded_lines": []}, "PlannerPromptBuilder.build": {"executed_lines": [189, 190, 191, 192, 206, 207, 209, 216, 217, 218, 219, 221, 224], "summary": {"covered_lines": 13, "num_statements": 16, "percent_covered": 81.25, "percent_covered_display": "81", "missing_lines": 3, "excluded_lines": 0}, "missing_lines": [210, 211, 222], "excluded_lines": []}, "PlannerPromptBuilder._format_float": {"executed_lines": [228, 229], "summary": {"covered_lines": 2, "num_statements": 4, "percent_covered": 50.0, "percent_covered_display": "50", "missing_lines": 2, "excluded_lines": 0}, "missing_lines": [230, 231], "excluded_lines": []}, "PlannerPromptBuilder._format_graph_context": {"executed_lines": [236, 238, 239, 240, 241, 242, 246, 247, 248, 249, 250, 253, 254, 255, 256, 257, 258, 259, 260, 261, 262, 263, 264, 267, 271, 274, 275, 278, 279, 280, 281, 282, 284, 286, 287, 289, 291, 292, 293, 294, 296, 299, 300, 303, 304, 305, 307, 308, 309, 310, 311, 312, 314, 315, 317, 318, 319, 320, 321, 322, 323, 324, 327, 328, 329, 334, 335, 336, 337, 339, 341, 342, 343, 344, 345, 347, 349, 350], "summary": {"covered_lines": 78, "num_statements": 92, "percent_covered": 84.78260869565217, "percent_covered_display": "85", "missing_lines": 14, "excluded_lines": 0}, "missing_lines": [268, 270, 276, 283, 285, 288, 290, 295, 297, 313, 316, 325, 338, 348], "excluded_lines": []}, "PlannerAgent.execute": {"executed_lines": [361, 363, 364, 367, 368, 369, 370, 371, 372, 373, 374, 375, 376, 377, 378, 382, 383, 384, 385, 386, 387, 388, 389, 390, 391, 393, 394, 396, 403, 405, 406, 407, 413, 415, 416, 417, 418, 420, 421, 422, 423, 450, 451, 455, 464, 465, 474, 476], "summary": {"covered_lines": 48, "num_statements": 62, "percent_covered": 77.41935483870968, "percent_covered_display": "77", "missing_lines": 14, "excluded_lines": 0}, "missing_lines": [379, 380, 381, 392, 424, 425, 426, 427, 435, 436, 437, 466, 467, 468], "excluded_lines": []}, "PlannerAgent._estimate_plan_confidence": {"executed_lines": [481, 482, 484, 485, 486, 487, 490, 493, 494, 495, 496, 498], "summary": {"covered_lines": 12, "num_statements": 16, "percent_covered": 75.0, "percent_covered_display": "75", "missing_lines": 4, "excluded_lines": 0}, "missing_lines": [483, 488, 489, 497], "excluded_lines": []}, "PlannerAgent._planner_result_metadata_adapter": {"executed_lines": [507, 508, 509, 514, 515, 520, 521, 523, 524, 526, 527, 529, 530, 533, 534, 535, 536, 537, 538, 539, 541, 542, 545, 549, 550, 551], "summary": {"covered_lines": 26, "num_statements": 31, "percent_covered": 83.87096774193549, "percent_covered_display": "84", "missing_lines": 5, "excluded_lines": 0}, "missing_lines": [525, 528, 531, 540, 543], "excluded_lines": []}, "PlannerAgent.can_execute": {"executed_lines": [557, 558], "summary": {"covered_lines": 2, "num_statements": 2, "percent_covered": 100.0, "percent_covered_display": "100", "missing_lines": 0, "excluded_lines": 0}, "missing_lines": [], "excluded_lines": []}, "PlannerAgent._generate_task_graph": {"executed_lines": [569, 570, 571, 572, 574, 581, 583, 584, 590], "summary": {"covered_lines": 9, "num_statements": 9, "percent_covered": 100.0, "percent_covered_display": "100", "missing_lines": 0, "excluded_lines": 0}, "missing_lines": [], "excluded_lines": []}, "PlannerAgent._parse_json_block": {"executed_lines": [595, 596, 597, 598, 599, 600, 602, 603, 605, 606, 607, 608, 609], "summary": {"covered_lines": 13, "num_statements": 14, "percent_covered": 92.85714285714286, "percent_covered_display": "93", "missing_lines": 1, "excluded_lines": 0}, "missing_lines": [604], "excluded_lines": []}, "PlannerAgent._normalise_parsed_payload": {"executed_lines": [616, 617, 618, 619, 620, 621, 622, 636, 641, 646, 647, 648, 649, 650, 655], "summary": {"covered_lines": 15, "num_statements": 27, "percent_covered": 55.55555555555556, "percent_covered_display": "56", "missing_lines": 12, "excluded_lines": 0}, "missing_lines": [627, 628, 629, 630, 635, 664, 665, 666, 670, 671, 673, 679], "excluded_lines": []}, "PlannerAgent._heuristic_graph": {"executed_lines": [686, 687, 691, 692], "summary": {"covered_lines": 4, "num_statements": 4, "percent_covered": 100.0, "percent_covered_display": "100", "missing_lines": 0, "excluded_lines": 0}, "missing_lines": [], "excluded_lines": []}, "PlannerAgent._split_plan_entries": {"executed_lines": [701, 702, 703, 704], "summary": {"covered_lines": 4, "num_statements": 8, "percent_covered": 50.0, "percent_covered_display": "50", "missing_lines": 4, "excluded_lines": 0}, "missing_lines": [706, 707, 708, 710], "excluded_lines": []}, "PlannerAgent._normalise_task": {"executed_lines": [717, 718, 719, 721, 722, 723, 724, 733, 734, 735, 736, 739, 742, 748, 755, 756, 758, 768, 769, 770, 771, 772, 773, 782, 793], "summary": {"covered_lines": 25, "num_statements": 29, "percent_covered": 86.20689655172414, "percent_covered_display": "86", "missing_lines": 4, "excluded_lines": 0}, "missing_lines": [726, 757, 759, 774], "excluded_lines": []}, "PlannerAgent._normalise_metadata": {"executed_lines": [806, 807, 808, 821, 822, 823, 824, 825], "summary": {"covered_lines": 8, "num_statements": 11, "percent_covered": 72.72727272727273, "percent_covered_display": "73", "missing_lines": 3, "excluded_lines": 0}, "missing_lines": [809, 810, 819], "excluded_lines": []}, "PlannerAgent._normalise_metadata_value": {"executed_lines": [830, 836, 838, 839], "summary": {"covered_lines": 4, "num_statements": 7, "percent_covered": 57.142857142857146, "percent_covered_display": "57", "missing_lines": 3, "excluded_lines": 0}, "missing_lines": [831, 837, 840], "excluded_lines": []}, "PlannerAgent._extract_question": {"executed_lines": [843, 844, 845, 846], "summary": {"covered_lines": 4, "num_statements": 5, "percent_covered": 80.0, "percent_covered_display": "80", "missing_lines": 1, "excluded_lines": 0}, "missing_lines": [847], "excluded_lines": []}, "PlannerAgent._extract_tools": {"executed_lines": [850, 852, 853], "summary": {"covered_lines": 3, "num_statements": 7, "percent_covered": 42.857142857142854, "percent_covered_display": "43", "missing_lines": 4, "excluded_lines": 0}, "missing_lines": [851, 854, 855, 856], "excluded_lines": []}, "PlannerAgent._extract_sequence": {"executed_lines": [859, 860, 861, 863], "summary": {"covered_lines": 4, "num_statements": 5, "percent_covered": 80.0, "percent_covered_display": "80", "missing_lines": 1, "excluded_lines": 0}, "missing_lines": [862], "excluded_lines": []}, "PlannerAgent._extract_affinity": {"executed_lines": [875, 876, 877], "summary": {"covered_lines": 3, "num_statements": 40, "percent_covered": 7.5, "percent_covered_display": "8", "missing_lines": 37, "excluded_lines": 0}, "missing_lines": [879, 880, 881, 882, 883, 884, 893, 895, 896, 897, 899, 900, 901, 902, 908, 909, 910, 911, 912, 913, 914, 915, 924, 925, 926, 927, 928, 930, 939, 940, 941, 942, 943, 953, 962, 964, 973], "excluded_lines": []}, "PlannerAgent._extract_from_text": {"executed_lines": [978, 979, 980, 982, 983, 987, 988, 992, 993, 997, 998], "summary": {"covered_lines": 11, "num_statements": 17, "percent_covered": 64.70588235294117, "percent_covered_display": "65", "missing_lines": 6, "excluded_lines": 0}, "missing_lines": [984, 985, 989, 990, 994, 995], "excluded_lines": []}, "PlannerAgent._normalise_edges": {"executed_lines": [1005, 1006, 1007, 1025, 1026, 1027, 1028, 1029, 1030, 1031, 1032], "summary": {"covered_lines": 11, "num_statements": 14, "percent_covered": 78.57142857142857, "percent_covered_display": "79", "missing_lines": 3, "excluded_lines": 0}, "missing_lines": [1008, 1009, 1017], "excluded_lines": []}, "PlannerAgent._planner_warning": {"executed_lines": [1045, 1046, 1048, 1050, 1051, 1052], "summary": {"covered_lines": 6, "num_statements": 8, "percent_covered": 75.0, "percent_covered_display": "75", "missing_lines": 2, "excluded_lines": 0}, "missing_lines": [1047, 1049], "excluded_lines": []}, "": {"executed_lines": [1, 3, 5, 6, 7, 8, 9, 10, 12, 13, 14, 15, 16, 17, 18, 20, 23, 24, 25, 27, 28, 29, 30, 31, 32, 33, 35, 186, 226, 227, 233, 353, 354, 356, 357, 359, 478, 500, 553, 564, 592, 611, 681, 698, 712, 795, 827, 842, 849, 858, 865, 975, 1000, 1034], "summary": {"covered_lines": 51, "num_statements": 51, "percent_covered": 100.0, "percent_covered_display": "100", "missing_lines": 0, "excluded_lines": 0}, "missing_lines": [], "excluded_lines": []}}, "classes": {"PlannerPromptBuilder": {"executed_lines": [38, 189, 190, 191, 192, 206, 207, 209, 216, 217, 218, 219, 221, 224, 228, 229, 236, 238, 239, 240, 241, 242, 246, 247, 248, 249, 250, 253, 254, 255, 256, 257, 258, 259, 260, 261, 262, 263, 264, 267, 271, 274, 275, 278, 279, 280, 281, 282, 284, 286, 287, 289, 291, 292, 293, 294, 296, 299, 300, 303, 304, 305, 307, 308, 309, 310, 311, 312, 314, 315, 317, 318, 319, 320, 321, 322, 323, 324, 327, 328, 329, 334, 335, 336, 337, 339, 341, 342, 343, 344, 345, 347, 349, 350], "summary": {"covered_lines": 94, "num_statements": 113, "percent_covered": 83.1858407079646, "percent_covered_display": "83", "missing_lines": 19, "excluded_lines": 0}, "missing_lines": [210, 211, 222, 230, 231, 268, 270, 276, 283, 285, 288, 290, 295, 297, 313, 316, 325, 338, 348], "excluded_lines": []}, "PlannerAgent": {"executed_lines": [361, 363, 364, 367, 368, 369, 370, 371, 372, 373, 374, 375, 376, 377, 378, 382, 383, 384, 385, 386, 387, 388, 389, 390, 391, 393, 394, 396, 403, 405, 406, 407, 413, 415, 416, 417, 418, 420, 421, 422, 423, 450, 451, 455, 464, 465, 474, 476, 481, 482, 484, 485, 486, 487, 490, 493, 494, 495, 496, 498, 507, 508, 509, 514, 515, 520, 521, 523, 524, 526, 527, 529, 530, 533, 534, 535, 536, 537, 538, 539, 541, 542, 545, 549, 550, 551, 557, 558, 569, 570, 571, 572, 574, 581, 583, 584, 590, 595, 596, 597, 598, 599, 600, 602, 603, 605, 606, 607, 608, 609, 616, 617, 618, 619, 620, 621, 622, 636, 641, 646, 647, 648, 649, 650, 655, 686, 687, 691, 692, 701, 702, 703, 704, 717, 718, 719, 721, 722, 723, 724, 733, 734, 735, 736, 739, 742, 748, 755, 756, 758, 768, 769, 770, 771, 772, 773, 782, 793, 806, 807, 808, 821, 822, 823, 824, 825, 830, 836, 838, 839, 843, 844, 845, 846, 850, 852, 853, 859, 860, 861, 863, 875, 876, 877, 97
[...]
5, 78, 80, 81, 88, 90, 91, 92, 93, 96, 97, 98, 100, 101, 102, 103, 104, 105, 106, 107, 108, 109, 110, 111, 113, 116, 118, 120, 123, 136, 137, 138, 139, 148, 150, 153, 154, 155, 158, 159, 161, 169, 170, 171, 172, 174, 175, 177, 179, 184, 186, 187, 188, 189, 198, 211, 212, 217, 234, 239, 242, 243, 250, 251, 252, 253, 254, 255, 256, 258, 260, 263, 264, 267, 268, 271, 272, 276, 277, 278, 284, 285, 286, 288, 301, 302, 304, 328], "summary": {"covered_lines": 127, "num_statements": 150, "percent_covered": 84.66666666666667, "percent_covered_display": "85", "missing_lines": 23, "excluded_lines": 0}, "missing_lines": [25, 27, 29, 53, 89, 117, 176, 185, 190, 218, 231, 232, 240, 244, 259, 261, 265, 269, 280, 282, 317, 326, 331], "excluded_lines": [], "functions": {"round_with_margin": {"executed_lines": [17, 18], "summary": {"covered_lines": 2, "num_statements": 2, "percent_covered": 100.0, "percent_covered_display": "100", "missing_lines": 0, "excluded_lines": 0}, "missing_lines": [], "excluded_lines": []}, "_percentile": {"executed_lines": [24, 26, 28, 30, 31, 32, 33, 34, 35, 36, 37, 38], "summary": {"covered_lines": 12, "num_statements": 15, "percent_covered": 80.0, "percent_covered_display": "80", "missing_lines": 3, "excluded_lines": 0}, "missing_lines": [25, 27, 29], "excluded_lines": []}, "ModelProfile.cost_per_token": {"executed_lines": [], "summary": {"covered_lines": 0, "num_statements": 1, "percent_covered": 0.0, "percent_covered_display": "0", "missing_lines": 1, "excluded_lines": 0}, "missing_lines": [53], "excluded_lines": []}, "AgentUsageStats.avg_total_tokens": {"executed_lines": [69], "summary": {"covered_lines": 1, "num_statements": 1, "percent_covered": 100.0, "percent_covered_display": "100", "missing_lines": 0, "excluded_lines": 0}, "missing_lines": [], "excluded_lines": []}, "AgentUsageStats.estimated_cost": {"executed_lines": [74, 75, 78], "summary": {"covered_lines": 3, "num_statements": 3, "percent_covered": 100.0, "percent_covered_display": "100", "missing_lines": 0, "excluded_lines": 0}, "missing_lines": [], "excluded_lines": []}, "AgentUsageStats.from_samples": {"executed_lines": [88, 90, 91, 92, 93], "summary": {"covered_lines": 5, "num_statements": 6, "percent_covered": 83.33333333333333, "percent_covered_display": "83", "missing_lines": 1, "excluded_lines": 0}, "missing_lines": [89], "excluded_lines": []}, "RoutingDecision.cost_savings": {"executed_lines": [116, 118], "summary": {"covered_lines": 2, "num_statements": 3, "percent_covered": 66.66666666666667, "percent_covered_display": "67", "missing_lines": 1, "excluded_lines": 0}, "missing_lines": [117], "excluded_lines": []}, "RoutingDecision.as_log_extra": {"executed_lines": [123, 136, 137, 138, 139, 148], "summary": {"covered_lines": 6, "num_statements": 6, "percent_covered": 100.0, "percent_covered_display": "100", "missing_lines": 0, "excluded_lines": 0}, "missing_lines": [], "excluded_lines": []}, "RoutingDecision.to_dict": {"executed_lines": [153, 154, 155], "summary": {"covered_lines": 3, "num_statements": 3, "percent_covered": 100.0, "percent_covered_display": "100", "missing_lines": 0, "excluded_lines": 0}, "missing_lines": [], "excluded_lines": []}, "BudgetRouter.__init__": {"executed_lines": [169, 170, 171, 172], "summary": {"covered_lines": 4, "num_statements": 4, "percent_covered": 100.0, "percent_covered_display": "100", "missing_lines": 0, "excluded_lines": 0}, "missing_lines": [], "excluded_lines": []}, "BudgetRouter._candidate_names": {"executed_lines": [175, 177], "summary": {"covered_lines": 2, "num_statements": 3, "percent_covered": 66.66666666666667, "percent_covered_display": "67", "missing_lines": 1, "excluded_lines": 0}, "missing_lines": [176], "excluded_lines": []}, "BudgetRouter._choose_preferred": {"executed_lines": [184, 186, 187, 188, 189], "summary": {"covered_lines": 5, "num_statements": 7, "percent_covered": 71.42857142857143, "percent_covered_display": "71", "missing_lines": 2, "excluded_lines": 0}, "missing_lines": [185, 190], "excluded_lines": []}, "BudgetRouter.select_model_decision": {"executed_lines": [211, 212, 217, 234, 239, 242, 243, 250, 251, 252, 253, 254, 255, 256, 258, 260, 263, 264, 267, 268, 271, 272, 276, 277, 278, 284, 285, 286, 288, 301, 302], "summary": {"covered_lines": 31, "num_statements": 42, "percent_covered": 73.80952380952381, "percent_covered_display": "74", "missing_lines": 11, "excluded_lines": 0}, "missing_lines": [218, 231, 232, 240, 244, 259, 261, 265, 269, 280, 282], "excluded_lines": []}, "BudgetRouter.select_model": {"executed_lines": [], "summary": {"covered_lines": 0, "num_statements": 2, "percent_covered": 0.0, "percent_covered_display": "0", "missing_lines": 2, "excluded_lines": 0}, "missing_lines": [317, 326], "excluded_lines": []}, "BudgetRouter.iter_profiles": {"executed_lines": [], "summary": {"covered_lines": 0, "num_statements": 1, "percent_covered": 0.0, "percent_covered_display": "0", "missing_lines": 1, "excluded_lines": 0}, "missing_lines": [331], "excluded_lines": []}, "": {"executed_lines": [1, 3, 5, 6, 7, 8, 9, 11, 14, 21, 41, 42, 43, 45, 46, 47, 48, 50, 56, 57, 58, 60, 61, 62, 63, 65, 66, 71, 80, 81, 96, 97, 98, 100, 101, 102, 103, 104, 105, 106, 107, 108, 109, 110, 111, 113, 120, 150, 158, 159, 161, 174, 179, 198, 304, 328], "summary": {"covered_lines": 51, "num_statements": 51, "percent_covered": 100.0, "percent_covered_display": "100", "missing_lines": 0, "excluded_lines": 0}, "missing_lines": [], "excluded_lines": []}}, "classes": {"ModelProfile": {"executed_lines": [], "summary": {"covered_lines": 0, "num_statements": 1, "percent_covered": 0.0, "percent_covered_display": "0", "missing_lines": 1, "excluded_lines": 0}, "missing_lines": [53], "excluded_lines": []}, "AgentUsageStats": {"executed_lines": [69, 74, 75, 78, 88, 90, 91, 92, 93], "summary": {"covered_lines": 9, "num_statements": 10, "percent_covered": 90.0, "percent_covered_display": "90", "missing_lines": 1, "excluded_lines": 0}, "missing_lines": [89], "excluded_lines": []}, "RoutingDecision": {"executed_lines": [116, 118, 123, 136, 137, 138, 139, 148, 153, 154, 155], "summary": {"covered_lines": 11, "num_statements": 12, "percent_covered": 91.66666666666667, "percent_covered_display": "92", "missing_lines": 1, "excluded_lines": 0}, "missing_lines": [117], "excluded_lines": []}, "BudgetRouter": {"executed_lines": [169, 170, 171, 172, 175, 177, 184, 186, 187, 188, 189, 211, 212, 217, 234, 239, 242, 243, 250, 251, 252, 253, 254, 255, 256, 258, 260, 263, 264, 267, 268, 271, 272, 276, 277, 278, 284, 285, 286, 288, 301, 302], "summary": {"covered_lines": 42, "num_statements": 59, "percent_covered": 71.1864406779661, "percent_covered_display": "71", "missing_lines": 17, "excluded_lines": 0}, "missing_lines": [176, 185, 190, 218, 231, 232, 240, 244, 259, 261, 265, 269, 280, 282, 317, 326, 331], "excluded_lines": []}, "": {"executed_lines": [1, 3, 5, 6, 7, 8, 9, 11, 14, 17, 18, 21, 24, 26, 28, 30, 31, 32, 33, 34, 35, 36, 37, 38, 41, 42, 43, 45, 46, 47, 48, 50, 56, 57, 58, 60, 61, 62, 63, 65, 66, 71, 80, 81, 96, 97, 98, 100, 101, 102, 103, 104, 105, 106, 107, 108, 109, 110, 111, 113, 120, 150, 158, 159, 161, 174, 179, 198, 304, 328], "summary": {"covered_lines": 65, "num_statements": 68, "percent_covered": 95.58823529411765, "percent_covered_display": "96", "missing_lines": 3, "excluded_lines": 0}, "missing_lines": [25, 27, 29], "excluded_lines": []}}}, "src/autoresearch/tracing.py": {"executed_lines": [1, 36, 38, 40, 41, 45, 48, 53, 56, 81, 82, 84, 85, 86, 87, 88, 91, 117], "summary": {"covered_lines": 17, "num_statements": 17, "percent_covered": 100.0, "percent_covered_display": "100", "missing_lines": 0, "excluded_lines": 0}, "missing_lines": [], "excluded_lines": [], "functions": {"setup_tracing": {"executed_lines": [81, 82, 84, 85, 86, 87, 88], "summary": {"covered_lines": 7, "num_statements": 7, "percent_covered": 100.0, "percent_covered_display": "100", "missing_lines": 0, "excluded_lines": 0}, "missing_lines": [], "excluded_lines": []}, "get_tracer": {"executed_lines": [117], "summary": {"covered_lines": 1, "num_statements": 1, "percent_covered": 100.0, "percent_covered_display": "100", "missing_lines": 0, "excluded_lines": 0}, "missing_lines": [], "excluded_lines": []}, "": {"executed_lines": [1, 36, 38, 40, 41, 45, 48, 53, 56, 91], "summary": {"covered_lines": 9, "num_statements": 9, "percent_covered": 100.0, "percent_covered_display": "100", "missing_lines": 0, "excluded_lines": 0}, "missing_lines": [], "excluded_lines": []}}, "classes": {"": {"executed_lines": [1, 36, 38, 40, 41, 45, 48, 53, 56, 81, 82, 84, 85, 86, 87, 88, 91, 117], "summary": {"covered_lines": 17, "num_statements": 17, "percent_covered": 100.0, "percent_covered_display": "100", "missing_lines": 0, "excluded_lines": 0}, "missing_lines": [], "excluded_lines": []}}}, "src/autoresearch/typing/__init__.py": {"executed_lines": [1, 9, 15], "summary": {"covered_lines": 2, "num_statements": 2, "percent_covered": 100.0, "percent_covered_display": "100", "missing_lines": 0, "excluded_lines": 0}, "missing_lines": [], "excluded_lines": [], "functions": {"": {"executed_lines": [1, 9, 15], "summary": {"covered_lines": 2, "num_statements": 2, "percent_covered": 100.0, "percent_covered_display": "100", "missing_lines": 0, "excluded_lines": 0}, "missing_lines": [], "excluded_lines": []}}, "classes": {"": {"executed_lines": [1, 9, 15], "summary": {"covered_lines": 2, "num_statements": 2, "percent_covered": 100.0, "percent_covered_display": "100", "missing_lines": 0, "excluded_lines": 0}, "missing_lines": [], "excluded_lines": []}}}, "src/autoresearch/typing/http.py": {"executed_lines": [1, 3, 5, 7, 10, 11, 12, 14, 18, 19, 20, 22, 24, 25, 28, 31, 35, 36, 37, 39, 40, 43, 46, 49, 52, 57, 60, 64], "summary": {"covered_lines": 24, "num_statements": 24, "percent_covered": 100.0, "percent_covered_display": "100", "missing_lines": 0, "excluded_lines": 0}, "missing_lines": [], "excluded_lines": [], "functions": {"RequestsAdapterProtocol.close": {"executed_lines": [], "summary": {"covered_lines": 0, "num_statements": 0, "percent_covered": 100.0, "percent_covered_display": "100", "missing_lines": 0, "excluded_lines": 0}, "missing_lines": [], "excluded_lines": []}, "RequestsResponseProtocol.headers": {"executed_lines": [], "summary": {"covered_lines": 0, "num_statements": 0, "percent_covered": 100.0, "percent_covered_display": "100", "missing_lines": 0, "excluded_lines": 0}, "missing_lines": [], "excluded_lines": []}, "RequestsResponseProtocol.json": {"executed_lines": [], "summary": {"covered_lines": 0, "num_statements": 0, "percent_covered": 100.0, "percent_covered_display": "100", "missing_lines": 0, "excluded_lines": 0}, "missing_lines": [], "excluded_lines": []}, "RequestsResponseProtocol.raise_for_status": {"executed_lines": [], "summary": {"covered_lines": 0, "num_statements": 0, "percent_covered": 100.0, "percent_covered_display": "100", "missing_lines": 0, "excluded_lines": 0}, "missing_lines": [], "excluded_lines": []}, "RequestsSessionProtocol.headers": {"executed_lines": [], "summary": {"covered_lines": 0, "num_statements": 0, "percent_covered": 100.0, "percent_covered_display": "100", "missing_lines": 0, "excluded_lines": 0}, "missing_lines": [], "excluded_lines": []}, "RequestsSessionProtocol.mount": {"executed_lines": [], "summary": {"covered_lines": 0, "num_statements": 0, "percent_covered": 100.0, "percent_covered_display": "100", "missing_lines": 0, "excluded_lines": 0}, "missing_lines": [], "excluded_lines": []}, "RequestsSessionProtocol.get_adapter": {"executed_lines": [], "summary": {"covered_lines": 0, "num_statements": 0, "percent_covered": 100.0, "percent_covered_display": "100", "missing_lines": 0, "excluded_lines": 0}, "missing_lines": [], "excluded_lines": []}, "RequestsSessionProtocol.close": {"executed_lines": [], "summary": {"covered_lines": 0, "num_statements": 0, "percent_covered": 100.0, "percent_covered_display": "100", "missing_lines": 0, "excluded_lines": 0}, "missing_lines": [], "excluded_lines": []}, "RequestsSessionProtocol.request": {"executed_lines": [], "summary": {"covered_lines": 0, "num_statements": 0, "percent_covered": 100.0, "percent_covered_display": "100", "missing_lines": 0, "excluded_lines": 0}, "missing_lines": [], "excluded_lines": []}, "RequestsSessionProtocol.get": {"executed_lines": [], "summary": {"covered_lines": 0, "num_statements": 0, "percent_covered": 100.0, "percent_covered_display": "100", "missing_lines": 0, "excluded_lines": 0}, "missing_lines": [], "excluded_lines": []}, "RequestsSessionProtocol.post": {"executed_lines": [], "summary": {"covered_lines": 0, "num_statements": 0, "percent_covered": 100.0, "percent_covered_display": "100", "missing_lines": 0, "excluded_lines": 0}, "missing_lines": [], "excluded_lines": []}, "": {"executed_lines": [1, 3, 5, 7, 10, 11, 12, 14, 18, 19, 20, 22, 24, 25, 28, 31, 35, 36, 37, 39, 40, 43, 46, 49, 52, 57, 60, 64], "summary": {"covered_lines": 24, "num_statements": 24, "percent_covered": 100.0, "percent_covered_display": "100", "missing_lines": 0, "excluded_lines": 0}, "missing_lines": [], "excluded_lines": []}}, "classes": {"RequestsAdapterProtocol": {"executed_lines": [], "summary": {"covered_lines": 0, "num_statements": 0, "percent_covered": 100.0, "percent_covered_display": "100", "missing_lines": 0, "excluded_lines": 0}, "missing_lines": [], "excluded_lines": []}, "RequestsResponseProtocol": {"executed_lines": [], "summary": {"covered_lines": 0, "num_statements": 0, "percent_covered": 100.0, "percent_covered_display": "100", "missing_lines": 0, "excluded_lines": 0}, "missing_lines": [], "excluded_lines": []}, "RequestsSessionProtocol": {"executed_lines": [], "summary": {"covered_lines": 0, "num_statements": 0, "percent_covered": 100.0, "percent_covered_display": "100", "missing_lines": 0, "excluded_lines": 0}, "missing_lines": [], "excluded_lines": []}, "": {"executed_lines": [1, 3, 5, 7, 10, 11, 12, 14, 18, 19, 20, 22, 24, 25, 28, 31, 35, 36, 37, 39, 40, 43, 46, 49, 52, 57, 60, 64], "summary": {"covered_lines": 24, "num_statements": 24, "percent_covered": 100.0, "percent_covered_display": "100", "missing_lines": 0, "excluded_lines": 0}, "missing_lines": [], "excluded_lines": []}}}, "src/autoresearch/ui/provenance.py": {"executed_lines": [1, 3, 5, 7, 10, 15, 16, 17, 20, 21, 24, 25, 26, 29, 30, 35, 38, 39, 40, 41, 42, 45, 48, 49, 50, 51, 52, 53, 55, 58, 60, 63, 66, 67, 69, 70, 71, 72, 74, 75, 76, 77, 78, 79, 80, 81, 82, 85, 88, 89, 119, 122, 123, 124, 125, 126, 127, 128, 129, 132, 135, 136, 137, 139, 140, 141, 143, 144, 145, 146, 147, 148, 149, 150, 153, 154, 158, 160, 161], "summary": {"covered_lines": 78, "num_statements": 83, "percent_covered": 93.97590361445783, "percent_covered_display": "94", "missing_lines": 5, "excluded_lines": 0}, "missing_lines": [31, 32, 54, 142, 159], "excluded_lines": [], "functions": {"generate_socratic_prompts": {"executed_lines": [15, 16, 17, 20, 21, 24, 25, 26, 29, 30, 35, 38, 39, 40, 41, 42], "summary": {"covered_lines": 16, "num_statements": 18, "percent_covered": 88.88888888888889, "percent_covered_display": "89", "missing_lines": 2, "excluded_lines": 0}, "missing_lines": [31, 32], "excluded_lines": []}, "extract_graphrag_artifacts": {"executed_lines": [48, 49, 50, 51, 52, 53, 55], "summary": {"covered_lines": 7, "num_statements": 8, "percent_covered": 87.5, "percent_covered_display": "88", "missing_lines": 1, "excluded_lines": 0}, "missing_lines": [54], "excluded_lines": []}, "depth_sequence": {"executed_lines": [60], "summary": {"covered_lines": 1, "num_statements": 1, "percent_covered": 100.0, "percent_covered_display": "100", "missing_lines": 0, "excluded_lines": 0}, "missing_lines": [], "excluded_lines": []}, "audit_status_rollup": {"executed_lines": [66, 67, 69, 70, 71, 72, 74, 75, 76, 77, 78, 79, 80, 81, 82], "summary": {"covered_lines": 15, "num_statements": 15, "percent_covered": 100.0, "percent_covered_display": "100", "missing_lines": 0, "excluded_lines": 0}, "missing_lines": [], "excluded_lines": []}, "section_toggle_defaults": {"executed_lines": [88, 89], "summary": {"covered_lines": 2, "num_statements": 2, "percent_covered": 100.0, "percent_covered_display": "100", "missing_lines": 0, "excluded_lines": 0}, "missing_lines": [], "excluded_lines": []}, "triggered_gate_signals": {"executed_lines": [122, 123, 124, 125, 126, 127, 128, 129], "summary": {"covered_lines": 8, "num_statements": 8, "percent_covered": 100.0, "percent_covered_display": "100", "missing_lines": 0, "excluded_lines": 0}, "missing_lines": [], "excluded_lines": []}, "format_gate_rationales": {"executed_lines": [135, 136, 137, 139, 140, 141, 143, 144, 145, 146, 147, 148, 149, 150, 153, 154, 158, 160, 161], "summary": {"covered_lines": 19, "num_statements": 21, "percent_covered": 90.47619047619048, "percent_covered_display": "90", "missing_lines": 2, "excluded_lines": 0}, "missing_lines": [142, 159], "excluded_lines": []}, "": {"executed_lines": [1, 3, 5, 7, 10, 45, 58, 63, 85, 119, 132], "summary": {"covered_lines": 10, "num_statements": 10, "percent_covered": 100.0, "percent_covered_display": "100", "missing_lines": 0, "excluded_lines": 0}, "missing_lines": [], "excluded_lines": []}}, "classes": {"": {"executed_lines": [1, 3, 5, 7, 10, 15, 16, 17, 20, 21, 24, 25, 26, 29, 30, 35, 38, 39, 40, 41, 42, 45, 48, 49, 50, 51, 52, 53, 55, 58, 60, 63, 66, 67, 69, 70, 71, 72, 74, 75, 76, 77, 78, 79, 80, 81, 82, 85, 88, 89, 119, 122, 123, 124, 125, 126, 127, 128, 129, 132, 135, 136, 137, 139, 140, 141, 143, 144, 145, 146, 147, 148, 149, 150, 153, 154, 158, 160, 161], "summary": {"covered_lines": 78, "num_statements": 83, "percent_covered": 93.97590361445783, "percent_covered_display": "94", "missing_lines": 5, "excluded_lines": 0}, "missing_lines": [31, 32, 54, 142, 159], "excluded_lines": []}}}, "src/autoresearch/visualization.py": {"executed_lines": [1, 3, 5, 6, 8, 9, 10, 11, 13, 15, 18, 41, 42, 43, 44, 45, 46, 48, 49, 50, 51, 53, 54, 55, 56, 57, 59, 60, 61, 63, 64, 65, 67, 68, 69, 70, 71, 72, 73, 74, 77, 95, 96, 97, 98, 99, 100, 101, 102, 103, 104, 105, 106, 107, 108, 109, 110, 111, 112, 115], "summary": {"covered_lines": 55, "num_statements": 55, "percent_covered": 100.0, "percent_covered_display": "100", "missing_lines": 0, "excluded_lines": 4}, "missing_lines": [], "excluded_lines": [69, 70, 110, 111], "functions": {"save_knowledge_graph": {"executed_lines": [41, 42, 43, 44, 45, 46, 48, 49, 50, 51, 53, 54, 55, 56, 57, 59, 60, 61, 63, 64, 65, 67, 68, 69, 70, 71, 72, 73, 74], "summary": {"covered_lines": 27, "num_statements": 27, "percent_covered": 100.0, "percent_covered_display": "100", "missing_lines": 0, "excluded_lines": 2}, "missing_lines": [], "excluded_lines": [69, 70]}, "save_rdf_graph": {"executed_lines": [95, 96, 97, 98, 99, 100, 101, 102, 103, 104, 105, 106, 107, 108, 109, 110, 111, 112], "summary": {"covered_lines": 16, "num_statements": 16, "percent_covered": 100.0, "percent_covered_display": "100", "missing_lines": 0, "excluded_lines": 2}, "missing_lines": [], "excluded_lines": [110, 111]}, "": {"executed_lines": [1, 3, 5, 6, 8, 9, 10, 11, 13, 15, 18, 77, 115], "summary": {"covered_lines": 12, "num_statements": 12, "percent_covered": 100.0, "percent_covered_display": "100", "missing_lines": 0, "excluded_lines": 0}, "missing_lines": [], "excluded_lines": []}}, "classes": {"": {"executed_lines": [1, 3, 5, 6, 8, 9, 10, 11, 13, 15, 18, 41, 42, 43, 44, 45, 46, 48, 49, 50, 51, 53, 54, 55, 56, 57, 59, 60, 61, 63, 64, 65, 67, 68, 69, 70, 71, 72, 73, 74, 77, 95, 96, 97, 98, 99, 100, 101, 102, 103, 104, 105, 106, 107, 108, 109, 110, 111, 112, 115], "summary": {"covered_lines": 55, "num_statements": 55, "percent_covered": 100.0, "percent_covered_display": "100", "missing_lines": 0, "excluded_lines": 4}, "missing_lines": [], "excluded_lines": [69, 70, 110, 111]}}}}, "totals": {"covered_lines": 14635, "num_statements": 19264, "percent_covered": 75.97072259136213, "percent_covered_display": "76", "missing_lines": 4629, "excluded_lines": 1076}}