============================= test session starts ==============================
platform darwin -- Python 3.12.11, pytest-8.4.2, pluggy-1.6.0
benchmark: 5.1.0 (defaults: timer=time.perf_counter disable_gc=False min_rounds=5 min_time=0.000005 max_time=1.0 calibration_precision=10 warmup=False warmup_iterations=100000)
rootdir: /Users/ravenoak/Projects/github.com/ravenoak/autoresearch
configfile: pytest.ini
plugins: anyio-4.11.0, hypothesis-6.140.2, httpx-0.35.0, langsmith-0.4.31, benchmark-5.1.0, bdd-8.1.0, cov-7.0.0
collected 998 items / 980 deselected / 1 skipped / 18 selected

tests/unit/legacy/test_agent_registry.py .                               [  5%]
tests/unit/legacy/test_cache.py .............                            [ 77%]
tests/unit/legacy/test_cache_deepcopy.py ..                              [ 88%]
tests/unit/legacy/test_cache_extra.py .                                  [ 94%]
tests/unit/legacy/test_relevance_ranking.py F                            [100%]

=================================== FAILURES ===================================
_______________________ test_external_lookup_uses_cache ________________________

    @settings(deadline=None, max_examples=10)
>   @given(texts=st.lists(st.text(min_size=1), min_size=1, max_size=5))
                   ^^^

/Users/ravenoak/Projects/github.com/ravenoak/autoresearch/tests/unit/legacy/test_relevance_ranking.py:418: 
_ _ _ _ _ _ _ _ _ _ _ _ _ _ _ _ _ _ _ _ _ _ _ _ _ _ _ _ _ _ _ _ _ _ _ _ _ _ _ _ 

texts = ['0']

    @settings(deadline=None, max_examples=10)
    @given(texts=st.lists(st.text(min_size=1), min_size=1, max_size=5))
    def test_external_lookup_uses_cache(texts):
        """External lookups reuse cached results per the cache documentation.
    
        Coverage traces to ``docs/algorithms/cache.md`` and ``SPEC_COVERAGE.md``.
        """
        results = [
            {"title": t, "url": f"https://example.com/{i}", "snippet": "s"}
            for i, t in enumerate(texts)
        ]
        backend = MagicMock(return_value=results)
        with TemporaryDirectory() as tmpdir:
            cache = SearchCache(db_path=os.path.join(tmpdir, "cache.json"))
            search = Search(cache=cache)
            search.backends = {"mock": backend}
            cfg = MagicMock()
            cfg.search = SearchConfig(
                backends=["mock"],
                embedding_backends=[],
                use_bm25=False,
                use_semantic_similarity=False,
                use_source_credibility=False,
                bm25_weight=0.0,
                semantic_similarity_weight=0.0,
                source_credibility_weight=1.0,
                context_aware=ContextAwareSearchConfig(enabled=False),
            )
            with patch("autoresearch.search.core.get_config", return_value=cfg):
                first = search.external_lookup("query")
                second = search.external_lookup("query")
    
>       assert backend.call_count == 1
E       AssertionError: assert 3 == 1
E        +  where 3 = <MagicMock id='4781620832'>.call_count
E       Falsifying example: test_external_lookup_uses_cache(
E           texts=['0'],
E       )

/Users/ravenoak/Projects/github.com/ravenoak/autoresearch/tests/unit/legacy/test_relevance_ranking.py:449: AssertionError
----------------------------- Captured stderr call -----------------------------
{"text": "2025-10-06 21:54:43.030 | INFO     | autoresearch.logging_utils:emit:113 - No configuration file found; using defaults\n", "record": {"elapsed": {"repr": "0:00:03.342360", "seconds": 3.34236}, "exception": null, "extra": {}, "file": {"name": "logging_utils.py", "path": "/Users/ravenoak/Projects/github.com/ravenoak/autoresearch/src/autoresearch/logging_utils.py"}, "function": "emit", "level": {"icon": "ℹ️", "name": "INFO", "no": 20}, "line": 113, "message": "No configuration file found; using defaults", "module": "logging_utils", "name": "autoresearch.logging_utils", "process": {"id": 15474, "name": "MainProcess"}, "thread": {"id": 8582996160, "name": "MainThread"}, "time": {"repr": "2025-10-06 21:54:43.030290-07:00", "timestamp": 1759812883.03029}}}
{"text": "2025-10-06 21:54:43.035 | INFO     | autoresearch.logging_utils:emit:113 - {\"event\": \"VSS extension loaded successfully\", \"timestamp\": \"2025-10-07T04:54:43.035484Z\"}\n", "record": {"elapsed": {"repr": "0:00:03.347618", "seconds": 3.347618}, "exception": null, "extra": {}, "file": {"name": "logging_utils.py", "path": "/Users/ravenoak/Projects/github.com/ravenoak/autoresearch/src/autoresearch/logging_utils.py"}, "function": "emit", "level": {"icon": "ℹ️", "name": "INFO", "no": 20}, "line": 113, "message": "{\"event\": \"VSS extension loaded successfully\", \"timestamp\": \"2025-10-07T04:54:43.035484Z\"}", "module": "logging_utils", "name": "autoresearch.logging_utils", "process": {"id": 15474, "name": "MainProcess"}, "thread": {"id": 8582996160, "name": "MainThread"}, "time": {"repr": "2025-10-06 21:54:43.035548-07:00", "timestamp": 1759812883.035548}}}
{"text": "2025-10-06 21:54:43.036 | INFO     | autoresearch.logging_utils:emit:113 - {\"event\": \"Initializing schema version to 1\", \"timestamp\": \"2025-10-07T04:54:43.036814Z\"}\n", "record": {"elapsed": {"repr": "0:00:03.348919", "seconds": 3.348919}, "exception": null, "extra": {}, "file": {"name": "logging_utils.py", "path": "/Users/ravenoak/Projects/github.com/ravenoak/autoresearch/src/autoresearch/logging_utils.py"}, "function": "emit", "level": {"icon": "ℹ️", "name": "INFO", "no": 20}, "line": 113, "message": "{\"event\": \"Initializing schema version to 1\", \"timestamp\": \"2025-10-07T04:54:43.036814Z\"}", "module": "logging_utils", "name": "autoresearch.logging_utils", "process": {"id": 15474, "name": "MainProcess"}, "thread": {"id": 8582996160, "name": "MainThread"}, "time": {"repr": "2025-10-06 21:54:43.036849-07:00", "timestamp": 1759812883.036849}}}
{"text": "2025-10-06 21:54:43.037 | INFO     | autoresearch.logging_utils:emit:113 - {\"event\": \"Current schema version: 1, latest version: 4\", \"timestamp\": \"2025-10-07T04:54:43.037233Z\"}\n", "record": {"elapsed": {"repr": "0:00:03.349332", "seconds": 3.349332}, "exception": null, "extra": {}, "file": {"name": "logging_utils.py", "path": "/Users/ravenoak/Projects/github.com/ravenoak/autoresearch/src/autoresearch/logging_utils.py"}, "function": "emit", "level": {"icon": "ℹ️", "name": "INFO", "no": 20}, "line": 113, "message": "{\"event\": \"Current schema version: 1, latest version: 4\", \"timestamp\": \"2025-10-07T04:54:43.037233Z\"}", "module": "logging_utils", "name": "autoresearch.logging_utils", "process": {"id": 15474, "name": "MainProcess"}, "thread": {"id": 8582996160, "name": "MainThread"}, "time": {"repr": "2025-10-06 21:54:43.037262-07:00", "timestamp": 1759812883.037262}}}
{"text": "2025-10-06 21:54:43.037 | INFO     | autoresearch.logging_utils:emit:113 - {\"event\": \"Running migrations from version 1 to 4\", \"timestamp\": \"2025-10-07T04:54:43.037320Z\"}\n", "record": {"elapsed": {"repr": "0:00:03.349407", "seconds": 3.349407}, "exception": null, "extra": {}, "file": {"name": "logging_utils.py", "path": "/Users/ravenoak/Projects/github.com/ravenoak/autoresearch/src/autoresearch/logging_utils.py"}, "function": "emit", "level": {"icon": "ℹ️", "name": "INFO", "no": 20}, "line": 113, "message": "{\"event\": \"Running migrations from version 1 to 4\", \"timestamp\": \"2025-10-07T04:54:43.037320Z\"}", "module": "logging_utils", "name": "autoresearch.logging_utils", "process": {"id": 15474, "name": "MainProcess"}, "thread": {"id": 8582996160, "name": "MainThread"}, "time": {"repr": "2025-10-06 21:54:43.037337-07:00", "timestamp": 1759812883.037337}}}
{"text": "2025-10-06 21:54:43.038 | INFO     | autoresearch.logging_utils:emit:113 - {\"event\": \"Updated schema version to 4\", \"timestamp\": \"2025-10-07T04:54:43.038098Z\"}\n", "record": {"elapsed": {"repr": "0:00:03.350194", "seconds": 3.350194}, "exception": null, "extra": {}, "file": {"name": "logging_utils.py", "path": "/Users/ravenoak/Projects/github.com/ravenoak/autoresearch/src/autoresearch/logging_utils.py"}, "function": "emit", "level": {"icon": "ℹ️", "name": "INFO", "no": 20}, "line": 113, "message": "{\"event\": \"Updated schema version to 4\", \"timestamp\": \"2025-10-07T04:54:43.038098Z\"}", "module": "logging_utils", "name": "autoresearch.logging_utils", "process": {"id": 15474, "name": "MainProcess"}, "thread": {"id": 8582996160, "name": "MainThread"}, "time": {"repr": "2025-10-06 21:54:43.038124-07:00", "timestamp": 1759812883.038124}}}
{"text": "2025-10-06 21:54:43.038 | INFO     | autoresearch.logging_utils:emit:113 - {\"event\": \"Enabling experimental persistence for HNSW indexes\", \"timestamp\": \"2025-10-07T04:54:43.038185Z\"}\n", "record": {"elapsed": {"repr": "0:00:03.350272", "seconds": 3.350272}, "exception": null, "extra": {}, "file": {"name": "logging_utils.py", "path": "/Users/ravenoak/Projects/github.com/ravenoak/autoresearch/src/autoresearch/logging_utils.py"}, "function": "emit", "level": {"icon": "ℹ️", "name": "INFO", "no": 20}, "line": 113, "message": "{\"event\": \"Enabling experimental persistence for HNSW indexes\", \"timestamp\": \"2025-10-07T04:54:43.038185Z\"}", "module": "logging_utils", "name": "autoresearch.logging_utils", "process": {"id": 15474, "name": "MainProcess"}, "thread": {"id": 8582996160, "name": "MainThread"}, "time": {"repr": "2025-10-06 21:54:43.038202-07:00", "timestamp": 1759812883.038202}}}
{"text": "2025-10-06 21:54:43.038 | ERROR    | autoresearch.logging_utils:emit:113 - {\"event\": \"Failed to create HNSW index: Catalog Error: Setting with name \\\"hnsw_enable_experimental_persistence\\\" is not in the catalog, but it exists in the vss extension.\\n\\nPlease try installing and loading the vss extension:\\nINSTALL vss;\\nLOAD vss;\\n\\n\", \"timestamp\": \"2025-10-07T04:54:43.038378Z\"}\n", "record": {"elapsed": {"repr": "0:00:03.350467", "seconds": 3.350467}, "exception": null, "extra": {}, "file": {"name": "logging_utils.py", "path": "/Users/ravenoak/Projects/github.com/ravenoak/autoresearch/src/autoresearch/logging_utils.py"}, "function": "emit", "level": {"icon": "❌", "name": "ERROR", "no": 40}, "line": 113, "message": "{\"event\": \"Failed to create HNSW index: Catalog Error: Setting with name \\\"hnsw_enable_experimental_persistence\\\" is not in the catalog, but it exists in the vss extension.\\n\\nPlease try installing and loading the vss extension:\\nINSTALL vss;\\nLOAD vss;\\n\\n\", \"timestamp\": \"2025-10-07T04:54:43.038378Z\"}", "module": "logging_utils", "name": "autoresearch.logging_utils", "process": {"id": 15474, "name": "MainProcess"}, "thread": {"id": 8582996160, "name": "MainThread"}, "time": {"repr": "2025-10-06 21:54:43.038397-07:00", "timestamp": 1759812883.038397}}}
{"text": "2025-10-06 21:54:43.039 | WARNING  | autoresearch.logging_utils:emit:113 - {\"event\": \"Falling back to in-memory RDF store due to ImportError: PyO3 modules compiled for CPython 3.8 or older may only be initialized once per interpreter process\", \"timestamp\": \"2025-10-07T04:54:43.039152Z\"}\n", "record": {"elapsed": {"repr": "0:00:03.351246", "seconds": 3.351246}, "exception": null, "extra": {}, "file": {"name": "logging_utils.py", "path": "/Users/ravenoak/Projects/github.com/ravenoak/autoresearch/src/autoresearch/logging_utils.py"}, "function": "emit", "level": {"icon": "⚠️", "name": "WARNING", "no": 30}, "line": 113, "message": "{\"event\": \"Falling back to in-memory RDF store due to ImportError: PyO3 modules compiled for CPython 3.8 or older may only be initialized once per interpreter process\", \"timestamp\": \"2025-10-07T04:54:43.039152Z\"}", "module": "logging_utils", "name": "autoresearch.logging_utils", "process": {"id": 15474, "name": "MainProcess"}, "thread": {"id": 8582996160, "name": "MainThread"}, "time": {"repr": "2025-10-06 21:54:43.039176-07:00", "timestamp": 1759812883.039176}}}
{"text": "2025-10-06 21:54:43.039 | INFO     | autoresearch.logging_utils:emit:113 - {\"event\": \"Initialized fastembed model\", \"timestamp\": \"2025-10-07T04:54:43.039280Z\"}\n", "record": {"elapsed": {"repr": "0:00:03.351372", "seconds": 3.351372}, "exception": null, "extra": {}, "file": {"name": "logging_utils.py", "path": "/Users/ravenoak/Projects/github.com/ravenoak/autoresearch/src/autoresearch/logging_utils.py"}, "function": "emit", "level": {"icon": "ℹ️", "name": "INFO", "no": 20}, "line": 113, "message": "{\"event\": \"Initialized fastembed model\", \"timestamp\": \"2025-10-07T04:54:43.039280Z\"}", "module": "logging_utils", "name": "autoresearch.logging_utils", "process": {"id": 15474, "name": "MainProcess"}, "thread": {"id": 8582996160, "name": "MainThread"}, "time": {"repr": "2025-10-06 21:54:43.039302-07:00", "timestamp": 1759812883.039302}}}
{"text": "2025-10-06 21:54:43.044 | WARNING  | autoresearch.logging_utils:emit:113 - {\"event\": \"Failed to add embeddings: 'OnnxTextEmbedding' object has no attribute 'encode'\", \"timestamp\": \"2025-10-07T04:54:43.044497Z\"}\n", "record": {"elapsed": {"repr": "0:00:03.356598", "seconds": 3.356598}, "exception": null, "extra": {}, "file": {"name": "logging_utils.py", "path": "/Users/ravenoak/Projects/github.com/ravenoak/autoresearch/src/autoresearch/logging_utils.py"}, "function": "emit", "level": {"icon": "⚠️", "name": "WARNING", "no": 30}, "line": 113, "message": "{\"event\": \"Failed to add embeddings: 'OnnxTextEmbedding' object has no attribute 'encode'\", \"timestamp\": \"2025-10-07T04:54:43.044497Z\"}", "module": "logging_utils", "name": "autoresearch.logging_utils", "process": {"id": 15474, "name": "MainProcess"}, "thread": {"id": 8582996160, "name": "MainThread"}, "time": {"repr": "2025-10-06 21:54:43.044528-07:00", "timestamp": 1759812883.044528}}}
{"text": "2025-10-06 21:54:43.044 | WARNING  | autoresearch.logging_utils:emit:113 - {\"event\": \"Failed to add embeddings: 'OnnxTextEmbedding' object has no attribute 'encode'\", \"timestamp\": \"2025-10-07T04:54:43.044945Z\"}\n", "record": {"elapsed": {"repr": "0:00:03.357039", "seconds": 3.357039}, "exception": null, "extra": {}, "file": {"name": "logging_utils.py", "path": "/Users/ravenoak/Projects/github.com/ravenoak/autoresearch/src/autoresearch/logging_utils.py"}, "function": "emit", "level": {"icon": "⚠️", "name": "WARNING", "no": 30}, "line": 113, "message": "{\"event\": \"Failed to add embeddings: 'OnnxTextEmbedding' object has no attribute 'encode'\", \"timestamp\": \"2025-10-07T04:54:43.044945Z\"}", "module": "logging_utils", "name": "autoresearch.logging_utils", "process": {"id": 15474, "name": "MainProcess"}, "thread": {"id": 6122565632, "name": "ThreadPoolExecutor-291_0"}, "time": {"repr": "2025-10-06 21:54:43.044969-07:00", "timestamp": 1759812883.044969}}}
{"text": "2025-10-06 21:54:43.048 | WARNING  | autoresearch.logging_utils:emit:113 - {\"event\": \"Failed to add embeddings: 'OnnxTextEmbedding' object has no attribute 'encode'\", \"timestamp\": \"2025-10-07T04:54:43.048501Z\"}\n", "record": {"elapsed": {"repr": "0:00:03.360601", "seconds": 3.360601}, "exception": null, "extra": {}, "file": {"name": "logging_utils.py", "path": "/Users/ravenoak/Projects/github.com/ravenoak/autoresearch/src/autoresearch/logging_utils.py"}, "function": "emit", "level": {"icon": "⚠️", "name": "WARNING", "no": 30}, "line": 113, "message": "{\"event\": \"Failed to add embeddings: 'OnnxTextEmbedding' object has no attribute 'encode'\", \"timestamp\": \"2025-10-07T04:54:43.048501Z\"}", "module": "logging_utils", "name": "autoresearch.logging_utils", "process": {"id": 15474, "name": "MainProcess"}, "thread": {"id": 8582996160, "name": "MainThread"}, "time": {"repr": "2025-10-06 21:54:43.048531-07:00", "timestamp": 1759812883.048531}}}
{"text": "2025-10-06 21:54:43.048 | WARNING  | autoresearch.logging_utils:emit:113 - {\"event\": \"Failed to add embeddings: 'OnnxTextEmbedding' object has no attribute 'encode'\", \"timestamp\": \"2025-10-07T04:54:43.048924Z\"}\n", "record": {"elapsed": {"repr": "0:00:03.361020", "seconds": 3.36102}, "exception": null, "extra": {}, "file": {"name": "logging_utils.py", "path": "/Users/ravenoak/Projects/github.com/ravenoak/autoresearch/src/autoresearch/logging_utils.py"}, "function": "emit", "level": {"icon": "⚠️", "name": "WARNING", "no": 30}, "line": 113, "message": "{\"event\": \"Failed to add embeddings: 'OnnxTextEmbedding' object has no attribute 'encode'\", \"timestamp\": \"2025-10-07T04:54:43.048924Z\"}", "module": "logging_utils", "name": "autoresearch.logging_utils", "process": {"id": 15474, "name": "MainProcess"}, "thread": {"id": 6122565632, "name": "ThreadPoolExecutor-292_0"}, "time": {"repr": "2025-10-06 21:54:43.048950-07:00", "timestamp": 1759812883.04895}}}
{"text": "2025-10-06 21:54:43.052 | WARNING  | autoresearch.logging_utils:emit:113 - {\"event\": \"Failed to add embeddings: 'OnnxTextEmbedding' object has no attribute 'encode'\", \"timestamp\": \"2025-10-07T04:54:43.052801Z\"}\n", "record": {"elapsed": {"repr": "0:00:03.364897", "seconds": 3.364897}, "exception": null, "extra": {}, "file": {"name": "logging_utils.py", "path": "/Users/ravenoak/Projects/github.com/ravenoak/autoresearch/src/autoresearch/logging_utils.py"}, "function": "emit", "level": {"icon": "⚠️", "name": "WARNING", "no": 30}, "line": 113, "message": "{\"event\": \"Failed to add embeddings: 'OnnxTextEmbedding' object has no attribute 'encode'\", \"timestamp\": \"2025-10-07T04:54:43.052801Z\"}", "module": "logging_utils", "name": "autoresearch.logging_utils", "process": {"id": 15474, "name": "MainProcess"}, "thread": {"id": 8582996160, "name": "MainThread"}, "time": {"repr": "2025-10-06 21:54:43.052827-07:00", "timestamp": 1759812883.052827}}}
{"text": "2025-10-06 21:54:43.053 | WARNING  | autoresearch.logging_utils:emit:113 - {\"event\": \"Failed to add embeddings: 'OnnxTextEmbedding' object has no attribute 'encode'\", \"timestamp\": \"2025-10-07T04:54:43.053205Z\"}\n", "record": {"elapsed": {"repr": "0:00:03.365298", "seconds": 3.365298}, "exception": null, "extra": {}, "file": {"name": "logging_utils.py", "path": "/Users/ravenoak/Projects/github.com/ravenoak/autoresearch/src/autoresearch/logging_utils.py"}, "function": "emit", "level": {"icon": "⚠️", "name": "WARNING", "no": 30}, "line": 113, "message": "{\"event\": \"Failed to add embeddings: 'OnnxTextEmbedding' object has no attribute 'encode'\", \"timestamp\": \"2025-10-07T04:54:43.053205Z\"}", "module": "logging_utils", "name": "autoresearch.logging_utils", "process": {"id": 15474, "name": "MainProcess"}, "thread": {"id": 6122565632, "name": "ThreadPoolExecutor-293_0"}, "time": {"repr": "2025-10-06 21:54:43.053228-07:00", "timestamp": 1759812883.053228}}}
{"text": "2025-10-06 21:54:43.056 | WARNING  | autoresearch.logging_utils:emit:113 - {\"event\": \"Failed to add embeddings: 'OnnxTextEmbedding' object has no attribute 'encode'\", \"timestamp\": \"2025-10-07T04:54:43.056719Z\"}\n", "record": {"elapsed": {"repr": "0:00:03.368814", "seconds": 3.368814}, "exception": null, "extra": {}, "file": {"name": "logging_utils.py", "path": "/Users/ravenoak/Projects/github.com/ravenoak/autoresearch/src/autoresearch/logging_utils.py"}, "function": "emit", "level": {"icon": "⚠️", "name": "WARNING", "no": 30}, "line": 113, "message": "{\"event\": \"Failed to add embeddings: 'OnnxTextEmbedding' object has no attribute 'encode'\", \"timestamp\": \"2025-10-07T04:54:43.056719Z\"}", "module": "logging_utils", "name": "autoresearch.logging_utils", "process": {"id": 15474, "name": "MainProcess"}, "thread": {"id": 8582996160, "name": "MainThread"}, "time": {"repr": "2025-10-06 21:54:43.056744-07:00", "timestamp": 1759812883.056744}}}
{"text": "2025-10-06 21:54:43.066 | WARNING  | autoresearch.logging_utils:emit:113 - {\"event\": \"Failed to add embeddings: 'OnnxTextEmbedding' object has no attribute 'encode'\", \"timestamp\": \"2025-10-07T04:54:43.066199Z\"}\n", "record": {"elapsed": {"repr": "0:00:03.378313", "seconds": 3.378313}, "exception": null, "extra": {}, "file": {"name": "logging_utils.py", "path": "/Users/ravenoak/Projects/github.com/ravenoak/autoresearch/src/autoresearch/logging_utils.py"}, "function": "emit", "level": {"icon": "⚠️", "name": "WARNING", "no": 30}, "line": 113, "message": "{\"event\": \"Failed to add embeddings: 'OnnxTextEmbedding' object has no attribute 'encode'\", \"timestamp\": \"2025-10-07T04:54:43.066199Z\"}", "module": "logging_utils", "name": "autoresearch.logging_utils", "process": {"id": 15474, "name": "MainProcess"}, "thread": {"id": 8582996160, "name": "MainThread"}, "time": {"repr": "2025-10-06 21:54:43.066243-07:00", "timestamp": 1759812883.066243}}}
{"text": "2025-10-06 21:54:43.080 | WARNING  | autoresearch.logging_utils:emit:113 - {\"event\": \"Failed to add embeddings: 'OnnxTextEmbedding' object has no attribute 'encode'\", \"timestamp\": \"2025-10-07T04:54:43.080710Z\"}\n", "record": {"elapsed": {"repr": "0:00:03.392831", "seconds": 3.392831}, "exception": null, "extra": {}, "file": {"name": "logging_utils.py", "path": "/Users/ravenoak/Projects/github.com/ravenoak/autoresearch/src/autoresearch/logging_utils.py"}, "function": "emit", "level": {"icon": "⚠️", "name": "WARNING", "no": 30}, "line": 113, "message": "{\"event\": \"Failed to add embeddings: 'OnnxTextEmbedding' object has no attribute 'encode'\", \"timestamp\": \"2025-10-07T04:54:43.080710Z\"}", "module": "logging_utils", "name": "autoresearch.logging_utils", "process": {"id": 15474, "name": "MainProcess"}, "thread": {"id": 8582996160, "name": "MainThread"}, "time": {"repr": "2025-10-06 21:54:43.080761-07:00", "timestamp": 1759812883.080761}}}
{"text": "2025-10-06 21:54:43.082 | INFO     | autoresearch.logging_utils:emit:113 - Starting ontology reasoning with 0 triples using owlrl\n", "record": {"elapsed": {"repr": "0:00:03.394235", "seconds": 3.394235}, "exception": null, "extra": {}, "file": {"name": "logging_utils.py", "path": "/Users/ravenoak/Projects/github.com/ravenoak/autoresearch/src/autoresearch/logging_utils.py"}, "function": "emit", "level": {"icon": "ℹ️", "name": "INFO", "no": 20}, "line": 113, "message": "Starting ontology reasoning with 0 triples using owlrl", "module": "logging_utils", "name": "autoresearch.logging_utils", "process": {"id": 15474, "name": "MainProcess"}, "thread": {"id": 8582996160, "name": "MainThread"}, "time": {"repr": "2025-10-06 21:54:43.082165-07:00", "timestamp": 1759812883.082165}}}
{"text": "2025-10-06 21:54:43.095 | INFO     | autoresearch.logging_utils:emit:113 - Completed ontology reasoning with 106 triples in 0.01 seconds\n", "record": {"elapsed": {"repr": "0:00:03.407219", "seconds": 3.407219}, "exception": null, "extra": {}, "file": {"name": "logging_utils.py", "path": "/Users/ravenoak/Projects/github.com/ravenoak/autoresearch/src/autoresearch/logging_utils.py"}, "function": "emit", "level": {"icon": "ℹ️", "name": "INFO", "no": 20}, "line": 113, "message": "Completed ontology reasoning with 106 triples in 0.01 seconds", "module": "logging_utils", "name": "autoresearch.logging_utils", "process": {"id": 15474, "name": "MainProcess"}, "thread": {"id": 8582996160, "name": "MainThread"}, "time": {"repr": "2025-10-06 21:54:43.095149-07:00", "timestamp": 1759812883.095149}}}
{"text": "2025-10-06 21:54:43.095 | WARNING  | autoresearch.logging_utils:emit:113 - {\"event\": \"Failed to add embeddings: 'OnnxTextEmbedding' object has no attribute 'encode'\", \"timestamp\": \"2025-10-07T04:54:43.095817Z\"}\n", "record": {"elapsed": {"repr": "0:00:03.407914", "seconds": 3.407914}, "exception": null, "extra": {}, "file": {"name": "logging_utils.py", "path": "/Users/ravenoak/Projects/github.com/ravenoak/autoresearch/src/autoresearch/logging_utils.py"}, "function": "emit", "level": {"icon": "⚠️", "name": "WARNING", "no": 30}, "line": 113, "message": "{\"event\": \"Failed to add embeddings: 'OnnxTextEmbedding' object has no attribute 'encode'\", \"timestamp\": \"2025-10-07T04:54:43.095817Z\"}", "module": "logging_utils", "name": "autoresearch.logging_utils", "process": {"id": 15474, "name": "MainProcess"}, "thread": {"id": 6122565632, "name": "ThreadPoolExecutor-296_0"}, "time": {"repr": "2025-10-06 21:54:43.095844-07:00", "timestamp": 1759812883.095844}}}
{"text": "2025-10-06 21:54:43.102 | WARNING  | autoresearch.logging_utils:emit:113 - {\"event\": \"Failed to add embeddings: 'OnnxTextEmbedding' object has no attribute 'encode'\", \"timestamp\": \"2025-10-07T04:54:43.102301Z\"}\n", "record": {"elapsed": {"repr": "0:00:03.414400", "seconds": 3.4144}, "exception": null, "extra": {}, "file": {"name": "logging_utils.py", "path": "/Users/ravenoak/Projects/github.com/ravenoak/autoresearch/src/autoresearch/logging_utils.py"}, "function": "emit", "level": {"icon": "⚠️", "name": "WARNING", "no": 30}, "line": 113, "message": "{\"event\": \"Failed to add embeddings: 'OnnxTextEmbedding' object has no attribute 'encode'\", \"timestamp\": \"2025-10-07T04:54:43.102301Z\"}", "module": "logging_utils", "name": "autoresearch.logging_utils", "process": {"id": 15474, "name": "MainProcess"}, "thread": {"id": 8582996160, "name": "MainThread"}, "time": {"repr": "2025-10-06 21:54:43.102330-07:00", "timestamp": 1759812883.10233}}}
{"text": "2025-10-06 21:54:43.102 | WARNING  | autoresearch.logging_utils:emit:113 - {\"event\": \"Failed to add embeddings: 'OnnxTextEmbedding' object has no attribute 'encode'\", \"timestamp\": \"2025-10-07T04:54:43.102748Z\"}\n", "record": {"elapsed": {"repr": "0:00:03.414841", "seconds": 3.414841}, "exception": null, "extra": {}, "file": {"name": "logging_utils.py", "path": "/Users/ravenoak/Projects/github.com/ravenoak/autoresearch/src/autoresearch/logging_utils.py"}, "function": "emit", "level": {"icon": "⚠️", "name": "WARNING", "no": 30}, "line": 113, "message": "{\"event\": \"Failed to add embeddings: 'OnnxTextEmbedding' object has no attribute 'encode'\", \"timestamp\": \"2025-10-07T04:54:43.102748Z\"}", "module": "logging_utils", "name": "autoresearch.logging_utils", "process": {"id": 15474, "name": "MainProcess"}, "thread": {"id": 6122565632, "name": "ThreadPoolExecutor-297_0"}, "time": {"repr": "2025-10-06 21:54:43.102771-07:00", "timestamp": 1759812883.102771}}}
{"text": "2025-10-06 21:54:43.108 | WARNING  | autoresearch.logging_utils:emit:113 - {\"event\": \"Failed to add embeddings: 'OnnxTextEmbedding' object has no attribute 'encode'\", \"timestamp\": \"2025-10-07T04:54:43.108664Z\"}\n", "record": {"elapsed": {"repr": "0:00:03.420759", "seconds": 3.420759}, "exception": null, "extra": {}, "file": {"name": "logging_utils.py", "path": "/Users/ravenoak/Projects/github.com/ravenoak/autoresearch/src/autoresearch/logging_utils.py"}, "function": "emit", "level": {"icon": "⚠️", "name": "WARNING", "no": 30}, "line": 113, "message": "{\"event\": \"Failed to add embeddings: 'OnnxTextEmbedding' object has no attribute 'encode'\", \"timestamp\": \"2025-10-07T04:54:43.108664Z\"}", "module": "logging_utils", "name": "autoresearch.logging_utils", "process": {"id": 15474, "name": "MainProcess"}, "thread": {"id": 8582996160, "name": "MainThread"}, "time": {"repr": "2025-10-06 21:54:43.108689-07:00", "timestamp": 1759812883.108689}}}
{"text": "2025-10-06 21:54:43.109 | WARNING  | autoresearch.logging_utils:emit:113 - {\"event\": \"Failed to add embeddings: 'OnnxTextEmbedding' object has no attribute 'encode'\", \"timestamp\": \"2025-10-07T04:54:43.109064Z\"}\n", "record": {"elapsed": {"repr": "0:00:03.421157", "seconds": 3.421157}, "exception": null, "extra": {}, "file": {"name": "logging_utils.py", "path": "/Users/ravenoak/Projects/github.com/ravenoak/autoresearch/src/autoresearch/logging_utils.py"}, "function": "emit", "level": {"icon": "⚠️", "name": "WARNING", "no": 30}, "line": 113, "message": "{\"event\": \"Failed to add embeddings: 'OnnxTextEmbedding' object has no attribute 'encode'\", \"timestamp\": \"2025-10-07T04:54:43.109064Z\"}", "module": "logging_utils", "name": "autoresearch.logging_utils", "process": {"id": 15474, "name": "MainProcess"}, "thread": {"id": 6122565632, "name": "ThreadPoolExecutor-298_0"}, "time": {"repr": "2025-10-06 21:54:43.109087-07:00", "timestamp": 1759812883.109087}}}
{"text": "2025-10-06 21:54:43.115 | WARNING  | autoresearch.logging_utils:emit:113 - {\"event\": \"Failed to add embeddings: 'OnnxTextEmbedding' object has no attribute 'encode'\", \"timestamp\": \"2025-10-07T04:54:43.115071Z\"}\n", "record": {"elapsed": {"repr": "0:00:03.427173", "seconds": 3.427173}, "exception": null, "extra": {}, "file": {"name": "logging_utils.py", "path": "/Users/ravenoak/Projects/github.com/ravenoak/autoresearch/src/autoresearch/logging_utils.py"}, "function": "emit", "level": {"icon": "⚠️", "name": "WARNING", "no": 30}, "line": 113, "message": "{\"event\": \"Failed to add embeddings: 'OnnxTextEmbedding' object has no attribute 'encode'\", \"timestamp\": \"2025-10-07T04:54:43.115071Z\"}", "module": "logging_utils", "name": "autoresearch.logging_utils", "process": {"id": 15474, "name": "MainProcess"}, "thread": {"id": 8582996160, "name": "MainThread"}, "time": {"repr": "2025-10-06 21:54:43.115103-07:00", "timestamp": 1759812883.115103}}}
{"text": "2025-10-06 21:54:43.115 | WARNING  | autoresearch.logging_utils:emit:113 - {\"event\": \"Failed to add embeddings: 'OnnxTextEmbedding' object has no attribute 'encode'\", \"timestamp\": \"2025-10-07T04:54:43.115546Z\"}\n", "record": {"elapsed": {"repr": "0:00:03.427641", "seconds": 3.427641}, "exception": null, "extra": {}, "file": {"name": "logging_utils.py", "path": "/Users/ravenoak/Projects/github.com/ravenoak/autoresearch/src/autoresearch/logging_utils.py"}, "function": "emit", "level": {"icon": "⚠️", "name": "WARNING", "no": 30}, "line": 113, "message": "{\"event\": \"Failed to add embeddings: 'OnnxTextEmbedding' object has no attribute 'encode'\", \"timestamp\": \"2025-10-07T04:54:43.115546Z\"}", "module": "logging_utils", "name": "autoresearch.logging_utils", "process": {"id": 15474, "name": "MainProcess"}, "thread": {"id": 6122565632, "name": "ThreadPoolExecutor-299_0"}, "time": {"repr": "2025-10-06 21:54:43.115571-07:00", "timestamp": 1759812883.115571}}}
{"text": "2025-10-06 21:54:43.121 | WARNING  | autoresearch.logging_utils:emit:113 - {\"event\": \"Failed to add embeddings: 'OnnxTextEmbedding' object has no attribute 'encode'\", \"timestamp\": \"2025-10-07T04:54:43.121524Z\"}\n", "record": {"elapsed": {"repr": "0:00:03.433627", "seconds": 3.433627}, "exception": null, "extra": {}, "file": {"name": "logging_utils.py", "path": "/Users/ravenoak/Projects/github.com/ravenoak/autoresearch/src/autoresearch/logging_utils.py"}, "function": "emit", "level": {"icon": "⚠️", "name": "WARNING", "no": 30}, "line": 113, "message": "{\"event\": \"Failed to add embeddings: 'OnnxTextEmbedding' object has no attribute 'encode'\", \"timestamp\": \"2025-10-07T04:54:43.121524Z\"}", "module": "logging_utils", "name": "autoresearch.logging_utils", "process": {"id": 15474, "name": "MainProcess"}, "thread": {"id": 8582996160, "name": "MainThread"}, "time": {"repr": "2025-10-06 21:54:43.121557-07:00", "timestamp": 1759812883.121557}}}
{"text": "2025-10-06 21:54:43.122 | WARNING  | autoresearch.logging_utils:emit:113 - {\"event\": \"Failed to add embeddings: 'OnnxTextEmbedding' object has no attribute 'encode'\", \"timestamp\": \"2025-10-07T04:54:43.122008Z\"}\n", "record": {"elapsed": {"repr": "0:00:03.434101", "seconds": 3.434101}, "exception": null, "extra": {}, "file": {"name": "logging_utils.py", "path": "/Users/ravenoak/Projects/github.com/ravenoak/autoresearch/src/autoresearch/logging_utils.py"}, "function": "emit", "level": {"icon": "⚠️", "name": "WARNING", "no": 30}, "line": 113, "message": "{\"event\": \"Failed to add embeddings: 'OnnxTextEmbedding' object has no attribute 'encode'\", \"timestamp\": \"2025-10-07T04:54:43.122008Z\"}", "module": "logging_utils", "name": "autoresearch.logging_utils", "process": {"id": 15474, "name": "MainProcess"}, "thread": {"id": 6122565632, "name": "ThreadPoolExecutor-300_0"}, "time": {"repr": "2025-10-06 21:54:43.122031-07:00", "timestamp": 1759812883.122031}}}
{"text": "2025-10-06 21:54:43.200 | WARNING  | autoresearch.logging_utils:emit:113 - {\"event\": \"Failed to add embeddings: 'OnnxTextEmbedding' object has no attribute 'encode'\", \"timestamp\": \"2025-10-07T04:54:43.200883Z\"}\n", "record": {"elapsed": {"repr": "0:00:03.513022", "seconds": 3.513022}, "exception": null, "extra": {}, "file": {"name": "logging_utils.py", "path": "/Users/ravenoak/Projects/github.com/ravenoak/autoresearch/src/autoresearch/logging_utils.py"}, "function": "emit", "level": {"icon": "⚠️", "name": "WARNING", "no": 30}, "line": 113, "message": "{\"event\": \"Failed to add embeddings: 'OnnxTextEmbedding' object has no attribute 'encode'\", \"timestamp\": \"2025-10-07T04:54:43.200883Z\"}", "module": "logging_utils", "name": "autoresearch.logging_utils", "process": {"id": 15474, "name": "MainProcess"}, "thread": {"id": 8582996160, "name": "MainThread"}, "time": {"repr": "2025-10-06 21:54:43.200952-07:00", "timestamp": 1759812883.200952}}}
{"text": "2025-10-06 21:54:43.201 | WARNING  | autoresearch.logging_utils:emit:113 - {\"event\": \"Failed to add embeddings: 'OnnxTextEmbedding' object has no attribute 'encode'\", \"timestamp\": \"2025-10-07T04:54:43.201667Z\"}\n", "record": {"elapsed": {"repr": "0:00:03.513765", "seconds": 3.513765}, "exception": null, "extra": {}, "file": {"name": "logging_utils.py", "path": "/Users/ravenoak/Projects/github.com/ravenoak/autoresearch/src/autoresearch/logging_utils.py"}, "function": "emit", "level": {"icon": "⚠️", "name": "WARNING", "no": 30}, "line": 113, "message": "{\"event\": \"Failed to add embeddings: 'OnnxTextEmbedding' object has no attribute 'encode'\", \"timestamp\": \"2025-10-07T04:54:43.201667Z\"}", "module": "logging_utils", "name": "autoresearch.logging_utils", "process": {"id": 15474, "name": "MainProcess"}, "thread": {"id": 6122565632, "name": "ThreadPoolExecutor-301_0"}, "time": {"repr": "2025-10-06 21:54:43.201695-07:00", "timestamp": 1759812883.201695}}}
{"text": "2025-10-06 21:54:43.221 | WARNING  | autoresearch.logging_utils:emit:113 - {\"event\": \"Failed to add embeddings: 'OnnxTextEmbedding' object has no attribute 'encode'\", \"timestamp\": \"2025-10-07T04:54:43.221651Z\"}\n", "record": {"elapsed": {"repr": "0:00:03.533762", "seconds": 3.533762}, "exception": null, "extra": {}, "file": {"name": "logging_utils.py", "path": "/Users/ravenoak/Projects/github.com/ravenoak/autoresearch/src/autoresearch/logging_utils.py"}, "function": "emit", "level": {"icon": "⚠️", "name": "WARNING", "no": 30}, "line": 113, "message": "{\"event\": \"Failed to add embeddings: 'OnnxTextEmbedding' object has no attribute 'encode'\", \"timestamp\": \"2025-10-07T04:54:43.221651Z\"}", "module": "logging_utils", "name": "autoresearch.logging_utils", "process": {"id": 15474, "name": "MainProcess"}, "thread": {"id": 8582996160, "name": "MainThread"}, "time": {"repr": "2025-10-06 21:54:43.221692-07:00", "timestamp": 1759812883.221692}}}
{"text": "2025-10-06 21:54:43.223 | INFO     | autoresearch.logging_utils:emit:113 - Starting ontology reasoning with 106 triples using owlrl\n", "record": {"elapsed": {"repr": "0:00:03.536036", "seconds": 3.536036}, "exception": null, "extra": {}, "file": {"name": "logging_utils.py", "path": "/Users/ravenoak/Projects/github.com/ravenoak/autoresearch/src/autoresearch/logging_utils.py"}, "function": "emit", "level": {"icon": "ℹ️", "name": "INFO", "no": 20}, "line": 113, "message": "Starting ontology reasoning with 106 triples using owlrl", "module": "logging_utils", "name": "autoresearch.logging_utils", "process": {"id": 15474, "name": "MainProcess"}, "thread": {"id": 8582996160, "name": "MainThread"}, "time": {"repr": "2025-10-06 21:54:43.223966-07:00", "timestamp": 1759812883.223966}}}
{"text": "2025-10-06 21:54:43.230 | INFO     | autoresearch.logging_utils:emit:113 - Completed ontology reasoning with 106 triples in 0.01 seconds\n", "record": {"elapsed": {"repr": "0:00:03.542187", "seconds": 3.542187}, "exception": null, "extra": {}, "file": {"name": "logging_utils.py", "path": "/Users/ravenoak/Projects/github.com/ravenoak/autoresearch/src/autoresearch/logging_utils.py"}, "function": "emit", "level": {"icon": "ℹ️", "name": "INFO", "no": 20}, "line": 113, "message": "Completed ontology reasoning with 106 triples in 0.01 seconds", "module": "logging_utils", "name": "autoresearch.logging_utils", "process": {"id": 15474, "name": "MainProcess"}, "thread": {"id": 8582996160, "name": "MainThread"}, "time": {"repr": "2025-10-06 21:54:43.230117-07:00", "timestamp": 1759812883.230117}}}
{"text": "2025-10-06 21:54:43.231 | INFO     | autoresearch.logging_utils:emit:113 - Starting ontology reasoning with 106 triples using owlrl\n", "record": {"elapsed": {"repr": "0:00:03.543378", "seconds": 3.543378}, "exception": null, "extra": {}, "file": {"name": "logging_utils.py", "path": "/Users/ravenoak/Projects/github.com/ravenoak/autoresearch/src/autoresearch/logging_utils.py"}, "function": "emit", "level": {"icon": "ℹ️", "name": "INFO", "no": 20}, "line": 113, "message": "Starting ontology reasoning with 106 triples using owlrl", "module": "logging_utils", "name": "autoresearch.logging_utils", "process": {"id": 15474, "name": "MainProcess"}, "thread": {"id": 8582996160, "name": "MainThread"}, "time": {"repr": "2025-10-06 21:54:43.231308-07:00", "timestamp": 1759812883.231308}}}
{"text": "2025-10-06 21:54:43.237 | INFO     | autoresearch.logging_utils:emit:113 - Completed ontology reasoning with 106 triples in 0.01 seconds\n", "record": {"elapsed": {"repr": "0:00:03.549615", "seconds": 3.549615}, "exception": null, "extra": {}, "file": {"name": "logging_utils.py", "path": "/Users/ravenoak/Projects/github.com/ravenoak/autoresearch/src/autoresearch/logging_utils.py"}, "function": "emit", "level": {"icon": "ℹ️", "name": "INFO", "no": 20}, "line": 113, "message": "Completed ontology reasoning with 106 triples in 0.01 seconds", "module": "logging_utils", "name": "autoresearch.logging_utils", "process": {"id": 15474, "name": "MainProcess"}, "thread": {"id": 8582996160, "name": "MainThread"}, "time": {"repr": "2025-10-06 21:54:43.237545-07:00", "timestamp": 1759812883.237545}}}
{"text": "2025-10-06 21:54:43.327 | WARNING  | autoresearch.logging_utils:emit:113 - {\"event\": \"Failed to add embeddings: 'OnnxTextEmbedding' object has no attribute 'encode'\", \"timestamp\": \"2025-10-07T04:54:43.327499Z\"}\n", "record": {"elapsed": {"repr": "0:00:03.639622", "seconds": 3.639622}, "exception": null, "extra": {}, "file": {"name": "logging_utils.py", "path": "/Users/ravenoak/Projects/github.com/ravenoak/autoresearch/src/autoresearch/logging_utils.py"}, "function": "emit", "level": {"icon": "⚠️", "name": "WARNING", "no": 30}, "line": 113, "message": "{\"event\": \"Failed to add embeddings: 'OnnxTextEmbedding' object has no attribute 'encode'\", \"timestamp\": \"2025-10-07T04:54:43.327499Z\"}", "module": "logging_utils", "name": "autoresearch.logging_utils", "process": {"id": 15474, "name": "MainProcess"}, "thread": {"id": 8582996160, "name": "MainThread"}, "time": {"repr": "2025-10-06 21:54:43.327552-07:00", "timestamp": 1759812883.327552}}}
{"text": "2025-10-06 21:54:43.328 | WARNING  | autoresearch.logging_utils:emit:113 - {\"event\": \"Failed to add embeddings: 'OnnxTextEmbedding' object has no attribute 'encode'\", \"timestamp\": \"2025-10-07T04:54:43.327995Z\"}\n", "record": {"elapsed": {"repr": "0:00:03.640093", "seconds": 3.640093}, "exception": null, "extra": {}, "file": {"name": "logging_utils.py", "path": "/Users/ravenoak/Projects/github.com/ravenoak/autoresearch/src/autoresearch/logging_utils.py"}, "function": "emit", "level": {"icon": "⚠️", "name": "WARNING", "no": 30}, "line": 113, "message": "{\"event\": \"Failed to add embeddings: 'OnnxTextEmbedding' object has no attribute 'encode'\", \"timestamp\": \"2025-10-07T04:54:43.327995Z\"}", "module": "logging_utils", "name": "autoresearch.logging_utils", "process": {"id": 15474, "name": "MainProcess"}, "thread": {"id": 6122565632, "name": "ThreadPoolExecutor-303_0"}, "time": {"repr": "2025-10-06 21:54:43.328023-07:00", "timestamp": 1759812883.328023}}}
{"text": "2025-10-06 21:54:43.334 | WARNING  | autoresearch.logging_utils:emit:113 - {\"event\": \"Failed to add embeddings: 'OnnxTextEmbedding' object has no attribute 'encode'\", \"timestamp\": \"2025-10-07T04:54:43.334163Z\"}\n", "record": {"elapsed": {"repr": "0:00:03.646262", "seconds": 3.646262}, "exception": null, "extra": {}, "file": {"name": "logging_utils.py", "path": "/Users/ravenoak/Projects/github.com/ravenoak/autoresearch/src/autoresearch/logging_utils.py"}, "function": "emit", "level": {"icon": "⚠️", "name": "WARNING", "no": 30}, "line": 113, "message": "{\"event\": \"Failed to add embeddings: 'OnnxTextEmbedding' object has no attribute 'encode'\", \"timestamp\": \"2025-10-07T04:54:43.334163Z\"}", "module": "logging_utils", "name": "autoresearch.logging_utils", "process": {"id": 15474, "name": "MainProcess"}, "thread": {"id": 8582996160, "name": "MainThread"}, "time": {"repr": "2025-10-06 21:54:43.334192-07:00", "timestamp": 1759812883.334192}}}
{"text": "2025-10-06 21:54:43.334 | WARNING  | autoresearch.logging_utils:emit:113 - {\"event\": \"Failed to add embeddings: 'OnnxTextEmbedding' object has no attribute 'encode'\", \"timestamp\": \"2025-10-07T04:54:43.334574Z\"}\n", "record": {"elapsed": {"repr": "0:00:03.646668", "seconds": 3.646668}, "exception": null, "extra": {}, "file": {"name": "logging_utils.py", "path": "/Users/ravenoak/Projects/github.com/ravenoak/autoresearch/src/autoresearch/logging_utils.py"}, "function": "emit", "level": {"icon": "⚠️", "name": "WARNING", "no": 30}, "line": 113, "message": "{\"event\": \"Failed to add embeddings: 'OnnxTextEmbedding' object has no attribute 'encode'\", \"timestamp\": \"2025-10-07T04:54:43.334574Z\"}", "module": "logging_utils", "name": "autoresearch.logging_utils", "process": {"id": 15474, "name": "MainProcess"}, "thread": {"id": 6122565632, "name": "ThreadPoolExecutor-304_0"}, "time": {"repr": "2025-10-06 21:54:43.334598-07:00", "timestamp": 1759812883.334598}}}
{"text": "2025-10-06 21:54:43.340 | WARNING  | autoresearch.logging_utils:emit:113 - {\"event\": \"Failed to add embeddings: 'OnnxTextEmbedding' object has no attribute 'encode'\", \"timestamp\": \"2025-10-07T04:54:43.340230Z\"}\n", "record": {"elapsed": {"repr": "0:00:03.652324", "seconds": 3.652324}, "exception": null, "extra": {}, "file": {"name": "logging_utils.py", "path": "/Users/ravenoak/Projects/github.com/ravenoak/autoresearch/src/autoresearch/logging_utils.py"}, "function": "emit", "level": {"icon": "⚠️", "name": "WARNING", "no": 30}, "line": 113, "message": "{\"event\": \"Failed to add embeddings: 'OnnxTextEmbedding' object has no attribute 'encode'\", \"timestamp\": \"2025-10-07T04:54:43.340230Z\"}", "module": "logging_utils", "name": "autoresearch.logging_utils", "process": {"id": 15474, "name": "MainProcess"}, "thread": {"id": 8582996160, "name": "MainThread"}, "time": {"repr": "2025-10-06 21:54:43.340254-07:00", "timestamp": 1759812883.340254}}}
{"text": "2025-10-06 21:54:43.340 | WARNING  | autoresearch.logging_utils:emit:113 - {\"event\": \"Failed to add embeddings: 'OnnxTextEmbedding' object has no attribute 'encode'\", \"timestamp\": \"2025-10-07T04:54:43.340594Z\"}\n", "record": {"elapsed": {"repr": "0:00:03.652686", "seconds": 3.652686}, "exception": null, "extra": {}, "file": {"name": "logging_utils.py", "path": "/Users/ravenoak/Projects/github.com/ravenoak/autoresearch/src/autoresearch/logging_utils.py"}, "function": "emit", "level": {"icon": "⚠️", "name": "WARNING", "no": 30}, "line": 113, "message": "{\"event\": \"Failed to add embeddings: 'OnnxTextEmbedding' object has no attribute 'encode'\", \"timestamp\": \"2025-10-07T04:54:43.340594Z\"}", "module": "logging_utils", "name": "autoresearch.logging_utils", "process": {"id": 15474, "name": "MainProcess"}, "thread": {"id": 6122565632, "name": "ThreadPoolExecutor-305_0"}, "time": {"repr": "2025-10-06 21:54:43.340616-07:00", "timestamp": 1759812883.340616}}}
{"text": "2025-10-06 21:54:43.346 | WARNING  | autoresearch.logging_utils:emit:113 - {\"event\": \"Failed to add embeddings: 'OnnxTextEmbedding' object has no attribute 'encode'\", \"timestamp\": \"2025-10-07T04:54:43.346397Z\"}\n", "record": {"elapsed": {"repr": "0:00:03.658494", "seconds": 3.658494}, "exception": null, "extra": {}, "file": {"name": "logging_utils.py", "path": "/Users/ravenoak/Projects/github.com/ravenoak/autoresearch/src/autoresearch/logging_utils.py"}, "function": "emit", "level": {"icon": "⚠️", "name": "WARNING", "no": 30}, "line": 113, "message": "{\"event\": \"Failed to add embeddings: 'OnnxTextEmbedding' object has no attribute 'encode'\", \"timestamp\": \"2025-10-07T04:54:43.346397Z\"}", "module": "logging_utils", "name": "autoresearch.logging_utils", "process": {"id": 15474, "name": "MainProcess"}, "thread": {"id": 8582996160, "name": "MainThread"}, "time": {"repr": "2025-10-06 21:54:43.346424-07:00", "timestamp": 1759812883.346424}}}
{"text": "2025-10-06 21:54:43.361 | WARNING  | autoresearch.logging_utils:emit:113 - {\"event\": \"Failed to add embeddings: 'OnnxTextEmbedding' object has no attribute 'encode'\", \"timestamp\": \"2025-10-07T04:54:43.361618Z\"}\n", "record": {"elapsed": {"repr": "0:00:03.673746", "seconds": 3.673746}, "exception": null, "extra": {}, "file": {"name": "logging_utils.py", "path": "/Users/ravenoak/Projects/github.com/ravenoak/autoresearch/src/autoresearch/logging_utils.py"}, "function": "emit", "level": {"icon": "⚠️", "name": "WARNING", "no": 30}, "line": 113, "message": "{\"event\": \"Failed to add embeddings: 'OnnxTextEmbedding' object has no attribute 'encode'\", \"timestamp\": \"2025-10-07T04:54:43.361618Z\"}", "module": "logging_utils", "name": "autoresearch.logging_utils", "process": {"id": 15474, "name": "MainProcess"}, "thread": {"id": 8582996160, "name": "MainThread"}, "time": {"repr": "2025-10-06 21:54:43.361676-07:00", "timestamp": 1759812883.361676}}}
{"text": "2025-10-06 21:54:43.383 | WARNING  | autoresearch.logging_utils:emit:113 - {\"event\": \"Failed to add embeddings: 'OnnxTextEmbedding' object has no attribute 'encode'\", \"timestamp\": \"2025-10-07T04:54:43.383495Z\"}\n", "record": {"elapsed": {"repr": "0:00:03.695607", "seconds": 3.695607}, "exception": null, "extra": {}, "file": {"name": "logging_utils.py", "path": "/Users/ravenoak/Projects/github.com/ravenoak/autoresearch/src/autoresearch/logging_utils.py"}, "function": "emit", "level": {"icon": "⚠️", "name": "WARNING", "no": 30}, "line": 113, "message": "{\"event\": \"Failed to add embeddings: 'OnnxTextEmbedding' object has no attribute 'encode'\", \"timestamp\": \"2025-10-07T04:54:43.383495Z\"}", "module": "logging_utils", "name": "autoresearch.logging_utils", "process": {"id": 15474, "name": "MainProcess"}, "thread": {"id": 8582996160, "name": "MainThread"}, "time": {"repr": "2025-10-06 21:54:43.383537-07:00", "timestamp": 1759812883.383537}}}
{"text": "2025-10-06 21:54:43.385 | INFO     | autoresearch.logging_utils:emit:113 - Starting ontology reasoning with 106 triples using owlrl\n", "record": {"elapsed": {"repr": "0:00:03.697469", "seconds": 3.697469}, "exception": null, "extra": {}, "file": {"name": "logging_utils.py", "path": "/Users/ravenoak/Projects/github.com/ravenoak/autoresearch/src/autoresearch/logging_utils.py"}, "function": "emit", "level": {"icon": "ℹ️", "name": "INFO", "no": 20}, "line": 113, "message": "Starting ontology reasoning with 106 triples using owlrl", "module": "logging_utils", "name": "autoresearch.logging_utils", "process": {"id": 15474, "name": "MainProcess"}, "thread": {"id": 8582996160, "name": "MainThread"}, "time": {"repr": "2025-10-06 21:54:43.385399-07:00", "timestamp": 1759812883.385399}}}
{"text": "2025-10-06 21:54:43.391 | INFO     | autoresearch.logging_utils:emit:113 - Completed ontology reasoning with 106 triples in 0.01 seconds\n", "record": {"elapsed": {"repr": "0:00:03.704036", "seconds": 3.704036}, "exception": null, "extra": {}, "file": {"name": "logging_utils.py", "path": "/Users/ravenoak/Projects/github.com/ravenoak/autoresearch/src/autoresearch/logging_utils.py"}, "function": "emit", "level": {"icon": "ℹ️", "name": "INFO", "no": 20}, "line": 113, "message": "Completed ontology reasoning with 106 triples in 0.01 seconds", "module": "logging_utils", "name": "autoresearch.logging_utils", "process": {"id": 15474, "name": "MainProcess"}, "thread": {"id": 8582996160, "name": "MainThread"}, "time": {"repr": "2025-10-06 21:54:43.391966-07:00", "timestamp": 1759812883.391966}}}
{"text": "2025-10-06 21:54:43.393 | INFO     | autoresearch.logging_utils:emit:113 - Starting ontology reasoning with 106 triples using owlrl\n", "record": {"elapsed": {"repr": "0:00:03.706053", "seconds": 3.706053}, "exception": null, "extra": {}, "file": {"name": "logging_utils.py", "path": "/Users/ravenoak/Projects/github.com/ravenoak/autoresearch/src/autoresearch/logging_utils.py"}, "function": "emit", "level": {"icon": "ℹ️", "name": "INFO", "no": 20}, "line": 113, "message": "Starting ontology reasoning with 106 triples using owlrl", "module": "logging_utils", "name": "autoresearch.logging_utils", "process": {"id": 15474, "name": "MainProcess"}, "thread": {"id": 8582996160, "name": "MainThread"}, "time": {"repr": "2025-10-06 21:54:43.393983-07:00", "timestamp": 1759812883.393983}}}
{"text": "2025-10-06 21:54:43.400 | INFO     | autoresearch.logging_utils:emit:113 - Completed ontology reasoning with 106 triples in 0.01 seconds\n", "record": {"elapsed": {"repr": "0:00:03.712092", "seconds": 3.712092}, "exception": null, "extra": {}, "file": {"name": "logging_utils.py", "path": "/Users/ravenoak/Projects/github.com/ravenoak/autoresearch/src/autoresearch/logging_utils.py"}, "function": "emit", "level": {"icon": "ℹ️", "name": "INFO", "no": 20}, "line": 113, "message": "Completed ontology reasoning with 106 triples in 0.01 seconds", "module": "logging_utils", "name": "autoresearch.logging_utils", "process": {"id": 15474, "name": "MainProcess"}, "thread": {"id": 8582996160, "name": "MainThread"}, "time": {"repr": "2025-10-06 21:54:43.400022-07:00", "timestamp": 1759812883.400022}}}
{"text": "2025-10-06 21:54:43.400 | WARNING  | autoresearch.logging_utils:emit:113 - {\"event\": \"Failed to add embeddings: 'OnnxTextEmbedding' object has no attribute 'encode'\", \"timestamp\": \"2025-10-07T04:54:43.400759Z\"}\n", "record": {"elapsed": {"repr": "0:00:03.712859", "seconds": 3.712859}, "exception": null, "extra": {}, "file": {"name": "logging_utils.py", "path": "/Users/ravenoak/Projects/github.com/ravenoak/autoresearch/src/autoresearch/logging_utils.py"}, "function": "emit", "level": {"icon": "⚠️", "name": "WARNING", "no": 30}, "line": 113, "message": "{\"event\": \"Failed to add embeddings: 'OnnxTextEmbedding' object has no attribute 'encode'\", \"timestamp\": \"2025-10-07T04:54:43.400759Z\"}", "module": "logging_utils", "name": "autoresearch.logging_utils", "process": {"id": 15474, "name": "MainProcess"}, "thread": {"id": 6122565632, "name": "ThreadPoolExecutor-308_0"}, "time": {"repr": "2025-10-06 21:54:43.400789-07:00", "timestamp": 1759812883.400789}}}
{"text": "2025-10-06 21:54:43.406 | WARNING  | autoresearch.logging_utils:emit:113 - {\"event\": \"Failed to add embeddings: 'OnnxTextEmbedding' object has no attribute 'encode'\", \"timestamp\": \"2025-10-07T04:54:43.406816Z\"}\n", "record": {"elapsed": {"repr": "0:00:03.718914", "seconds": 3.718914}, "exception": null, "extra": {}, "file": {"name": "logging_utils.py", "path": "/Users/ravenoak/Projects/github.com/ravenoak/autoresearch/src/autoresearch/logging_utils.py"}, "function": "emit", "level": {"icon": "⚠️", "name": "WARNING", "no": 30}, "line": 113, "message": "{\"event\": \"Failed to add embeddings: 'OnnxTextEmbedding' object has no attribute 'encode'\", \"timestamp\": \"2025-10-07T04:54:43.406816Z\"}", "module": "logging_utils", "name": "autoresearch.logging_utils", "process": {"id": 15474, "name": "MainProcess"}, "thread": {"id": 8582996160, "name": "MainThread"}, "time": {"repr": "2025-10-06 21:54:43.406844-07:00", "timestamp": 1759812883.406844}}}
{"text": "2025-10-06 21:54:43.407 | WARNING  | autoresearch.logging_utils:emit:113 - {\"event\": \"Failed to add embeddings: 'OnnxTextEmbedding' object has no attribute 'encode'\", \"timestamp\": \"2025-10-07T04:54:43.407285Z\"}\n", "record": {"elapsed": {"repr": "0:00:03.719383", "seconds": 3.719383}, "exception": null, "extra": {}, "file": {"name": "logging_utils.py", "path": "/Users/ravenoak/Projects/github.com/ravenoak/autoresearch/src/autoresearch/logging_utils.py"}, "function": "emit", "level": {"icon": "⚠️", "name": "WARNING", "no": 30}, "line": 113, "message": "{\"event\": \"Failed to add embeddings: 'OnnxTextEmbedding' object has no attribute 'encode'\", \"timestamp\": \"2025-10-07T04:54:43.407285Z\"}", "module": "logging_utils", "name": "autoresearch.logging_utils", "process": {"id": 15474, "name": "MainProcess"}, "thread": {"id": 6122565632, "name": "ThreadPoolExecutor-309_0"}, "time": {"repr": "2025-10-06 21:54:43.407313-07:00", "timestamp": 1759812883.407313}}}
{"text": "2025-10-06 21:54:43.413 | WARNING  | autoresearch.logging_utils:emit:113 - {\"event\": \"Failed to add embeddings: 'OnnxTextEmbedding' object has no attribute 'encode'\", \"timestamp\": \"2025-10-07T04:54:43.413314Z\"}\n", "record": {"elapsed": {"repr": "0:00:03.725425", "seconds": 3.725425}, "exception": null, "extra": {}, "file": {"name": "logging_utils.py", "path": "/Users/ravenoak/Projects/github.com/ravenoak/autoresearch/src/autoresearch/logging_utils.py"}, "function": "emit", "level": {"icon": "⚠️", "name": "WARNING", "no": 30}, "line": 113, "message": "{\"event\": \"Failed to add embeddings: 'OnnxTextEmbedding' object has no attribute 'encode'\", \"timestamp\": \"2025-10-07T04:54:43.413314Z\"}", "module": "logging_utils", "name": "autoresearch.logging_utils", "process": {"id": 15474, "name": "MainProcess"}, "thread": {"id": 8582996160, "name": "MainThread"}, "time": {"repr": "2025-10-06 21:54:43.413355-07:00", "timestamp": 1759812883.413355}}}
{"text": "2025-10-06 21:54:43.413 | WARNING  | autoresearch.logging_utils:emit:113 - {\"event\": \"Failed to add embeddings: 'OnnxTextEmbedding' object has no attribute 'encode'\", \"timestamp\": \"2025-10-07T04:54:43.413876Z\"}\n", "record": {"elapsed": {"repr": "0:00:03.725971", "seconds": 3.725971}, "exception": null, "extra": {}, "file": {"name": "logging_utils.py", "path": "/Users/ravenoak/Projects/github.com/ravenoak/autoresearch/src/autoresearch/logging_utils.py"}, "function": "emit", "level": {"icon": "⚠️", "name": "WARNING", "no": 30}, "line": 113, "message": "{\"event\": \"Failed to add embeddings: 'OnnxTextEmbedding' object has no attribute 'encode'\", \"timestamp\": \"2025-10-07T04:54:43.413876Z\"}", "module": "logging_utils", "name": "autoresearch.logging_utils", "process": {"id": 15474, "name": "MainProcess"}, "thread": {"id": 6122565632, "name": "ThreadPoolExecutor-310_0"}, "time": {"repr": "2025-10-06 21:54:43.413901-07:00", "timestamp": 1759812883.413901}}}
{"text": "2025-10-06 21:54:43.420 | WARNING  | autoresearch.logging_utils:emit:113 - {\"event\": \"Failed to add embeddings: 'OnnxTextEmbedding' object has no attribute 'encode'\", \"timestamp\": \"2025-10-07T04:54:43.420389Z\"}\n", "record": {"elapsed": {"repr": "0:00:03.732501", "seconds": 3.732501}, "exception": null, "extra": {}, "file": {"name": "logging_utils.py", "path": "/Users/ravenoak/Projects/github.com/ravenoak/autoresearch/src/autoresearch/logging_utils.py"}, "function": "emit", "level": {"icon": "⚠️", "name": "WARNING", "no": 30}, "line": 113, "message": "{\"event\": \"Failed to add embeddings: 'OnnxTextEmbedding' object has no attribute 'encode'\", \"timestamp\": \"2025-10-07T04:54:43.420389Z\"}", "module": "logging_utils", "name": "autoresearch.logging_utils", "process": {"id": 15474, "name": "MainProcess"}, "thread": {"id": 8582996160, "name": "MainThread"}, "time": {"repr": "2025-10-06 21:54:43.420431-07:00", "timestamp": 1759812883.420431}}}
{"text": "2025-10-06 21:54:43.420 | WARNING  | autoresearch.logging_utils:emit:113 - {\"event\": \"Failed to add embeddings: 'OnnxTextEmbedding' object has no attribute 'encode'\", \"timestamp\": \"2025-10-07T04:54:43.420908Z\"}\n", "record": {"elapsed": {"repr": "0:00:03.733004", "seconds": 3.733004}, "exception": null, "extra": {}, "file": {"name": "logging_utils.py", "path": "/Users/ravenoak/Projects/github.com/ravenoak/autoresearch/src/autoresearch/logging_utils.py"}, "function": "emit", "level": {"icon": "⚠️", "name": "WARNING", "no": 30}, "line": 113, "message": "{\"event\": \"Failed to add embeddings: 'OnnxTextEmbedding' object has no attribute 'encode'\", \"timestamp\": \"2025-10-07T04:54:43.420908Z\"}", "module": "logging_utils", "name": "autoresearch.logging_utils", "process": {"id": 15474, "name": "MainProcess"}, "thread": {"id": 6122565632, "name": "ThreadPoolExecutor-311_0"}, "time": {"repr": "2025-10-06 21:54:43.420934-07:00", "timestamp": 1759812883.420934}}}
{"text": "2025-10-06 21:54:43.427 | WARNING  | autoresearch.logging_utils:emit:113 - {\"event\": \"Failed to add embeddings: 'OnnxTextEmbedding' object has no attribute 'encode'\", \"timestamp\": \"2025-10-07T04:54:43.427095Z\"}\n", "record": {"elapsed": {"repr": "0:00:03.739222", "seconds": 3.739222}, "exception": null, "extra": {}, "file": {"name": "logging_utils.py", "path": "/Users/ravenoak/Projects/github.com/ravenoak/autoresearch/src/autoresearch/logging_utils.py"}, "function": "emit", "level": {"icon": "⚠️", "name": "WARNING", "no": 30}, "line": 113, "message": "{\"event\": \"Failed to add embeddings: 'OnnxTextEmbedding' object has no attribute 'encode'\", \"timestamp\": \"2025-10-07T04:54:43.427095Z\"}", "module": "logging_utils", "name": "autoresearch.logging_utils", "process": {"id": 15474, "name": "MainProcess"}, "thread": {"id": 8582996160, "name": "MainThread"}, "time": {"repr": "2025-10-06 21:54:43.427152-07:00", "timestamp": 1759812883.427152}}}
{"text": "2025-10-06 21:54:43.427 | WARNING  | autoresearch.logging_utils:emit:113 - {\"event\": \"Failed to add embeddings: 'OnnxTextEmbedding' object has no attribute 'encode'\", \"timestamp\": \"2025-10-07T04:54:43.427735Z\"}\n", "record": {"elapsed": {"repr": "0:00:03.739830", "seconds": 3.73983}, "exception": null, "extra": {}, "file": {"name": "logging_utils.py", "path": "/Users/ravenoak/Projects/github.com/ravenoak/autoresearch/src/autoresearch/logging_utils.py"}, "function": "emit", "level": {"icon": "⚠️", "name": "WARNING", "no": 30}, "line": 113, "message": "{\"event\": \"Failed to add embeddings: 'OnnxTextEmbedding' object has no attribute 'encode'\", \"timestamp\": \"2025-10-07T04:54:43.427735Z\"}", "module": "logging_utils", "name": "autoresearch.logging_utils", "process": {"id": 15474, "name": "MainProcess"}, "thread": {"id": 6122565632, "name": "ThreadPoolExecutor-312_0"}, "time": {"repr": "2025-10-06 21:54:43.427760-07:00", "timestamp": 1759812883.42776}}}
{"text": "2025-10-06 21:54:43.441 | WARNING  | autoresearch.logging_utils:emit:113 - {\"event\": \"Failed to add embeddings: 'OnnxTextEmbedding' object has no attribute 'encode'\", \"timestamp\": \"2025-10-07T04:54:43.441284Z\"}\n", "record": {"elapsed": {"repr": "0:00:03.753402", "seconds": 3.753402}, "exception": null, "extra": {}, "file": {"name": "logging_utils.py", "path": "/Users/ravenoak/Projects/github.com/ravenoak/autoresearch/src/autoresearch/logging_utils.py"}, "function": "emit", "level": {"icon": "⚠️", "name": "WARNING", "no": 30}, "line": 113, "message": "{\"event\": \"Failed to add embeddings: 'OnnxTextEmbedding' object has no attribute 'encode'\", \"timestamp\": \"2025-10-07T04:54:43.441284Z\"}", "module": "logging_utils", "name": "autoresearch.logging_utils", "process": {"id": 15474, "name": "MainProcess"}, "thread": {"id": 8582996160, "name": "MainThread"}, "time": {"repr": "2025-10-06 21:54:43.441332-07:00", "timestamp": 1759812883.441332}}}
{"text": "2025-10-06 21:54:43.441 | WARNING  | autoresearch.logging_utils:emit:113 - {\"event\": \"Failed to add embeddings: 'OnnxTextEmbedding' object has no attribute 'encode'\", \"timestamp\": \"2025-10-07T04:54:43.441895Z\"}\n", "record": {"elapsed": {"repr": "0:00:03.753989", "seconds": 3.753989}, "exception": null, "extra": {}, "file": {"name": "logging_utils.py", "path": "/Users/ravenoak/Projects/github.com/ravenoak/autoresearch/src/autoresearch/logging_utils.py"}, "function": "emit", "level": {"icon": "⚠️", "name": "WARNING", "no": 30}, "line": 113, "message": "{\"event\": \"Failed to add embeddings: 'OnnxTextEmbedding' object has no attribute 'encode'\", \"timestamp\": \"2025-10-07T04:54:43.441895Z\"}", "module": "logging_utils", "name": "autoresearch.logging_utils", "process": {"id": 15474, "name": "MainProcess"}, "thread": {"id": 6122565632, "name": "ThreadPoolExecutor-313_0"}, "time": {"repr": "2025-10-06 21:54:43.441919-07:00", "timestamp": 1759812883.441919}}}
{"text": "2025-10-06 21:54:43.462 | WARNING  | autoresearch.logging_utils:emit:113 - {\"event\": \"Failed to add embeddings: 'OnnxTextEmbedding' object has no attribute 'encode'\", \"timestamp\": \"2025-10-07T04:54:43.462228Z\"}\n", "record": {"elapsed": {"repr": "0:00:03.774349", "seconds": 3.774349}, "exception": null, "extra": {}, "file": {"name": "logging_utils.py", "path": "/Users/ravenoak/Projects/github.com/ravenoak/autoresearch/src/autoresearch/logging_utils.py"}, "function": "emit", "level": {"icon": "⚠️", "name": "WARNING", "no": 30}, "line": 113, "message": "{\"event\": \"Failed to add embeddings: 'OnnxTextEmbedding' object has no attribute 'encode'\", \"timestamp\": \"2025-10-07T04:54:43.462228Z\"}", "module": "logging_utils", "name": "autoresearch.logging_utils", "process": {"id": 15474, "name": "MainProcess"}, "thread": {"id": 8582996160, "name": "MainThread"}, "time": {"repr": "2025-10-06 21:54:43.462279-07:00", "timestamp": 1759812883.462279}}}
{"text": "2025-10-06 21:54:43.464 | INFO     | autoresearch.logging_utils:emit:113 - Starting ontology reasoning with 106 triples using owlrl\n", "record": {"elapsed": {"repr": "0:00:03.776498", "seconds": 3.776498}, "exception": null, "extra": {}, "file": {"name": "logging_utils.py", "path": "/Users/ravenoak/Projects/github.com/ravenoak/autoresearch/src/autoresearch/logging_utils.py"}, "function": "emit", "level": {"icon": "ℹ️", "name": "INFO", "no": 20}, "line": 113, "message": "Starting ontology reasoning with 106 triples using owlrl", "module": "logging_utils", "name": "autoresearch.logging_utils", "process": {"id": 15474, "name": "MainProcess"}, "thread": {"id": 8582996160, "name": "MainThread"}, "time": {"repr": "2025-10-06 21:54:43.464428-07:00", "timestamp": 1759812883.464428}}}
{"text": "2025-10-06 21:54:43.470 | INFO     | autoresearch.logging_utils:emit:113 - Completed ontology reasoning with 106 triples in 0.01 seconds\n", "record": {"elapsed": {"repr": "0:00:03.782534", "seconds": 3.782534}, "exception": null, "extra": {}, "file": {"name": "logging_utils.py", "path": "/Users/ravenoak/Projects/github.com/ravenoak/autoresearch/src/autoresearch/logging_utils.py"}, "function": "emit", "level": {"icon": "ℹ️", "name": "INFO", "no": 20}, "line": 113, "message": "Completed ontology reasoning with 106 triples in 0.01 seconds", "module": "logging_utils", "name": "autoresearch.logging_utils", "process": {"id": 15474, "name": "MainProcess"}, "thread": {"id": 8582996160, "name": "MainThread"}, "time": {"repr": "2025-10-06 21:54:43.470464-07:00", "timestamp": 1759812883.470464}}}
{"text": "2025-10-06 21:54:43.471 | INFO     | autoresearch.logging_utils:emit:113 - Starting ontology reasoning with 106 triples using owlrl\n", "record": {"elapsed": {"repr": "0:00:03.783789", "seconds": 3.783789}, "exception": null, "extra": {}, "file": {"name": "logging_utils.py", "path": "/Users/ravenoak/Projects/github.com/ravenoak/autoresearch/src/autoresearch/logging_utils.py"}, "function": "emit", "level": {"icon": "ℹ️", "name": "INFO", "no": 20}, "line": 113, "message": "Starting ontology reasoning with 106 triples using owlrl", "module": "logging_utils", "name": "autoresearch.logging_utils", "process": {"id": 15474, "name": "MainProcess"}, "thread": {"id": 8582996160, "name": "MainThread"}, "time": {"repr": "2025-10-06 21:54:43.471719-07:00", "timestamp": 1759812883.471719}}}
{"text": "2025-10-06 21:54:43.477 | INFO     | autoresearch.logging_utils:emit:113 - Completed ontology reasoning with 106 triples in 0.01 seconds\n", "record": {"elapsed": {"repr": "0:00:03.789731", "seconds": 3.789731}, "exception": null, "extra": {}, "file": {"name": "logging_utils.py", "path": "/Users/ravenoak/Projects/github.com/ravenoak/autoresearch/src/autoresearch/logging_utils.py"}, "function": "emit", "level": {"icon": "ℹ️", "name": "INFO", "no": 20}, "line": 113, "message": "Completed ontology reasoning with 106 triples in 0.01 seconds", "module": "logging_utils", "name": "autoresearch.logging_utils", "process": {"id": 15474, "name": "MainProcess"}, "thread": {"id": 8582996160, "name": "MainThread"}, "time": {"repr": "2025-10-06 21:54:43.477661-07:00", "timestamp": 1759812883.477661}}}
------------------------------ Captured log call -------------------------------
INFO     autoresearch.config.loader:loader.py:104 No configuration file found; using defaults
INFO     autoresearch.storage_backends:storage_backends.py:221 {"event": "VSS extension loaded successfully", "timestamp": "2025-10-07T04:54:43.035484Z"}
INFO     autoresearch.storage_utils:storage_utils.py:41 {"event": "Initializing schema version to 1", "timestamp": "2025-10-07T04:54:43.036814Z"}
INFO     autoresearch.storage_backends:storage_backends.py:415 {"event": "Current schema version: 1, latest version: 4", "timestamp": "2025-10-07T04:54:43.037233Z"}
INFO     autoresearch.storage_backends:storage_backends.py:419 {"event": "Running migrations from version 1 to 4", "timestamp": "2025-10-07T04:54:43.037320Z"}
INFO     autoresearch.storage_backends:storage_backends.py:395 {"event": "Updated schema version to 4", "timestamp": "2025-10-07T04:54:43.038098Z"}
INFO     autoresearch.storage_backends:storage_backends.py:524 {"event": "Enabling experimental persistence for HNSW indexes", "timestamp": "2025-10-07T04:54:43.038185Z"}
ERROR    autoresearch.storage_backends:storage_backends.py:597 {"event": "Failed to create HNSW index: Catalog Error: Setting with name \"hnsw_enable_experimental_persistence\" is not in the catalog, but it exists in the vss extension.\n\nPlease try installing and loading the vss extension:\nINSTALL vss;\nLOAD vss;\n\n", "timestamp": "2025-10-07T04:54:43.038378Z"}
WARNING  autoresearch.storage_backends:storage_backends.py:122 {"event": "Falling back to in-memory RDF store due to ImportError: PyO3 modules compiled for CPython 3.8 or older may only be initialized once per interpreter process", "timestamp": "2025-10-07T04:54:43.039152Z"}
INFO     autoresearch.search.core:core.py:1087 {"event": "Initialized fastembed model", "timestamp": "2025-10-07T04:54:43.039280Z"}
WARNING  autoresearch.search.core:core.py:1429 {"event": "Failed to add embeddings: 'OnnxTextEmbedding' object has no attribute 'encode'", "timestamp": "2025-10-07T04:54:43.044497Z"}
WARNING  autoresearch.search.core:core.py:1429 {"event": "Failed to add embeddings: 'OnnxTextEmbedding' object has no attribute 'encode'", "timestamp": "2025-10-07T04:54:43.044945Z"}
WARNING  autoresearch.search.core:core.py:1429 {"event": "Failed to add embeddings: 'OnnxTextEmbedding' object has no attribute 'encode'", "timestamp": "2025-10-07T04:54:43.048501Z"}
WARNING  autoresearch.search.core:core.py:1429 {"event": "Failed to add embeddings: 'OnnxTextEmbedding' object has no attribute 'encode'", "timestamp": "2025-10-07T04:54:43.048924Z"}
WARNING  autoresearch.search.core:core.py:1429 {"event": "Failed to add embeddings: 'OnnxTextEmbedding' object has no attribute 'encode'", "timestamp": "2025-10-07T04:54:43.052801Z"}
WARNING  autoresearch.search.core:core.py:1429 {"event": "Failed to add embeddings: 'OnnxTextEmbedding' object has no attribute 'encode'", "timestamp": "2025-10-07T04:54:43.053205Z"}
WARNING  autoresearch.search.core:core.py:1429 {"event": "Failed to add embeddings: 'OnnxTextEmbedding' object has no attribute 'encode'", "timestamp": "2025-10-07T04:54:43.056719Z"}
WARNING  autoresearch.search.core:core.py:1429 {"event": "Failed to add embeddings: 'OnnxTextEmbedding' object has no attribute 'encode'", "timestamp": "2025-10-07T04:54:43.066199Z"}
WARNING  autoresearch.search.core:core.py:1429 {"event": "Failed to add embeddings: 'OnnxTextEmbedding' object has no attribute 'encode'", "timestamp": "2025-10-07T04:54:43.080710Z"}
INFO     autoresearch.kg_reasoning:kg_reasoning.py:144 Starting ontology reasoning with 0 triples using owlrl
INFO     autoresearch.kg_reasoning:kg_reasoning.py:225 Completed ontology reasoning with 106 triples in 0.01 seconds
WARNING  autoresearch.search.core:core.py:1429 {"event": "Failed to add embeddings: 'OnnxTextEmbedding' object has no attribute 'encode'", "timestamp": "2025-10-07T04:54:43.095817Z"}
WARNING  autoresearch.search.core:core.py:1429 {"event": "Failed to add embeddings: 'OnnxTextEmbedding' object has no attribute 'encode'", "timestamp": "2025-10-07T04:54:43.102301Z"}
WARNING  autoresearch.search.core:core.py:1429 {"event": "Failed to add embeddings: 'OnnxTextEmbedding' object has no attribute 'encode'", "timestamp": "2025-10-07T04:54:43.102748Z"}
WARNING  autoresearch.search.core:core.py:1429 {"event": "Failed to add embeddings: 'OnnxTextEmbedding' object has no attribute 'encode'", "timestamp": "2025-10-07T04:54:43.108664Z"}
WARNING  autoresearch.search.core:core.py:1429 {"event": "Failed to add embeddings: 'OnnxTextEmbedding' object has no attribute 'encode'", "timestamp": "2025-10-07T04:54:43.109064Z"}
WARNING  autoresearch.search.core:core.py:1429 {"event": "Failed to add embeddings: 'OnnxTextEmbedding' object has no attribute 'encode'", "timestamp": "2025-10-07T04:54:43.115071Z"}
WARNING  autoresearch.search.core:core.py:1429 {"event": "Failed to add embeddings: 'OnnxTextEmbedding' object has no attribute 'encode'", "timestamp": "2025-10-07T04:54:43.115546Z"}
WARNING  autoresearch.search.core:core.py:1429 {"event": "Failed to add embeddings: 'OnnxTextEmbedding' object has no attribute 'encode'", "timestamp": "2025-10-07T04:54:43.121524Z"}
WARNING  autoresearch.search.core:core.py:1429 {"event": "Failed to add embeddings: 'OnnxTextEmbedding' object has no attribute 'encode'", "timestamp": "2025-10-07T04:54:43.122008Z"}
WARNING  autoresearch.search.core:core.py:1429 {"event": "Failed to add embeddings: 'OnnxTextEmbedding' object has no attribute 'encode'", "timestamp": "2025-10-07T04:54:43.200883Z"}
WARNING  autoresearch.search.core:core.py:1429 {"event": "Failed to add embeddings: 'OnnxTextEmbedding' object has no attribute 'encode'", "timestamp": "2025-10-07T04:54:43.201667Z"}
WARNING  autoresearch.search.core:core.py:1429 {"event": "Failed to add embeddings: 'OnnxTextEmbedding' object has no attribute 'encode'", "timestamp": "2025-10-07T04:54:43.221651Z"}
INFO     autoresearch.kg_reasoning:kg_reasoning.py:144 Starting ontology reasoning with 106 triples using owlrl
INFO     autoresearch.kg_reasoning:kg_reasoning.py:225 Completed ontology reasoning with 106 triples in 0.01 seconds
INFO     autoresearch.kg_reasoning:kg_reasoning.py:144 Starting ontology reasoning with 106 triples using owlrl
INFO     autoresearch.kg_reasoning:kg_reasoning.py:225 Completed ontology reasoning with 106 triples in 0.01 seconds
WARNING  autoresearch.search.core:core.py:1429 {"event": "Failed to add embeddings: 'OnnxTextEmbedding' object has no attribute 'encode'", "timestamp": "2025-10-07T04:54:43.327499Z"}
WARNING  autoresearch.search.core:core.py:1429 {"event": "Failed to add embeddings: 'OnnxTextEmbedding' object has no attribute 'encode'", "timestamp": "2025-10-07T04:54:43.327995Z"}
WARNING  autoresearch.search.core:core.py:1429 {"event": "Failed to add embeddings: 'OnnxTextEmbedding' object has no attribute 'encode'", "timestamp": "2025-10-07T04:54:43.334163Z"}
WARNING  autoresearch.search.core:core.py:1429 {"event": "Failed to add embeddings: 'OnnxTextEmbedding' object has no attribute 'encode'", "timestamp": "2025-10-07T04:54:43.334574Z"}
WARNING  autoresearch.search.core:core.py:1429 {"event": "Failed to add embeddings: 'OnnxTextEmbedding' object has no attribute 'encode'", "timestamp": "2025-10-07T04:54:43.340230Z"}
WARNING  autoresearch.search.core:core.py:1429 {"event": "Failed to add embeddings: 'OnnxTextEmbedding' object has no attribute 'encode'", "timestamp": "2025-10-07T04:54:43.340594Z"}
WARNING  autoresearch.search.core:core.py:1429 {"event": "Failed to add embeddings: 'OnnxTextEmbedding' object has no attribute 'encode'", "timestamp": "2025-10-07T04:54:43.346397Z"}
WARNING  autoresearch.search.core:core.py:1429 {"event": "Failed to add embeddings: 'OnnxTextEmbedding' object has no attribute 'encode'", "timestamp": "2025-10-07T04:54:43.361618Z"}
WARNING  autoresearch.search.core:core.py:1429 {"event": "Failed to add embeddings: 'OnnxTextEmbedding' object has no attribute 'encode'", "timestamp": "2025-10-07T04:54:43.383495Z"}
INFO     autoresearch.kg_reasoning:kg_reasoning.py:144 Starting ontology reasoning with 106 triples using owlrl
INFO     autoresearch.kg_reasoning:kg_reasoning.py:225 Completed ontology reasoning with 106 triples in 0.01 seconds
INFO     autoresearch.kg_reasoning:kg_reasoning.py:144 Starting ontology reasoning with 106 triples using owlrl
INFO     autoresearch.kg_reasoning:kg_reasoning.py:225 Completed ontology reasoning with 106 triples in 0.01 seconds
WARNING  autoresearch.search.core:core.py:1429 {"event": "Failed to add embeddings: 'OnnxTextEmbedding' object has no attribute 'encode'", "timestamp": "2025-10-07T04:54:43.400759Z"}
WARNING  autoresearch.search.core:core.py:1429 {"event": "Failed to add embeddings: 'OnnxTextEmbedding' object has no attribute 'encode'", "timestamp": "2025-10-07T04:54:43.406816Z"}
WARNING  autoresearch.search.core:core.py:1429 {"event": "Failed to add embeddings: 'OnnxTextEmbedding' object has no attribute 'encode'", "timestamp": "2025-10-07T04:54:43.407285Z"}
WARNING  autoresearch.search.core:core.py:1429 {"event": "Failed to add embeddings: 'OnnxTextEmbedding' object has no attribute 'encode'", "timestamp": "2025-10-07T04:54:43.413314Z"}
WARNING  autoresearch.search.core:core.py:1429 {"event": "Failed to add embeddings: 'OnnxTextEmbedding' object has no attribute 'encode'", "timestamp": "2025-10-07T04:54:43.413876Z"}
WARNING  autoresearch.search.core:core.py:1429 {"event": "Failed to add embeddings: 'OnnxTextEmbedding' object has no attribute 'encode'", "timestamp": "2025-10-07T04:54:43.420389Z"}
WARNING  autoresearch.search.core:core.py:1429 {"event": "Failed to add embeddings: 'OnnxTextEmbedding' object has no attribute 'encode'", "timestamp": "2025-10-07T04:54:43.420908Z"}
WARNING  autoresearch.search.core:core.py:1429 {"event": "Failed to add embeddings: 'OnnxTextEmbedding' object has no attribute 'encode'", "timestamp": "2025-10-07T04:54:43.427095Z"}
WARNING  autoresearch.search.core:core.py:1429 {"event": "Failed to add embeddings: 'OnnxTextEmbedding' object has no attribute 'encode'", "timestamp": "2025-10-07T04:54:43.427735Z"}
WARNING  autoresearch.search.core:core.py:1429 {"event": "Failed to add embeddings: 'OnnxTextEmbedding' object has no attribute 'encode'", "timestamp": "2025-10-07T04:54:43.441284Z"}
WARNING  autoresearch.search.core:core.py:1429 {"event": "Failed to add embeddings: 'OnnxTextEmbedding' object has no attribute 'encode'", "timestamp": "2025-10-07T04:54:43.441895Z"}
WARNING  autoresearch.search.core:core.py:1429 {"event": "Failed to add embeddings: 'OnnxTextEmbedding' object has no attribute 'encode'", "timestamp": "2025-10-07T04:54:43.462228Z"}
INFO     autoresearch.kg_reasoning:kg_reasoning.py:144 Starting ontology reasoning with 106 triples using owlrl
INFO     autoresearch.kg_reasoning:kg_reasoning.py:225 Completed ontology reasoning with 106 triples in 0.01 seconds
INFO     autoresearch.kg_reasoning:kg_reasoning.py:144 Starting ontology reasoning with 106 triples using owlrl
INFO     autoresearch.kg_reasoning:kg_reasoning.py:225 Completed ontology reasoning with 106 triples in 0.01 seconds
=============================== warnings summary ===============================
tests/unit/legacy/test_main_config_commands.py:5
  /Users/ravenoak/Projects/github.com/ravenoak/autoresearch/tests/unit/legacy/test_main_config_commands.py:5: DeprecationWarning: 'importlib.abc.Traversable' is deprecated and slated for removal in Python 3.14
    from importlib.abc import Traversable

-- Docs: https://docs.pytest.org/en/stable/how-to/capture-warnings.html
=========================== short test summary info ============================
FAILED tests/unit/legacy/test_relevance_ranking.py::test_external_lookup_uses_cache
====== 1 failed, 17 passed, 1 skipped, 980 deselected, 1 warning in 3.48s ======
